#
# There is insufficient memory for the Java Runtime Environment to continue.
# Native memory allocation (malloc) failed to allocate 2124688 bytes. Error detail: Chunk::new
# Possible reasons:
#   The system is out of physical RAM or swap space
#   This process is running with CompressedOops enabled, and the Java Heap may be blocking the growth of the native heap
# Possible solutions:
#   Reduce memory load on the system
#   Increase physical memory or swap space
#   Check if swap backing store is full
#   Decrease Java heap size (-Xmx/-Xms)
#   Decrease number of Java threads
#   Decrease Java thread stack sizes (-Xss)
#   Set larger code cache with -XX:ReservedCodeCacheSize=
#   JVM is running with Unscaled Compressed Oops mode in which the Java heap is
#     placed in the first 4GB address space. The Java Heap base address is the
#     maximum limit for the native heap growth. Please use -XX:HeapBaseMinAddress
#     to set the Java Heap base and to place the Java Heap above 4GB virtual address.
# This output file may be truncated or incomplete.
#
#  Out of Memory Error (arena.cpp:168), pid=7276, tid=19532
#
# JRE version: OpenJDK Runtime Environment Temurin-21.0.5+11 (21.0.5+11) (build 21.0.5+11-LTS)
# Java VM: OpenJDK 64-Bit Server VM Temurin-21.0.5+11 (21.0.5+11-LTS, mixed mode, sharing, tiered, compressed oops, compressed class ptrs, parallel gc, windows-amd64)
# No core dump will be written. Minidumps are not enabled by default on client versions of Windows
#

---------------  S U M M A R Y ------------

Command Line: --add-modules=ALL-SYSTEM --add-opens=java.base/java.util=ALL-UNNAMED --add-opens=java.base/java.lang=ALL-UNNAMED --add-opens=java.base/sun.nio.fs=ALL-UNNAMED -Declipse.application=org.eclipse.jdt.ls.core.id1 -Dosgi.bundles.defaultStartLevel=4 -Declipse.product=org.eclipse.jdt.ls.core.product -Djava.import.generatesMetadataFilesAtProjectRoot=false -DDetectVMInstallationsJob.disabled=true -Dfile.encoding=utf8 -XX:+UseParallelGC -XX:GCTimeRatio=4 -XX:AdaptiveSizePolicyWeight=90 -Dsun.zip.disableMemoryMapping=true -Xmx1G -Xms100m -Xlog:disable -javaagent:c:\Users\herik\.vscode\extensions\redhat.java-1.39.0-win32-x64\lombok\lombok-1.18.34.jar -XX:+HeapDumpOnOutOfMemoryError -XX:HeapDumpPath=c:\Users\herik\AppData\Roaming\Code\User\workspaceStorage\fe357c4e1896176b19ada03263e8c2cb\redhat.java -Daether.dependencyCollector.impl=bf c:\Users\herik\.vscode\extensions\redhat.java-1.39.0-win32-x64\server\plugins\org.eclipse.equinox.launcher_1.6.900.v20240613-2009.jar -configuration c:\Users\herik\AppData\Roaming\Code\User\globalStorage\redhat.java\1.39.0\config_win -data c:\Users\herik\AppData\Roaming\Code\User\workspaceStorage\fe357c4e1896176b19ada03263e8c2cb\redhat.java\jdt_ws --pipe=\\.\pipe\lsp-a61e918eb482f32b556ebc20b52a9939-sock

Host: 12th Gen Intel(R) Core(TM) i3-1215U, 8 cores, 3G,  Windows 11 , 64 bit Build 26100 (10.0.26100.6725)
Time: Sun Oct  5 12:26:14 2025 Hora oficial do Brasil elapsed time: 35.520120 seconds (0d 0h 0m 35s)

---------------  T H R E A D  ---------------

Current thread (0x000001e4fdc60c40):  JavaThread "C2 CompilerThread0" daemon [_thread_in_native, id=19532, stack(0x0000006180000000,0x0000006180100000) (1024K)]


Current CompileTask:
C2:35521 7752       4       org.eclipse.jdt.internal.compiler.util.JrtFileSystem$2::visitFile (10 bytes)

Stack: [0x0000006180000000,0x0000006180100000]
Native frames: (J=compiled Java code, j=interpreted, Vv=VM code, C=native code)
V  [jvm.dll+0x6cd4e9]
V  [jvm.dll+0x8a7941]
V  [jvm.dll+0x8a9e6e]
V  [jvm.dll+0x8aa543]
V  [jvm.dll+0x27f6d6]
V  [jvm.dll+0xc500d]
V  [jvm.dll+0xc5543]
V  [jvm.dll+0x3b660c]
V  [jvm.dll+0x382835]
V  [jvm.dll+0x381c9a]
V  [jvm.dll+0x2479d0]
V  [jvm.dll+0x246faf]
V  [jvm.dll+0x1c75ce]
V  [jvm.dll+0x25682a]
V  [jvm.dll+0x254dca]
V  [jvm.dll+0x3f00d6]
V  [jvm.dll+0x8514fb]
V  [jvm.dll+0x6cbbed]
C  [ucrtbase.dll+0x37b0]
C  [KERNEL32.DLL+0x2e8d7]
C  [ntdll.dll+0x8c53c]


---------------  P R O C E S S  ---------------

Threads class SMR info:
_java_thread_list=0x000001e4d47cc960, length=46, elements={
0x000001e4f8742010, 0x000001e4f87fcbe0, 0x000001e4fdc53fb0, 0x000001e4fdc562f0,
0x000001e4fdc59090, 0x000001e4fdc5db90, 0x000001e4fdc60200, 0x000001e4fdc60c40,
0x000001e4ff796840, 0x000001e4ff827500, 0x000001e4ffa5ac90, 0x000001e4d44cc390,
0x000001e4d46a15e0, 0x000001e4d4352db0, 0x000001e4d4553320, 0x000001e4d478a170,
0x000001e4ffa381e0, 0x000001e4d47a0920, 0x000001e4d479fc00, 0x000001e4d47a0290,
0x000001e4d47a0fb0, 0x000001e4d479eee0, 0x000001e4d479f570, 0x000001e4d47a1640,
0x000001e4d47a1cd0, 0x000001e4d7322a10, 0x000001e4d73230a0, 0x000001e4d7323730,
0x000001e4d7323dc0, 0x000001e4d7324450, 0x000001e4d7324ae0, 0x000001e4d7321660,
0x000001e4d7321cf0, 0x000001e4d7325170, 0x000001e4d7325800, 0x000001e4d7322380,
0x000001e4d7328c80, 0x000001e4d7325e90, 0x000001e4d7327f60, 0x000001e4d7326bb0,
0x000001e4d7326520, 0x000001e4d73285f0, 0x000001e4d7327240, 0x000001e4d479e850,
0x000001e4d7136600, 0x000001e4d7135250
}

Java Threads: ( => current thread )
  0x000001e4f8742010 JavaThread "main"                              [_thread_blocked, id=20740, stack(0x00000061ff600000,0x00000061ff700000) (1024K)]
  0x000001e4f87fcbe0 JavaThread "Reference Handler"          daemon [_thread_blocked, id=16632, stack(0x00000061ffa00000,0x00000061ffb00000) (1024K)]
  0x000001e4fdc53fb0 JavaThread "Finalizer"                  daemon [_thread_blocked, id=4760, stack(0x00000061ffb00000,0x00000061ffc00000) (1024K)]
  0x000001e4fdc562f0 JavaThread "Signal Dispatcher"          daemon [_thread_blocked, id=21140, stack(0x00000061ffc00000,0x00000061ffd00000) (1024K)]
  0x000001e4fdc59090 JavaThread "Attach Listener"            daemon [_thread_blocked, id=14384, stack(0x00000061ffd00000,0x00000061ffe00000) (1024K)]
  0x000001e4fdc5db90 JavaThread "Service Thread"             daemon [_thread_blocked, id=18940, stack(0x00000061ffe00000,0x00000061fff00000) (1024K)]
  0x000001e4fdc60200 JavaThread "Monitor Deflation Thread"   daemon [_thread_blocked, id=13704, stack(0x00000061fff00000,0x0000006200000000) (1024K)]
=>0x000001e4fdc60c40 JavaThread "C2 CompilerThread0"         daemon [_thread_in_native, id=19532, stack(0x0000006180000000,0x0000006180100000) (1024K)]
  0x000001e4ff796840 JavaThread "C1 CompilerThread0"         daemon [_thread_blocked, id=16956, stack(0x0000006180100000,0x0000006180200000) (1024K)]
  0x000001e4ff827500 JavaThread "Common-Cleaner"             daemon [_thread_blocked, id=21452, stack(0x0000006180200000,0x0000006180300000) (1024K)]
  0x000001e4ffa5ac90 JavaThread "Notification Thread"        daemon [_thread_blocked, id=1356, stack(0x0000006180300000,0x0000006180400000) (1024K)]
  0x000001e4d44cc390 JavaThread "Active Thread: Equinox Container: e5d16af9-508b-4c10-a47c-097c912b95cc"        [_thread_blocked, id=7052, stack(0x0000006180a00000,0x0000006180b00000) (1024K)]
  0x000001e4d46a15e0 JavaThread "Refresh Thread: Equinox Container: e5d16af9-508b-4c10-a47c-097c912b95cc" daemon [_thread_blocked, id=5508, stack(0x0000006180b00000,0x0000006180c00000) (1024K)]
  0x000001e4d4352db0 JavaThread "Framework Event Dispatcher: Equinox Container: e5d16af9-508b-4c10-a47c-097c912b95cc" daemon [_thread_blocked, id=19208, stack(0x0000006180d00000,0x0000006180e00000) (1024K)]
  0x000001e4d4553320 JavaThread "Start Level: Equinox Container: e5d16af9-508b-4c10-a47c-097c912b95cc" daemon [_thread_blocked, id=14864, stack(0x0000006180e00000,0x0000006180f00000) (1024K)]
  0x000001e4d478a170 JavaThread "Bundle File Closer"         daemon [_thread_blocked, id=16924, stack(0x0000006180f00000,0x0000006181000000) (1024K)]
  0x000001e4ffa381e0 JavaThread "SCR Component Actor"        daemon [_thread_blocked, id=19200, stack(0x0000006181000000,0x0000006181100000) (1024K)]
  0x000001e4d47a0920 JavaThread "Worker-JM"                         [_thread_blocked, id=8752, stack(0x0000006181200000,0x0000006181300000) (1024K)]
  0x000001e4d479fc00 JavaThread "JNA Cleaner"                daemon [_thread_blocked, id=21248, stack(0x0000006181100000,0x0000006181200000) (1024K)]
  0x000001e4d47a0290 JavaThread "Worker-0: Building"                [_thread_blocked, id=15096, stack(0x0000006181300000,0x0000006181400000) (1024K)]
  0x000001e4d47a0fb0 JavaThread "Worker-1"                          [_thread_blocked, id=2908, stack(0x0000006181400000,0x0000006181500000) (1024K)]
  0x000001e4d479eee0 JavaThread "Java indexing"              daemon [_thread_blocked, id=17592, stack(0x0000006181600000,0x0000006181700000) (1024K)]
  0x000001e4d479f570 JavaThread "Worker-2"                          [_thread_blocked, id=19660, stack(0x0000006181900000,0x0000006181a00000) (1024K)]
  0x000001e4d47a1640 JavaThread "Worker-3: Java indexing... "        [_thread_blocked, id=580, stack(0x0000006181a00000,0x0000006181b00000) (1024K)]
  0x000001e4d47a1cd0 JavaThread "Worker-4"                          [_thread_blocked, id=12844, stack(0x0000006181b00000,0x0000006181c00000) (1024K)]
  0x000001e4d7322a10 JavaThread "Thread-3"                   daemon [_thread_in_native, id=7076, stack(0x0000006181c00000,0x0000006181d00000) (1024K)]
  0x000001e4d73230a0 JavaThread "Thread-4"                   daemon [_thread_in_native, id=8812, stack(0x0000006181d00000,0x0000006181e00000) (1024K)]
  0x000001e4d7323730 JavaThread "Thread-5"                   daemon [_thread_in_native, id=5292, stack(0x0000006181e00000,0x0000006181f00000) (1024K)]
  0x000001e4d7323dc0 JavaThread "Thread-6"                   daemon [_thread_in_native, id=6668, stack(0x0000006181f00000,0x0000006182000000) (1024K)]
  0x000001e4d7324450 JavaThread "Thread-7"                   daemon [_thread_in_native, id=21380, stack(0x0000006182000000,0x0000006182100000) (1024K)]
  0x000001e4d7324ae0 JavaThread "Thread-8"                   daemon [_thread_in_native, id=8308, stack(0x0000006182100000,0x0000006182200000) (1024K)]
  0x000001e4d7321660 JavaThread "Thread-9"                   daemon [_thread_in_native, id=20188, stack(0x0000006182200000,0x0000006182300000) (1024K)]
  0x000001e4d7321cf0 JavaThread "Thread-10"                  daemon [_thread_in_native, id=8724, stack(0x0000006182300000,0x0000006182400000) (1024K)]
  0x000001e4d7325170 JavaThread "Thread-11"                  daemon [_thread_in_native, id=19592, stack(0x0000006182400000,0x0000006182500000) (1024K)]
  0x000001e4d7325800 JavaThread "pool-2-thread-1"                   [_thread_blocked, id=20340, stack(0x0000006182500000,0x0000006182600000) (1024K)]
  0x000001e4d7322380 JavaThread "WorkspaceEventsHandler"            [_thread_blocked, id=20908, stack(0x0000006182600000,0x0000006182700000) (1024K)]
  0x000001e4d7328c80 JavaThread "pool-1-thread-1"                   [_thread_blocked, id=21372, stack(0x0000006182700000,0x0000006182800000) (1024K)]
  0x000001e4d7325e90 JavaThread "Worker-5: Updating workspace"        [_thread_blocked, id=14968, stack(0x0000006182800000,0x0000006182900000) (1024K)]
  0x000001e4d7327f60 JavaThread "LocalFile Deleter"          daemon [_thread_blocked, id=10184, stack(0x0000006181500000,0x0000006181600000) (1024K)]
  0x000001e4d7326bb0 JavaThread "LocalFile Deleter"          daemon [_thread_blocked, id=8808, stack(0x0000006182900000,0x0000006182a00000) (1024K)]
  0x000001e4d7326520 JavaThread "LocalFile Deleter"          daemon [_thread_in_native, id=20544, stack(0x0000006182a00000,0x0000006182b00000) (1024K)]
  0x000001e4d73285f0 JavaThread "LocalFile Deleter"          daemon [_thread_blocked, id=7756, stack(0x0000006182b00000,0x0000006182c00000) (1024K)]
  0x000001e4d7327240 JavaThread "LocalFile Deleter"          daemon [_thread_blocked, id=8600, stack(0x0000006182c00000,0x0000006182d00000) (1024K)]
  0x000001e4d479e850 JavaThread "LocalFile Deleter"          daemon [_thread_blocked, id=21060, stack(0x0000006182d00000,0x0000006182e00000) (1024K)]
  0x000001e4d7136600 JavaThread "LocalFile Deleter"          daemon [_thread_blocked, id=20416, stack(0x0000006182e00000,0x0000006182f00000) (1024K)]
  0x000001e4d7135250 JavaThread "LocalFile Deleter"          daemon [_thread_blocked, id=20596, stack(0x0000006182f00000,0x0000006183000000) (1024K)]
Total: 46

Other Threads:
  0x000001e4f87df3c0 VMThread "VM Thread"                           [id=21484, stack(0x00000061ff900000,0x00000061ffa00000) (1024K)]
  0x000001e4fdb6c210 WatcherThread "VM Periodic Task Thread"        [id=21272, stack(0x00000061ff800000,0x00000061ff900000) (1024K)]
  0x000001e4f8760a00 WorkerThread "GC Thread#0"                     [id=17832, stack(0x00000061ff700000,0x00000061ff800000) (1024K)]
  0x000001e4d40895e0 WorkerThread "GC Thread#1"                     [id=10588, stack(0x0000006180400000,0x0000006180500000) (1024K)]
  0x000001e4d4089980 WorkerThread "GC Thread#2"                     [id=11628, stack(0x0000006180500000,0x0000006180600000) (1024K)]
  0x000001e4d4089d20 WorkerThread "GC Thread#3"                     [id=7032, stack(0x0000006180600000,0x0000006180700000) (1024K)]
  0x000001e4ffa7a000 WorkerThread "GC Thread#4"                     [id=12788, stack(0x0000006180700000,0x0000006180800000) (1024K)]
  0x000001e4ffa7a3a0 WorkerThread "GC Thread#5"                     [id=5124, stack(0x0000006180800000,0x0000006180900000) (1024K)]
  0x000001e4ffa7a740 WorkerThread "GC Thread#6"                     [id=17260, stack(0x0000006180900000,0x0000006180a00000) (1024K)]
  0x000001e4d434e2f0 WorkerThread "GC Thread#7"                     [id=20664, stack(0x0000006180c00000,0x0000006180d00000) (1024K)]
Total: 10

Threads with active compile tasks:
C2 CompilerThread0  35596 7752       4       org.eclipse.jdt.internal.compiler.util.JrtFileSystem$2::visitFile (10 bytes)
Total: 1

VM state: not at safepoint (normal execution)

VM Mutex/Monitor currently owned by a thread: None

Heap address: 0x00000000c0000000, size: 1024 MB, Compressed Oops mode: 32-bit

CDS archive(s) mapped at: [0x000001e48f000000-0x000001e48fba0000-0x000001e48fba0000), size 12189696, SharedBaseAddress: 0x000001e48f000000, ArchiveRelocationMode: 1.
Compressed class space mapped at: 0x000001e490000000-0x000001e4d0000000, reserved size: 1073741824
Narrow klass base: 0x000001e48f000000, Narrow klass shift: 0, Narrow klass range: 0x100000000

GC Precious Log:
 CardTable entry size: 512
 CPUs: 8 total, 8 available
 Memory: 3797M
 Large Page Support: Disabled
 NUMA Support: Disabled
 Compressed Oops: Enabled (32-bit)
 Alignments: Space 512K, Generation 512K, Heap 2M
 Heap Min Capacity: 100M
 Heap Initial Capacity: 100M
 Heap Max Capacity: 1G
 Pre-touch: Disabled
 Parallel Workers: 8

Heap:
 PSYoungGen      total 8192K, used 1856K [0x00000000eab00000, 0x00000000eb480000, 0x0000000100000000)
  eden space 6656K, 8% used [0x00000000eab00000,0x00000000eab90050,0x00000000eb180000)
  from space 1536K, 83% used [0x00000000eb300000,0x00000000eb440250,0x00000000eb480000)
  to   space 1536K, 0% used [0x00000000eb180000,0x00000000eb180000,0x00000000eb300000)
 ParOldGen       total 176640K, used 176232K [0x00000000c0000000, 0x00000000cac80000, 0x00000000eab00000)
  object space 176640K, 99% used [0x00000000c0000000,0x00000000cac1a028,0x00000000cac80000)
 Metaspace       used 49400K, committed 50560K, reserved 1114112K
  class space    used 5169K, committed 5696K, reserved 1048576K

Card table byte_map: [0x000001e4f80e0000,0x000001e4f82f0000] _byte_map_base: 0x000001e4f7ae0000

Marking Bits: (ParMarkBitMap*) 0x00007ffc107c2250
 Begin Bits: [0x000001e4fba90000, 0x000001e4fca90000)
 End Bits:   [0x000001e4fca90000, 0x000001e4fda90000)

Polling page: 0x000001e4f6650000

Metaspace:

Usage:
  Non-class:     43.19 MB used.
      Class:      5.05 MB used.
       Both:     48.24 MB used.

Virtual space:
  Non-class space:       64.00 MB reserved,      43.81 MB ( 68%) committed,  1 nodes.
      Class space:        1.00 GB reserved,       5.56 MB ( <1%) committed,  1 nodes.
             Both:        1.06 GB reserved,      49.38 MB (  5%) committed. 

Chunk freelists:
   Non-Class:  4.08 MB
       Class:  10.38 MB
        Both:  14.46 MB

MaxMetaspaceSize: unlimited
CompressedClassSpaceSize: 1.00 GB
Initial GC threshold: 21.00 MB
Current GC threshold: 58.38 MB
CDS: on
 - commit_granule_bytes: 65536.
 - commit_granule_words: 8192.
 - virtual_space_node_default_size: 8388608.
 - enlarge_chunks_in_place: 1.
 - use_allocation_guard: 0.


Internal statistics:

num_allocs_failed_limit: 6.
num_arena_births: 964.
num_arena_deaths: 14.
num_vsnodes_births: 2.
num_vsnodes_deaths: 0.
num_space_committed: 790.
num_space_uncommitted: 0.
num_chunks_returned_to_freelist: 20.
num_chunks_taken_from_freelist: 3250.
num_chunk_merges: 12.
num_chunk_splits: 1993.
num_chunks_enlarged: 1097.
num_inconsistent_stats: 0.

CodeHeap 'non-profiled nmethods': size=120000Kb used=3959Kb max_used=3959Kb free=116040Kb
 bounds [0x000001e487ad0000, 0x000001e487eb0000, 0x000001e48f000000]
CodeHeap 'profiled nmethods': size=120000Kb used=14757Kb max_used=14757Kb free=105242Kb
 bounds [0x000001e480000000, 0x000001e480e70000, 0x000001e487530000]
CodeHeap 'non-nmethods': size=5760Kb used=1385Kb max_used=1445Kb free=4374Kb
 bounds [0x000001e487530000, 0x000001e4877a0000, 0x000001e487ad0000]
 total_blobs=7798 nmethods=7111 adapters=593
 compilation: enabled
              stopped_count=0, restarted_count=0
 full_count=0

Compilation events (20 events):
Event: 34.848 Thread 0x000001e4fdc60c40 nmethod 7750 0x000001e487e9ad10 code [0x000001e487e9aee0, 0x000001e487e9b518]
Event: 34.848 Thread 0x000001e4fdc60c40 7751       4       org.eclipse.jdt.internal.compiler.classfmt.InnerClassInfo::<init> (55 bytes)
Event: 34.849 Thread 0x000001e4fdc60c40 nmethod 7751 0x000001e487e9b810 code [0x000001e487e9b9a0, 0x000001e487e9bb20]
Event: 34.849 Thread 0x000001e4fdc60c40 7748       4       jdk.internal.jimage.ImageReader$SharedImageReader$$Lambda/0x000001e490481458::visit (13 bytes)
Event: 34.940 Thread 0x000001e4fdc60c40 nmethod 7748 0x000001e487e9bc90 code [0x000001e487e9c1a0, 0x000001e487e9f610]
Event: 34.941 Thread 0x000001e4fdc60c40 7757       4       java.lang.String::<init> (7 bytes)
Event: 34.948 Thread 0x000001e4fdc60c40 nmethod 7757 0x000001e487ea1a10 code [0x000001e487ea1be0, 0x000001e487ea2168]
Event: 34.948 Thread 0x000001e4fdc60c40 7754       4       jdk.internal.jrtfs.JrtPath::getName (6 bytes)
Event: 34.976 Thread 0x000001e4fdc60c40 nmethod 7754 0x000001e487ea2410 code [0x000001e487ea2700, 0x000001e487ea3c38]
Event: 34.976 Thread 0x000001e4fdc60c40 7755       4       jdk.internal.jrtfs.JrtPath::getName (116 bytes)
Event: 35.005 Thread 0x000001e4fdc60c40 nmethod 7755 0x000001e487ea4b90 code [0x000001e487ea4e80, 0x000001e487ea63b8]
Event: 35.005 Thread 0x000001e4fdc60c40 7756       4       jdk.internal.jimage.ImageLocation::readFrom (26 bytes)
Event: 35.018 Thread 0x000001e4fdc60c40 nmethod 7756 0x000001e487ea7310 code [0x000001e487ea74e0, 0x000001e487ea79d8]
Event: 35.018 Thread 0x000001e4fdc60c40 7744       4       java.lang.StringConcatHelper::coder (15 bytes)
Event: 35.018 Thread 0x000001e4fdc60c40 nmethod 7744 0x000001e487ea7e90 code [0x000001e487ea8020, 0x000001e487ea80a8]
Event: 35.018 Thread 0x000001e4fdc60c40 7749       4       jdk.internal.jimage.ImageReader$SharedImageReader::lambda$handleModulesSubTree$1 (58 bytes)
Event: 35.108 Thread 0x000001e4fdc60c40 nmethod 7749 0x000001e487ea8190 code [0x000001e487ea86a0, 0x000001e487eab998]
Event: 35.109 Thread 0x000001e4fdc60c40 7752       4       org.eclipse.jdt.internal.compiler.util.JrtFileSystem$2::visitFile (10 bytes)
Event: 35.298 Thread 0x000001e4ff796840 7760       3       org.eclipse.jdt.core.Signature::createCharArrayTypeSignature (102 bytes)
Event: 35.299 Thread 0x000001e4ff796840 nmethod 7760 0x000001e480e68410 code [0x000001e480e686a0, 0x000001e480e69230]

GC Heap History (20 events):
Event: 34.985 GC heap before
{Heap before GC invocations=120 (full 2):
 PSYoungGen      total 8192K, used 7872K [0x00000000eab00000, 0x00000000eb480000, 0x0000000100000000)
  eden space 6656K, 100% used [0x00000000eab00000,0x00000000eb180000,0x00000000eb180000)
  from space 1536K, 79% used [0x00000000eb180000,0x00000000eb2b0000,0x00000000eb300000)
  to   space 1536K, 0% used [0x00000000eb300000,0x00000000eb300000,0x00000000eb480000)
 ParOldGen       total 162304K, used 161845K [0x00000000c0000000, 0x00000000c9e80000, 0x00000000eab00000)
  object space 162304K, 99% used [0x00000000c0000000,0x00000000c9e0d6d0,0x00000000c9e80000)
 Metaspace       used 49400K, committed 50560K, reserved 1114112K
  class space    used 5169K, committed 5696K, reserved 1048576K
}
Event: 34.987 GC heap after
{Heap after GC invocations=120 (full 2):
 PSYoungGen      total 8192K, used 1206K [0x00000000eab00000, 0x00000000eb480000, 0x0000000100000000)
  eden space 6656K, 0% used [0x00000000eab00000,0x00000000eab00000,0x00000000eb180000)
  from space 1536K, 78% used [0x00000000eb300000,0x00000000eb42d970,0x00000000eb480000)
  to   space 1536K, 0% used [0x00000000eb180000,0x00000000eb180000,0x00000000eb300000)
 ParOldGen       total 163328K, used 162933K [0x00000000c0000000, 0x00000000c9f80000, 0x00000000eab00000)
  object space 163328K, 99% used [0x00000000c0000000,0x00000000c9f1d578,0x00000000c9f80000)
 Metaspace       used 49400K, committed 50560K, reserved 1114112K
  class space    used 5169K, committed 5696K, reserved 1048576K
}
Event: 35.030 GC heap before
{Heap before GC invocations=121 (full 2):
 PSYoungGen      total 8192K, used 7862K [0x00000000eab00000, 0x00000000eb480000, 0x0000000100000000)
  eden space 6656K, 100% used [0x00000000eab00000,0x00000000eb180000,0x00000000eb180000)
  from space 1536K, 78% used [0x00000000eb300000,0x00000000eb42d970,0x00000000eb480000)
  to   space 1536K, 0% used [0x00000000eb180000,0x00000000eb180000,0x00000000eb300000)
 ParOldGen       total 163328K, used 162933K [0x00000000c0000000, 0x00000000c9f80000, 0x00000000eab00000)
  object space 163328K, 99% used [0x00000000c0000000,0x00000000c9f1d578,0x00000000c9f80000)
 Metaspace       used 49400K, committed 50560K, reserved 1114112K
  class space    used 5169K, committed 5696K, reserved 1048576K
}
Event: 35.032 GC heap after
{Heap after GC invocations=121 (full 2):
 PSYoungGen      total 8192K, used 1265K [0x00000000eab00000, 0x00000000eb480000, 0x0000000100000000)
  eden space 6656K, 0% used [0x00000000eab00000,0x00000000eab00000,0x00000000eb180000)
  from space 1536K, 82% used [0x00000000eb180000,0x00000000eb2bc750,0x00000000eb300000)
  to   space 1536K, 0% used [0x00000000eb300000,0x00000000eb300000,0x00000000eb480000)
 ParOldGen       total 164352K, used 163997K [0x00000000c0000000, 0x00000000ca080000, 0x00000000eab00000)
  object space 164352K, 99% used [0x00000000c0000000,0x00000000ca027780,0x00000000ca080000)
 Metaspace       used 49400K, committed 50560K, reserved 1114112K
  class space    used 5169K, committed 5696K, reserved 1048576K
}
Event: 35.072 GC heap before
{Heap before GC invocations=122 (full 2):
 PSYoungGen      total 8192K, used 7921K [0x00000000eab00000, 0x00000000eb480000, 0x0000000100000000)
  eden space 6656K, 100% used [0x00000000eab00000,0x00000000eb180000,0x00000000eb180000)
  from space 1536K, 82% used [0x00000000eb180000,0x00000000eb2bc750,0x00000000eb300000)
  to   space 1536K, 0% used [0x00000000eb300000,0x00000000eb300000,0x00000000eb480000)
 ParOldGen       total 164352K, used 163997K [0x00000000c0000000, 0x00000000ca080000, 0x00000000eab00000)
  object space 164352K, 99% used [0x00000000c0000000,0x00000000ca027780,0x00000000ca080000)
 Metaspace       used 49400K, committed 50560K, reserved 1114112K
  class space    used 5169K, committed 5696K, reserved 1048576K
}
Event: 35.074 GC heap after
{Heap after GC invocations=122 (full 2):
 PSYoungGen      total 8192K, used 1257K [0x00000000eab00000, 0x00000000eb480000, 0x0000000100000000)
  eden space 6656K, 0% used [0x00000000eab00000,0x00000000eab00000,0x00000000eb180000)
  from space 1536K, 81% used [0x00000000eb300000,0x00000000eb43a498,0x00000000eb480000)
  to   space 1536K, 0% used [0x00000000eb180000,0x00000000eb180000,0x00000000eb300000)
 ParOldGen       total 165376K, used 165109K [0x00000000c0000000, 0x00000000ca180000, 0x00000000eab00000)
  object space 165376K, 99% used [0x00000000c0000000,0x00000000ca13d4f8,0x00000000ca180000)
 Metaspace       used 49400K, committed 50560K, reserved 1114112K
  class space    used 5169K, committed 5696K, reserved 1048576K
}
Event: 35.104 GC heap before
{Heap before GC invocations=123 (full 2):
 PSYoungGen      total 8192K, used 7913K [0x00000000eab00000, 0x00000000eb480000, 0x0000000100000000)
  eden space 6656K, 100% used [0x00000000eab00000,0x00000000eb180000,0x00000000eb180000)
  from space 1536K, 81% used [0x00000000eb300000,0x00000000eb43a498,0x00000000eb480000)
  to   space 1536K, 0% used [0x00000000eb180000,0x00000000eb180000,0x00000000eb300000)
 ParOldGen       total 165376K, used 165109K [0x00000000c0000000, 0x00000000ca180000, 0x00000000eab00000)
  object space 165376K, 99% used [0x00000000c0000000,0x00000000ca13d4f8,0x00000000ca180000)
 Metaspace       used 49400K, committed 50560K, reserved 1114112K
  class space    used 5169K, committed 5696K, reserved 1048576K
}
Event: 35.107 GC heap after
{Heap after GC invocations=123 (full 2):
 PSYoungGen      total 8192K, used 1313K [0x00000000eab00000, 0x00000000eb480000, 0x0000000100000000)
  eden space 6656K, 0% used [0x00000000eab00000,0x00000000eab00000,0x00000000eb180000)
  from space 1536K, 85% used [0x00000000eb180000,0x00000000eb2c85f0,0x00000000eb300000)
  to   space 1536K, 0% used [0x00000000eb300000,0x00000000eb300000,0x00000000eb480000)
 ParOldGen       total 166400K, used 166227K [0x00000000c0000000, 0x00000000ca280000, 0x00000000eab00000)
  object space 166400K, 99% used [0x00000000c0000000,0x00000000ca254f78,0x00000000ca280000)
 Metaspace       used 49400K, committed 50560K, reserved 1114112K
  class space    used 5169K, committed 5696K, reserved 1048576K
}
Event: 35.138 GC heap before
{Heap before GC invocations=124 (full 2):
 PSYoungGen      total 8192K, used 7969K [0x00000000eab00000, 0x00000000eb480000, 0x0000000100000000)
  eden space 6656K, 100% used [0x00000000eab00000,0x00000000eb180000,0x00000000eb180000)
  from space 1536K, 85% used [0x00000000eb180000,0x00000000eb2c85f0,0x00000000eb300000)
  to   space 1536K, 0% used [0x00000000eb300000,0x00000000eb300000,0x00000000eb480000)
 ParOldGen       total 166400K, used 166227K [0x00000000c0000000, 0x00000000ca280000, 0x00000000eab00000)
  object space 166400K, 99% used [0x00000000c0000000,0x00000000ca254f78,0x00000000ca280000)
 Metaspace       used 49400K, committed 50560K, reserved 1114112K
  class space    used 5169K, committed 5696K, reserved 1048576K
}
Event: 35.140 GC heap after
{Heap after GC invocations=124 (full 2):
 PSYoungGen      total 8192K, used 1206K [0x00000000eab00000, 0x00000000eb480000, 0x0000000100000000)
  eden space 6656K, 0% used [0x00000000eab00000,0x00000000eab00000,0x00000000eb180000)
  from space 1536K, 78% used [0x00000000eb300000,0x00000000eb42dbd0,0x00000000eb480000)
  to   space 1536K, 0% used [0x00000000eb180000,0x00000000eb180000,0x00000000eb300000)
 ParOldGen       total 167424K, used 167405K [0x00000000c0000000, 0x00000000ca380000, 0x00000000eab00000)
  object space 167424K, 99% used [0x00000000c0000000,0x00000000ca37b500,0x00000000ca380000)
 Metaspace       used 49400K, committed 50560K, reserved 1114112K
  class space    used 5169K, committed 5696K, reserved 1048576K
}
Event: 35.178 GC heap before
{Heap before GC invocations=125 (full 2):
 PSYoungGen      total 8192K, used 7862K [0x00000000eab00000, 0x00000000eb480000, 0x0000000100000000)
  eden space 6656K, 100% used [0x00000000eab00000,0x00000000eb180000,0x00000000eb180000)
  from space 1536K, 78% used [0x00000000eb300000,0x00000000eb42dbd0,0x00000000eb480000)
  to   space 1536K, 0% used [0x00000000eb180000,0x00000000eb180000,0x00000000eb300000)
 ParOldGen       total 167424K, used 167405K [0x00000000c0000000, 0x00000000ca380000, 0x00000000eab00000)
  object space 167424K, 99% used [0x00000000c0000000,0x00000000ca37b500,0x00000000ca380000)
 Metaspace       used 49400K, committed 50560K, reserved 1114112K
  class space    used 5169K, committed 5696K, reserved 1048576K
}
Event: 35.180 GC heap after
{Heap after GC invocations=125 (full 2):
 PSYoungGen      total 8192K, used 1078K [0x00000000eab00000, 0x00000000eb480000, 0x0000000100000000)
  eden space 6656K, 0% used [0x00000000eab00000,0x00000000eab00000,0x00000000eb180000)
  from space 1536K, 70% used [0x00000000eb180000,0x00000000eb28d960,0x00000000eb300000)
  to   space 1536K, 0% used [0x00000000eb300000,0x00000000eb300000,0x00000000eb480000)
 ParOldGen       total 168960K, used 168491K [0x00000000c0000000, 0x00000000ca500000, 0x00000000eab00000)
  object space 168960K, 99% used [0x00000000c0000000,0x00000000ca48afa0,0x00000000ca500000)
 Metaspace       used 49400K, committed 50560K, reserved 1114112K
  class space    used 5169K, committed 5696K, reserved 1048576K
}
Event: 35.233 GC heap before
{Heap before GC invocations=126 (full 2):
 PSYoungGen      total 8192K, used 7734K [0x00000000eab00000, 0x00000000eb480000, 0x0000000100000000)
  eden space 6656K, 100% used [0x00000000eab00000,0x00000000eb180000,0x00000000eb180000)
  from space 1536K, 70% used [0x00000000eb180000,0x00000000eb28d960,0x00000000eb300000)
  to   space 1536K, 0% used [0x00000000eb300000,0x00000000eb300000,0x00000000eb480000)
 ParOldGen       total 168960K, used 168491K [0x00000000c0000000, 0x00000000ca500000, 0x00000000eab00000)
  object space 168960K, 99% used [0x00000000c0000000,0x00000000ca48afa0,0x00000000ca500000)
 Metaspace       used 49400K, committed 50560K, reserved 1114112K
  class space    used 5169K, committed 5696K, reserved 1048576K
}
Event: 35.236 GC heap after
{Heap after GC invocations=126 (full 2):
 PSYoungGen      total 8192K, used 1250K [0x00000000eab00000, 0x00000000eb480000, 0x0000000100000000)
  eden space 6656K, 0% used [0x00000000eab00000,0x00000000eab00000,0x00000000eb180000)
  from space 1536K, 81% used [0x00000000eb300000,0x00000000eb4388c0,0x00000000eb480000)
  to   space 1536K, 0% used [0x00000000eb180000,0x00000000eb180000,0x00000000eb300000)
 ParOldGen       total 169472K, used 169450K [0x00000000c0000000, 0x00000000ca580000, 0x00000000eab00000)
  object space 169472K, 99% used [0x00000000c0000000,0x00000000ca57ab38,0x00000000ca580000)
 Metaspace       used 49400K, committed 50560K, reserved 1114112K
  class space    used 5169K, committed 5696K, reserved 1048576K
}
Event: 35.279 GC heap before
{Heap before GC invocations=127 (full 2):
 PSYoungGen      total 8192K, used 7906K [0x00000000eab00000, 0x00000000eb480000, 0x0000000100000000)
  eden space 6656K, 100% used [0x00000000eab00000,0x00000000eb180000,0x00000000eb180000)
  from space 1536K, 81% used [0x00000000eb300000,0x00000000eb4388c0,0x00000000eb480000)
  to   space 1536K, 0% used [0x00000000eb180000,0x00000000eb180000,0x00000000eb300000)
 ParOldGen       total 169472K, used 169450K [0x00000000c0000000, 0x00000000ca580000, 0x00000000eab00000)
  object space 169472K, 99% used [0x00000000c0000000,0x00000000ca57ab38,0x00000000ca580000)
 Metaspace       used 49400K, committed 50560K, reserved 1114112K
  class space    used 5169K, committed 5696K, reserved 1048576K
}
Event: 35.281 GC heap after
{Heap after GC invocations=127 (full 2):
 PSYoungGen      total 8192K, used 1196K [0x00000000eab00000, 0x00000000eb480000, 0x0000000100000000)
  eden space 6656K, 0% used [0x00000000eab00000,0x00000000eab00000,0x00000000eb180000)
  from space 1536K, 77% used [0x00000000eb180000,0x00000000eb2ab080,0x00000000eb300000)
  to   space 1536K, 0% used [0x00000000eb300000,0x00000000eb300000,0x00000000eb480000)
 ParOldGen       total 171008K, used 170545K [0x00000000c0000000, 0x00000000ca700000, 0x00000000eab00000)
  object space 171008K, 99% used [0x00000000c0000000,0x00000000ca68c6b0,0x00000000ca700000)
 Metaspace       used 49400K, committed 50560K, reserved 1114112K
  class space    used 5169K, committed 5696K, reserved 1048576K
}
Event: 35.331 GC heap before
{Heap before GC invocations=128 (full 2):
 PSYoungGen      total 8192K, used 7852K [0x00000000eab00000, 0x00000000eb480000, 0x0000000100000000)
  eden space 6656K, 100% used [0x00000000eab00000,0x00000000eb180000,0x00000000eb180000)
  from space 1536K, 77% used [0x00000000eb180000,0x00000000eb2ab080,0x00000000eb300000)
  to   space 1536K, 0% used [0x00000000eb300000,0x00000000eb300000,0x00000000eb480000)
 ParOldGen       total 171008K, used 170545K [0x00000000c0000000, 0x00000000ca700000, 0x00000000eab00000)
  object space 171008K, 99% used [0x00000000c0000000,0x00000000ca68c6b0,0x00000000ca700000)
 Metaspace       used 49400K, committed 50560K, reserved 1114112K
  class space    used 5169K, committed 5696K, reserved 1048576K
}
Event: 35.334 GC heap after
{Heap after GC invocations=128 (full 2):
 PSYoungGen      total 8192K, used 1284K [0x00000000eab00000, 0x00000000eb480000, 0x0000000100000000)
  eden space 6656K, 0% used [0x00000000eab00000,0x00000000eab00000,0x00000000eb180000)
  from space 1536K, 83% used [0x00000000eb300000,0x00000000eb441298,0x00000000eb480000)
  to   space 1536K, 0% used [0x00000000eb180000,0x00000000eb180000,0x00000000eb300000)
 ParOldGen       total 172032K, used 171608K [0x00000000c0000000, 0x00000000ca800000, 0x00000000eab00000)
  object space 172032K, 99% used [0x00000000c0000000,0x00000000ca796178,0x00000000ca800000)
 Metaspace       used 49400K, committed 50560K, reserved 1114112K
  class space    used 5169K, committed 5696K, reserved 1048576K
}
Event: 35.385 GC heap before
{Heap before GC invocations=129 (full 2):
 PSYoungGen      total 8192K, used 7940K [0x00000000eab00000, 0x00000000eb480000, 0x0000000100000000)
  eden space 6656K, 100% used [0x00000000eab00000,0x00000000eb180000,0x00000000eb180000)
  from space 1536K, 83% used [0x00000000eb300000,0x00000000eb441298,0x00000000eb480000)
  to   space 1536K, 0% used [0x00000000eb180000,0x00000000eb180000,0x00000000eb300000)
 ParOldGen       total 172032K, used 171608K [0x00000000c0000000, 0x00000000ca800000, 0x00000000eab00000)
  object space 172032K, 99% used [0x00000000c0000000,0x00000000ca796178,0x00000000ca800000)
 Metaspace       used 49400K, committed 50560K, reserved 1114112K
  class space    used 5169K, committed 5696K, reserved 1048576K
}
Event: 35.387 GC heap after
{Heap after GC invocations=129 (full 2):
 PSYoungGen      total 8192K, used 1267K [0x00000000eab00000, 0x00000000eb480000, 0x0000000100000000)
  eden space 6656K, 0% used [0x00000000eab00000,0x00000000eab00000,0x00000000eb180000)
  from space 1536K, 82% used [0x00000000eb180000,0x00000000eb2bcf08,0x00000000eb300000)
  to   space 1536K, 0% used [0x00000000eb300000,0x00000000eb300000,0x00000000eb480000)
 ParOldGen       total 173056K, used 172815K [0x00000000c0000000, 0x00000000ca900000, 0x00000000eab00000)
  object space 173056K, 99% used [0x00000000c0000000,0x00000000ca8c3c98,0x00000000ca900000)
 Metaspace       used 49400K, committed 50560K, reserved 1114112K
  class space    used 5169K, committed 5696K, reserved 1048576K
}

Dll operation events (10 events):
Event: 0.311 Loaded shared library c:\Users\herik\.vscode\extensions\redhat.java-1.39.0-win32-x64\jre\21.0.5-win32-x86_64\bin\java.dll
Event: 0.877 Loaded shared library c:\Users\herik\.vscode\extensions\redhat.java-1.39.0-win32-x64\jre\21.0.5-win32-x86_64\bin\zip.dll
Event: 0.941 Loaded shared library C:\Users\herik\.vscode\extensions\redhat.java-1.39.0-win32-x64\jre\21.0.5-win32-x86_64\bin\instrument.dll
Event: 0.955 Loaded shared library C:\Users\herik\.vscode\extensions\redhat.java-1.39.0-win32-x64\jre\21.0.5-win32-x86_64\bin\net.dll
Event: 0.983 Loaded shared library C:\Users\herik\.vscode\extensions\redhat.java-1.39.0-win32-x64\jre\21.0.5-win32-x86_64\bin\nio.dll
Event: 0.991 Loaded shared library C:\Users\herik\.vscode\extensions\redhat.java-1.39.0-win32-x64\jre\21.0.5-win32-x86_64\bin\zip.dll
Event: 1.050 Loaded shared library C:\Users\herik\.vscode\extensions\redhat.java-1.39.0-win32-x64\jre\21.0.5-win32-x86_64\bin\jimage.dll
Event: 1.501 Loaded shared library c:\Users\herik\.vscode\extensions\redhat.java-1.39.0-win32-x64\jre\21.0.5-win32-x86_64\bin\verify.dll
Event: 6.721 Loaded shared library C:\Users\herik\AppData\Roaming\Code\User\globalStorage\redhat.java\1.39.0\config_win\org.eclipse.equinox.launcher\org.eclipse.equinox.launcher.win32.win32.x86_64_1.2.1100.v20240722-2106\eclipse_11904.dll
Event: 23.700 Loaded shared library C:\Users\herik\AppData\Local\Temp\jna-99167991\jna13782143497737159288.dll

Deoptimization events (20 events):
Event: 34.573 Thread 0x000001e4d479eee0 DEOPT PACKING pc=0x000001e480b1376a sp=0x00000061816fe5f0
Event: 34.573 Thread 0x000001e4d479eee0 DEOPT UNPACKING pc=0x000001e487584242 sp=0x00000061816fda78 mode 0
Event: 34.599 Thread 0x000001e4d479eee0 Uncommon trap: trap_request=0xffffff6e fr.pc=0x000001e487e8a820 relative=0x0000000000000360
Event: 34.599 Thread 0x000001e4d479eee0 Uncommon trap: reason=loop_limit_check action=maybe_recompile pc=0x000001e487e8a820 method=org.eclipse.jdt.core.compiler.CharOperation.concatWith([[CC)[C @ 121 c2
Event: 34.599 Thread 0x000001e4d479eee0 DEOPT PACKING pc=0x000001e487e8a820 sp=0x00000061816fe610
Event: 34.599 Thread 0x000001e4d479eee0 DEOPT UNPACKING pc=0x000001e487583aa2 sp=0x00000061816fe5c0 mode 2
Event: 34.714 Thread 0x000001e4d479eee0 DEOPT PACKING pc=0x000001e480b1376a sp=0x00000061816fe5f0
Event: 34.714 Thread 0x000001e4d479eee0 DEOPT UNPACKING pc=0x000001e487584242 sp=0x00000061816fda78 mode 0
Event: 34.827 Thread 0x000001e4d479eee0 DEOPT PACKING pc=0x000001e480b1376a sp=0x00000061816fe750
Event: 34.827 Thread 0x000001e4d479eee0 DEOPT UNPACKING pc=0x000001e487584242 sp=0x00000061816fdbd8 mode 0
Event: 34.915 Thread 0x000001e4d479eee0 DEOPT PACKING pc=0x000001e480b1376a sp=0x00000061816fe5f0
Event: 34.915 Thread 0x000001e4d479eee0 DEOPT UNPACKING pc=0x000001e487584242 sp=0x00000061816fda78 mode 0
Event: 34.998 Thread 0x000001e4d479eee0 DEOPT PACKING pc=0x000001e480b1376a sp=0x00000061816fe5f0
Event: 34.998 Thread 0x000001e4d479eee0 DEOPT UNPACKING pc=0x000001e487584242 sp=0x00000061816fda78 mode 0
Event: 35.088 Thread 0x000001e4d479eee0 DEOPT PACKING pc=0x000001e480b1376a sp=0x00000061816fe750
Event: 35.088 Thread 0x000001e4d479eee0 DEOPT UNPACKING pc=0x000001e487584242 sp=0x00000061816fdbd8 mode 0
Event: 35.123 Thread 0x000001e4d479eee0 DEOPT PACKING pc=0x000001e480b1376a sp=0x00000061816fe5f0
Event: 35.123 Thread 0x000001e4d479eee0 DEOPT UNPACKING pc=0x000001e487584242 sp=0x00000061816fda78 mode 0
Event: 35.320 Thread 0x000001e4d479eee0 DEOPT PACKING pc=0x000001e480b1376a sp=0x00000061816fe5f0
Event: 35.320 Thread 0x000001e4d479eee0 DEOPT UNPACKING pc=0x000001e487584242 sp=0x00000061816fda78 mode 0

Classes loaded (20 events):
Event: 29.558 Loading class java/util/stream/MatchOps$MatchOp
Event: 29.558 Loading class java/util/stream/MatchOps$MatchOp done
Event: 29.558 Loading class java/util/stream/MatchOps$BooleanTerminalSink
Event: 29.558 Loading class java/util/stream/MatchOps$BooleanTerminalSink done
Event: 29.559 Loading class java/util/stream/MatchOps$1MatchSink
Event: 29.559 Loading class java/util/stream/MatchOps$1MatchSink done
Event: 29.752 Loading class java/nio/file/attribute/PosixFileAttributes
Event: 29.752 Loading class java/nio/file/attribute/PosixFileAttributes done
Event: 29.769 Loading class java/nio/file/attribute/PosixFileAttributeView
Event: 29.769 Loading class java/nio/file/attribute/PosixFileAttributeView done
Event: 29.855 Loading class java/nio/file/DirectoryIteratorException
Event: 29.855 Loading class java/nio/file/DirectoryIteratorException done
Event: 29.862 Loading class java/time/DateTimeException
Event: 29.862 Loading class java/time/DateTimeException done
Event: 29.862 Loading class java/util/regex/PatternSyntaxException
Event: 29.862 Loading class java/util/regex/PatternSyntaxException done
Event: 30.329 Loading class java/util/concurrent/ForkJoinTask$AdaptedCallable
Event: 30.330 Loading class java/util/concurrent/ForkJoinTask$AdaptedCallable done
Event: 34.836 Loading class java/util/ArrayDeque$DeqSpliterator
Event: 34.839 Loading class java/util/ArrayDeque$DeqSpliterator done

Classes unloaded (7 events):
Event: 24.932 Thread 0x000001e4f87df3c0 Unloading class 0x000001e4901a1400 'java/lang/invoke/LambdaForm$MH+0x000001e4901a1400'
Event: 24.933 Thread 0x000001e4f87df3c0 Unloading class 0x000001e4901a1000 'java/lang/invoke/LambdaForm$MH+0x000001e4901a1000'
Event: 24.933 Thread 0x000001e4f87df3c0 Unloading class 0x000001e4901a0c00 'java/lang/invoke/LambdaForm$MH+0x000001e4901a0c00'
Event: 24.933 Thread 0x000001e4f87df3c0 Unloading class 0x000001e4901a0800 'java/lang/invoke/LambdaForm$MH+0x000001e4901a0800'
Event: 24.933 Thread 0x000001e4f87df3c0 Unloading class 0x000001e4901a0400 'java/lang/invoke/LambdaForm$BMH+0x000001e4901a0400'
Event: 24.933 Thread 0x000001e4f87df3c0 Unloading class 0x000001e4901a0000 'java/lang/invoke/LambdaForm$DMH+0x000001e4901a0000'
Event: 24.933 Thread 0x000001e4f87df3c0 Unloading class 0x000001e49019ec00 'java/lang/invoke/LambdaForm$DMH+0x000001e49019ec00'

Classes redefined (0 events):
No events

Internal exceptions (20 events):
Event: 29.245 Thread 0x000001e4d47a0fb0 Exception <a 'java/lang/NoSuchMethodError'{0x00000000ebb5f730}: 'java.lang.Object java.lang.invoke.DirectMethodHandle$Holder.invokeStatic(java.lang.Object, int, java.lang.Object, java.lang.Object)'> (0x00000000ebb5f730) 
thrown [s\src\hotspot\share\interpreter\linkResolver.cpp, line 773]
Event: 29.245 Thread 0x000001e4d47a0fb0 Exception <a 'java/lang/NoSuchMethodError'{0x00000000ebb62f30}: 'java.lang.Object java.lang.invoke.DelegatingMethodHandle$Holder.delegate(java.lang.Object, int, java.lang.Object, java.lang.Object)'> (0x00000000ebb62f30) 
thrown [s\src\hotspot\share\interpreter\linkResolver.cpp, line 773]
Event: 29.254 Thread 0x000001e4d47a0fb0 Exception <a 'java/lang/NoSuchMethodError'{0x00000000ebc49f70}: 'int java.lang.invoke.Invokers$Holder.linkToTargetMethod(java.lang.Object, java.lang.Object, java.lang.Object)'> (0x00000000ebc49f70) 
thrown [s\src\hotspot\share\interpreter\linkResolver.cpp, line 773]
Event: 29.581 Thread 0x000001e4d479eee0 Implicit null exception at 0x000001e487d60b5a to 0x000001e487d60c58
Event: 29.648 Thread 0x000001e4d47a0290 Exception <a 'sun/nio/fs/WindowsException'{0x00000000ebb37580}> (0x00000000ebb37580) 
thrown [s\src\hotspot\share\prims\jni.cpp, line 520]
Event: 29.648 Thread 0x000001e4d47a0290 Exception <a 'sun/nio/fs/WindowsException'{0x00000000ebb38080}> (0x00000000ebb38080) 
thrown [s\src\hotspot\share\prims\jni.cpp, line 520]
Event: 29.705 Thread 0x000001e4d47a0290 Exception <a 'java/io/FileNotFoundException'{0x00000000eb3f7ef8}> (0x00000000eb3f7ef8) 
thrown [s\src\hotspot\share\prims\jni.cpp, line 520]
Event: 29.706 Thread 0x000001e4d47a0290 Exception <a 'java/io/FileNotFoundException'{0x00000000eb3f8f28}> (0x00000000eb3f8f28) 
thrown [s\src\hotspot\share\prims\jni.cpp, line 520]
Event: 29.708 Thread 0x000001e4d47a0290 Exception <a 'java/io/FileNotFoundException'{0x00000000eb3ff780}> (0x00000000eb3ff780) 
thrown [s\src\hotspot\share\prims\jni.cpp, line 520]
Event: 29.708 Thread 0x000001e4d47a0290 Exception <a 'java/io/FileNotFoundException'{0x00000000eb400a80}> (0x00000000eb400a80) 
thrown [s\src\hotspot\share\prims\jni.cpp, line 520]
Event: 29.709 Thread 0x000001e4d47a0290 Exception <a 'java/io/FileNotFoundException'{0x00000000eb401ad0}> (0x00000000eb401ad0) 
thrown [s\src\hotspot\share\prims\jni.cpp, line 520]
Event: 30.326 Thread 0x000001e4d47a0290 Exception <a 'sun/nio/fs/WindowsException'{0x00000000eaf7fb40}> (0x00000000eaf7fb40) 
thrown [s\src\hotspot\share\prims\jni.cpp, line 520]
Event: 30.334 Thread 0x000001e4d7327f60 Exception <a 'sun/nio/fs/WindowsException'{0x00000000eb018898}> (0x00000000eb018898) 
thrown [s\src\hotspot\share\prims\jni.cpp, line 520]
Event: 30.337 Thread 0x000001e4d7326bb0 Exception <a 'sun/nio/fs/WindowsException'{0x00000000eb07dda8}> (0x00000000eb07dda8) 
thrown [s\src\hotspot\share\prims\jni.cpp, line 520]
Event: 30.338 Thread 0x000001e4d73285f0 Exception <a 'sun/nio/fs/WindowsException'{0x00000000eb0c8998}> (0x00000000eb0c8998) 
thrown [s\src\hotspot\share\prims\jni.cpp, line 520]
Event: 30.339 Thread 0x000001e4d7327240 Exception <a 'sun/nio/fs/WindowsException'{0x00000000eb0d7670}> (0x00000000eb0d7670) 
thrown [s\src\hotspot\share\prims\jni.cpp, line 520]
Event: 30.340 Thread 0x000001e4d7135250 Exception <a 'sun/nio/fs/WindowsException'{0x00000000eb12ec50}> (0x00000000eb12ec50) 
thrown [s\src\hotspot\share\prims\jni.cpp, line 520]
Event: 30.340 Thread 0x000001e4d479e850 Exception <a 'sun/nio/fs/WindowsException'{0x00000000eb111310}> (0x00000000eb111310) 
thrown [s\src\hotspot\share\prims\jni.cpp, line 520]
Event: 30.342 Thread 0x000001e4d7326bb0 Exception <a 'sun/nio/fs/WindowsException'{0x00000000eb07fa30}> (0x00000000eb07fa30) 
thrown [s\src\hotspot\share\prims\jni.cpp, line 520]
Event: 33.643 Thread 0x000001e4d479eee0 Implicit null exception at 0x000001e487e48460 to 0x000001e487e4d4c4

ZGC Phase Switch (0 events):
No events

VM Operations (20 events):
Event: 34.985 Executing VM operation: ParallelGCFailedAllocation (Allocation Failure)
Event: 34.987 Executing VM operation: ParallelGCFailedAllocation (Allocation Failure) done
Event: 35.030 Executing VM operation: ParallelGCFailedAllocation (Allocation Failure)
Event: 35.032 Executing VM operation: ParallelGCFailedAllocation (Allocation Failure) done
Event: 35.072 Executing VM operation: ParallelGCFailedAllocation (Allocation Failure)
Event: 35.074 Executing VM operation: ParallelGCFailedAllocation (Allocation Failure) done
Event: 35.104 Executing VM operation: ParallelGCFailedAllocation (Allocation Failure)
Event: 35.107 Executing VM operation: ParallelGCFailedAllocation (Allocation Failure) done
Event: 35.138 Executing VM operation: ParallelGCFailedAllocation (Allocation Failure)
Event: 35.140 Executing VM operation: ParallelGCFailedAllocation (Allocation Failure) done
Event: 35.178 Executing VM operation: ParallelGCFailedAllocation (Allocation Failure)
Event: 35.180 Executing VM operation: ParallelGCFailedAllocation (Allocation Failure) done
Event: 35.233 Executing VM operation: ParallelGCFailedAllocation (Allocation Failure)
Event: 35.236 Executing VM operation: ParallelGCFailedAllocation (Allocation Failure) done
Event: 35.279 Executing VM operation: ParallelGCFailedAllocation (Allocation Failure)
Event: 35.281 Executing VM operation: ParallelGCFailedAllocation (Allocation Failure) done
Event: 35.331 Executing VM operation: ParallelGCFailedAllocation (Allocation Failure)
Event: 35.334 Executing VM operation: ParallelGCFailedAllocation (Allocation Failure) done
Event: 35.385 Executing VM operation: ParallelGCFailedAllocation (Allocation Failure)
Event: 35.387 Executing VM operation: ParallelGCFailedAllocation (Allocation Failure) done

Memory protections (0 events):
No events

Nmethod flushes (20 events):
Event: 26.976 Thread 0x000001e4f87df3c0 flushing  nmethod 0x000001e4806a5090
Event: 26.976 Thread 0x000001e4f87df3c0 flushing  nmethod 0x000001e4806a6290
Event: 26.976 Thread 0x000001e4f87df3c0 flushing  nmethod 0x000001e4806a6a90
Event: 26.976 Thread 0x000001e4f87df3c0 flushing  nmethod 0x000001e4806a9310
Event: 26.976 Thread 0x000001e4f87df3c0 flushing  nmethod 0x000001e4806aa110
Event: 26.976 Thread 0x000001e4f87df3c0 flushing  nmethod 0x000001e4806ab210
Event: 26.976 Thread 0x000001e4f87df3c0 flushing  nmethod 0x000001e4806aba90
Event: 26.976 Thread 0x000001e4f87df3c0 flushing  nmethod 0x000001e4806aca10
Event: 26.976 Thread 0x000001e4f87df3c0 flushing  nmethod 0x000001e4806ff910
Event: 26.976 Thread 0x000001e4f87df3c0 flushing  nmethod 0x000001e480701610
Event: 26.976 Thread 0x000001e4f87df3c0 flushing  nmethod 0x000001e48074c810
Event: 26.976 Thread 0x000001e4f87df3c0 flushing  nmethod 0x000001e48077eb10
Event: 26.976 Thread 0x000001e4f87df3c0 flushing  nmethod 0x000001e48079cb10
Event: 26.976 Thread 0x000001e4f87df3c0 flushing  nmethod 0x000001e4807bf310
Event: 26.976 Thread 0x000001e4f87df3c0 flushing  nmethod 0x000001e4807cb310
Event: 26.976 Thread 0x000001e4f87df3c0 flushing  nmethod 0x000001e4807cb790
Event: 26.976 Thread 0x000001e4f87df3c0 flushing  nmethod 0x000001e4807cf210
Event: 26.976 Thread 0x000001e4f87df3c0 flushing  nmethod 0x000001e4807d3090
Event: 26.976 Thread 0x000001e4f87df3c0 flushing  nmethod 0x000001e4807ece90
Event: 26.976 Thread 0x000001e4f87df3c0 flushing  nmethod 0x000001e48080e010

Events (20 events):
Event: 26.872 Thread 0x000001e4f8742010 Thread added: 0x000001e4d7323730
Event: 26.872 Thread 0x000001e4f8742010 Thread added: 0x000001e4d7323dc0
Event: 26.872 Thread 0x000001e4f8742010 Thread added: 0x000001e4d7324450
Event: 26.872 Thread 0x000001e4f8742010 Thread added: 0x000001e4d7324ae0
Event: 26.873 Thread 0x000001e4f8742010 Thread added: 0x000001e4d7321660
Event: 26.873 Thread 0x000001e4f8742010 Thread added: 0x000001e4d7321cf0
Event: 26.873 Thread 0x000001e4f8742010 Thread added: 0x000001e4d7325170
Event: 26.890 Thread 0x000001e4f8742010 Thread added: 0x000001e4d7325800
Event: 27.170 Thread 0x000001e4f8742010 Thread added: 0x000001e4d7322380
Event: 27.170 Thread 0x000001e4f8742010 Thread added: 0x000001e4d7328c80
Event: 27.796 Thread 0x000001e4d47a1cd0 Thread added: 0x000001e4d7325e90
Event: 30.068 Thread 0x000001e4d479e850 Thread exited: 0x000001e4d479e850
Event: 30.331 Thread 0x000001e4d47a0290 Thread added: 0x000001e4d7327f60
Event: 30.335 Thread 0x000001e4d7327f60 Thread added: 0x000001e4d7326bb0
Event: 30.336 Thread 0x000001e4d7326bb0 Thread added: 0x000001e4d7326520
Event: 30.336 Thread 0x000001e4d7327f60 Thread added: 0x000001e4d73285f0
Event: 30.337 Thread 0x000001e4d7326520 Thread added: 0x000001e4d7327240
Event: 30.337 Thread 0x000001e4d73285f0 Thread added: 0x000001e4d479e850
Event: 30.337 Thread 0x000001e4d7326bb0 Thread added: 0x000001e4d7136600
Event: 30.338 Thread 0x000001e4d7327240 Thread added: 0x000001e4d7135250


Dynamic libraries:
0x00007ff7df1f0000 - 0x00007ff7df1fe000 	c:\Users\herik\.vscode\extensions\redhat.java-1.39.0-win32-x64\jre\21.0.5-win32-x86_64\bin\java.exe
0x00007ffcc6b20000 - 0x00007ffcc6d88000 	C:\WINDOWS\SYSTEM32\ntdll.dll
0x00007ffcc6860000 - 0x00007ffcc6929000 	C:\WINDOWS\System32\KERNEL32.DLL
0x00007ffcc44f0000 - 0x00007ffcc48e2000 	C:\WINDOWS\System32\KERNELBASE.dll
0x00007ffcc4300000 - 0x00007ffcc444b000 	C:\WINDOWS\System32\ucrtbase.dll
0x00007ffca09e0000 - 0x00007ffca09f8000 	c:\Users\herik\.vscode\extensions\redhat.java-1.39.0-win32-x64\jre\21.0.5-win32-x86_64\bin\jli.dll
0x00007ffc93510000 - 0x00007ffc9352e000 	c:\Users\herik\.vscode\extensions\redhat.java-1.39.0-win32-x64\jre\21.0.5-win32-x86_64\bin\VCRUNTIME140.dll
0x00007ffcc5490000 - 0x00007ffcc5655000 	C:\WINDOWS\System32\USER32.dll
0x00007ffca8140000 - 0x00007ffca83d3000 	C:\WINDOWS\WinSxS\amd64_microsoft.windows.common-controls_6595b64144ccf1df_6.0.26100.6725_none_3e085828e334708b\COMCTL32.dll
0x00007ffcc4240000 - 0x00007ffcc4267000 	C:\WINDOWS\System32\win32u.dll
0x00007ffcc6730000 - 0x00007ffcc675b000 	C:\WINDOWS\System32\GDI32.dll
0x00007ffcc3ed0000 - 0x00007ffcc3ffd000 	C:\WINDOWS\System32\gdi32full.dll
0x00007ffcc56d0000 - 0x00007ffcc5779000 	C:\WINDOWS\System32\msvcrt.dll
0x00007ffcc3cb0000 - 0x00007ffcc3d53000 	C:\WINDOWS\System32\msvcp_win.dll
0x00007ffcc5660000 - 0x00007ffcc568f000 	C:\WINDOWS\System32\IMM32.DLL
0x00007ffcaa350000 - 0x00007ffcaa35c000 	c:\Users\herik\.vscode\extensions\redhat.java-1.39.0-win32-x64\jre\21.0.5-win32-x86_64\bin\vcruntime140_1.dll
0x00007ffc656c0000 - 0x00007ffc6574d000 	c:\Users\herik\.vscode\extensions\redhat.java-1.39.0-win32-x64\jre\21.0.5-win32-x86_64\bin\msvcp140.dll
0x00007ffc0fb10000 - 0x00007ffc1089f000 	c:\Users\herik\.vscode\extensions\redhat.java-1.39.0-win32-x64\jre\21.0.5-win32-x86_64\bin\server\jvm.dll
0x00007ffcc5270000 - 0x00007ffcc5324000 	C:\WINDOWS\System32\ADVAPI32.dll
0x00007ffcc5a20000 - 0x00007ffcc5ac6000 	C:\WINDOWS\System32\sechost.dll
0x00007ffcc5880000 - 0x00007ffcc5998000 	C:\WINDOWS\System32\RPCRT4.dll
0x00007ffcc59a0000 - 0x00007ffcc5a14000 	C:\WINDOWS\System32\WS2_32.dll
0x00007ffcc3b10000 - 0x00007ffcc3b6e000 	C:\WINDOWS\SYSTEM32\POWRPROF.dll
0x00007ffcaaca0000 - 0x00007ffcaacd5000 	C:\WINDOWS\SYSTEM32\WINMM.dll
0x00007ffca80c0000 - 0x00007ffca80cb000 	C:\WINDOWS\SYSTEM32\VERSION.dll
0x00007ffcc3af0000 - 0x00007ffcc3b04000 	C:\WINDOWS\SYSTEM32\UMPDC.dll
0x00007ffcc2a80000 - 0x00007ffcc2a9b000 	C:\WINDOWS\SYSTEM32\kernel.appcore.dll
0x00007ffcaa2c0000 - 0x00007ffcaa2ca000 	c:\Users\herik\.vscode\extensions\redhat.java-1.39.0-win32-x64\jre\21.0.5-win32-x86_64\bin\jimage.dll
0x00007ffcc13d0000 - 0x00007ffcc1612000 	C:\WINDOWS\SYSTEM32\DBGHELP.DLL
0x00007ffcc5dc0000 - 0x00007ffcc613b000 	C:\WINDOWS\System32\combase.dll
0x00007ffcc5ae0000 - 0x00007ffcc5bb7000 	C:\WINDOWS\System32\OLEAUT32.dll
0x00007ffca2130000 - 0x00007ffca216c000 	C:\WINDOWS\SYSTEM32\dbgcore.DLL
0x00007ffcc4450000 - 0x00007ffcc44e8000 	C:\WINDOWS\System32\bcryptPrimitives.dll
0x00007ffcaa170000 - 0x00007ffcaa17f000 	c:\Users\herik\.vscode\extensions\redhat.java-1.39.0-win32-x64\jre\21.0.5-win32-x86_64\bin\instrument.dll
0x00007ffc87ba0000 - 0x00007ffc87bbf000 	c:\Users\herik\.vscode\extensions\redhat.java-1.39.0-win32-x64\jre\21.0.5-win32-x86_64\bin\java.dll
0x00007ffcc4ad0000 - 0x00007ffcc521c000 	C:\WINDOWS\System32\SHELL32.dll
0x00007ffcc3d60000 - 0x00007ffcc3ecb000 	C:\WINDOWS\System32\wintypes.dll
0x00007ffcc18d0000 - 0x00007ffcc212d000 	C:\WINDOWS\SYSTEM32\windows.storage.dll
0x00007ffcc61a0000 - 0x00007ffcc6292000 	C:\WINDOWS\System32\SHCORE.dll
0x00007ffcc5810000 - 0x00007ffcc5872000 	C:\WINDOWS\System32\shlwapi.dll
0x00007ffcc3bd0000 - 0x00007ffcc3bf9000 	C:\WINDOWS\SYSTEM32\profapi.dll
0x00007ffc86140000 - 0x00007ffc86158000 	c:\Users\herik\.vscode\extensions\redhat.java-1.39.0-win32-x64\jre\21.0.5-win32-x86_64\bin\zip.dll
0x00007ffcaa0a0000 - 0x00007ffcaa0b0000 	C:\Users\herik\.vscode\extensions\redhat.java-1.39.0-win32-x64\jre\21.0.5-win32-x86_64\bin\net.dll
0x00007ffcb4360000 - 0x00007ffcb447f000 	C:\WINDOWS\SYSTEM32\WINHTTP.dll
0x00007ffcc2ff0000 - 0x00007ffcc305b000 	C:\WINDOWS\system32\mswsock.dll
0x00007ffc85440000 - 0x00007ffc85456000 	C:\Users\herik\.vscode\extensions\redhat.java-1.39.0-win32-x64\jre\21.0.5-win32-x86_64\bin\nio.dll
0x00007ffca9e30000 - 0x00007ffca9e40000 	c:\Users\herik\.vscode\extensions\redhat.java-1.39.0-win32-x64\jre\21.0.5-win32-x86_64\bin\verify.dll
0x00007ffc5a780000 - 0x00007ffc5a7c5000 	C:\Users\herik\AppData\Roaming\Code\User\globalStorage\redhat.java\1.39.0\config_win\org.eclipse.equinox.launcher\org.eclipse.equinox.launcher.win32.win32.x86_64_1.2.1100.v20240722-2106\eclipse_11904.dll
0x00007ffcc6930000 - 0x00007ffcc6ac8000 	C:\WINDOWS\System32\ole32.dll
0x00007ffcc32a0000 - 0x00007ffcc32bb000 	C:\WINDOWS\SYSTEM32\CRYPTSP.dll
0x00007ffcc29e0000 - 0x00007ffcc2a1b000 	C:\WINDOWS\system32\rsaenh.dll
0x00007ffcc3090000 - 0x00007ffcc30bb000 	C:\WINDOWS\SYSTEM32\USERENV.dll
0x00007ffcc3ba0000 - 0x00007ffcc3bc6000 	C:\WINDOWS\SYSTEM32\bcrypt.dll
0x00007ffcc32c0000 - 0x00007ffcc32cc000 	C:\WINDOWS\SYSTEM32\CRYPTBASE.dll
0x00007ffcc24b0000 - 0x00007ffcc24e4000 	C:\WINDOWS\SYSTEM32\IPHLPAPI.DLL
0x00007ffcc5bc0000 - 0x00007ffcc5bca000 	C:\WINDOWS\System32\NSI.dll
0x00007ffca8d00000 - 0x00007ffca8d49000 	C:\Users\herik\AppData\Local\Temp\jna-99167991\jna13782143497737159288.dll
0x00007ffcc5bd0000 - 0x00007ffcc5bd8000 	C:\WINDOWS\System32\PSAPI.DLL
0x00007ffcb9020000 - 0x00007ffcb903e000 	C:\WINDOWS\SYSTEM32\dhcpcsvc6.DLL
0x00007ffcb4490000 - 0x00007ffcb44b3000 	C:\WINDOWS\SYSTEM32\dhcpcsvc.DLL

dbghelp: loaded successfully - version: 4.0.5 - missing functions: none
symbol engine: initialized successfully - sym options: 0x614 - pdb path: .;c:\Users\herik\.vscode\extensions\redhat.java-1.39.0-win32-x64\jre\21.0.5-win32-x86_64\bin;C:\WINDOWS\SYSTEM32;C:\WINDOWS\WinSxS\amd64_microsoft.windows.common-controls_6595b64144ccf1df_6.0.26100.6725_none_3e085828e334708b;c:\Users\herik\.vscode\extensions\redhat.java-1.39.0-win32-x64\jre\21.0.5-win32-x86_64\bin\server;C:\Users\herik\AppData\Roaming\Code\User\globalStorage\redhat.java\1.39.0\config_win\org.eclipse.equinox.launcher\org.eclipse.equinox.launcher.win32.win32.x86_64_1.2.1100.v20240722-2106;C:\Users\herik\AppData\Local\Temp\jna-99167991

VM Arguments:
jvm_args: --add-modules=ALL-SYSTEM --add-opens=java.base/java.util=ALL-UNNAMED --add-opens=java.base/java.lang=ALL-UNNAMED --add-opens=java.base/sun.nio.fs=ALL-UNNAMED -Declipse.application=org.eclipse.jdt.ls.core.id1 -Dosgi.bundles.defaultStartLevel=4 -Declipse.product=org.eclipse.jdt.ls.core.product -Djava.import.generatesMetadataFilesAtProjectRoot=false -DDetectVMInstallationsJob.disabled=true -Dfile.encoding=utf8 -XX:+UseParallelGC -XX:GCTimeRatio=4 -XX:AdaptiveSizePolicyWeight=90 -Dsun.zip.disableMemoryMapping=true -Xmx1G -Xms100m -Xlog:disable -javaagent:c:\Users\herik\.vscode\extensions\redhat.java-1.39.0-win32-x64\lombok\lombok-1.18.34.jar -XX:+HeapDumpOnOutOfMemoryError -XX:HeapDumpPath=c:\Users\herik\AppData\Roaming\Code\User\workspaceStorage\fe357c4e1896176b19ada03263e8c2cb\redhat.java -Daether.dependencyCollector.impl=bf 
java_command: c:\Users\herik\.vscode\extensions\redhat.java-1.39.0-win32-x64\server\plugins\org.eclipse.equinox.launcher_1.6.900.v20240613-2009.jar -configuration c:\Users\herik\AppData\Roaming\Code\User\globalStorage\redhat.java\1.39.0\config_win -data c:\Users\herik\AppData\Roaming\Code\User\workspaceStorage\fe357c4e1896176b19ada03263e8c2cb\redhat.java\jdt_ws --pipe=\\.\pipe\lsp-a61e918eb482f32b556ebc20b52a9939-sock
java_class_path (initial): c:\Users\herik\.vscode\extensions\redhat.java-1.39.0-win32-x64\server\plugins\org.eclipse.equinox.launcher_1.6.900.v20240613-2009.jar
Launcher Type: SUN_STANDARD

[Global flags]
    uintx AdaptiveSizePolicyWeight                 = 90                                        {product} {command line}
     intx CICompilerCount                          = 4                                         {product} {ergonomic}
    uintx GCTimeRatio                              = 4                                         {product} {command line}
     bool HeapDumpOnOutOfMemoryError               = true                                   {manageable} {command line}
    ccstr HeapDumpPath                             = c:\Users\herik\AppData\Roaming\Code\User\workspaceStorage\fe357c4e1896176b19ada03263e8c2cb\redhat.java         {manageable} {command line}
   size_t InitialHeapSize                          = 104857600                                 {product} {command line}
   size_t MaxHeapSize                              = 1073741824                                {product} {command line}
   size_t MaxNewSize                               = 357564416                                 {product} {ergonomic}
   size_t MinHeapDeltaBytes                        = 524288                                    {product} {ergonomic}
   size_t MinHeapSize                              = 104857600                                 {product} {command line}
   size_t NewSize                                  = 34603008                                  {product} {ergonomic}
    uintx NonNMethodCodeHeapSize                   = 5839372                                {pd product} {ergonomic}
    uintx NonProfiledCodeHeapSize                  = 122909434                              {pd product} {ergonomic}
   size_t OldSize                                  = 70254592                                  {product} {ergonomic}
    uintx ProfiledCodeHeapSize                     = 122909434                              {pd product} {ergonomic}
    uintx ReservedCodeCacheSize                    = 251658240                              {pd product} {ergonomic}
     bool SegmentedCodeCache                       = true                                      {product} {ergonomic}
   size_t SoftMaxHeapSize                          = 1073741824                             {manageable} {ergonomic}
     bool UseCompressedOops                        = true                           {product lp64_product} {ergonomic}
     bool UseLargePagesIndividualAllocation        = false                                  {pd product} {ergonomic}
     bool UseParallelGC                            = true                                      {product} {command line}

Logging:
Log output configuration:
 #0: stdout all=off uptime,level,tags foldmultilines=false
 #1: stderr all=off uptime,level,tags foldmultilines=false

Environment Variables:
PATH=C:\Program Files\Common Files\Oracle\Java\javapath;C:\WINDOWS\system32;C:\WINDOWS;C:\WINDOWS\System32\Wbem;C:\WINDOWS\System32\WindowsPowerShell\v1.0\;C:\WINDOWS\System32\OpenSSH\;C:\Program Files\nodejs\;C:\xampp\htdocs;C:\Program Files\Git\cmd;C:\Program Files\Docker\Docker\resources\bin;C:\apache-maven-3.9.11\bin;C:\MongoDB\mongosh-2.5.8-win32-x64\bin;C:\Users\herik\AppData\Local\Programs\Python\Python313\Scripts\;C:\Users\herik\AppData\Local\Programs\Python\Python313\;C:\Users\herik\AppData\Local\Microsoft\WindowsApps;C:\Users\herik\AppData\Local\Programs\Microsoft VS Code\bin;C:\Users\herik\AppData\Roaming\npm;C:\Extrairphp;
USERNAME=herik
OS=Windows_NT
PROCESSOR_IDENTIFIER=Intel64 Family 6 Model 154 Stepping 4, GenuineIntel
TMP=C:\Users\herik\AppData\Local\Temp
TEMP=C:\Users\herik\AppData\Local\Temp




Periodic native trim disabled

---------------  S Y S T E M  ---------------

OS:
 Windows 11 , 64 bit Build 26100 (10.0.26100.6725)
OS uptime: 0 days 1:54 hours
Hyper-V role detected

CPU: total 8 (initial active 8) (4 cores per cpu, 2 threads per core) family 6 model 154 stepping 4 microcode 0x423, cx8, cmov, fxsr, ht, mmx, 3dnowpref, sse, sse2, sse3, ssse3, sse4.1, sse4.2, popcnt, lzcnt, tsc, tscinvbit, avx, avx2, aes, erms, clmul, bmi1, bmi2, adx, sha, fma, vzeroupper, clflush, clflushopt, clwb, hv, serialize, rdtscp, rdpid, fsrm, f16c, cet_ibt, cet_ss
Processor Information for processor 0
  Max Mhz: 1200, Current Mhz: 1200, Mhz Limit: 1200
Processor Information for processor 1
  Max Mhz: 1200, Current Mhz: 1200, Mhz Limit: 1200
Processor Information for processor 2
  Max Mhz: 1200, Current Mhz: 1200, Mhz Limit: 1200
Processor Information for processor 3
  Max Mhz: 1200, Current Mhz: 1200, Mhz Limit: 1200
Processor Information for processor 4
  Max Mhz: 1200, Current Mhz: 900, Mhz Limit: 900
Processor Information for processor 5
  Max Mhz: 1200, Current Mhz: 900, Mhz Limit: 900
Processor Information for processor 6
  Max Mhz: 1200, Current Mhz: 900, Mhz Limit: 900
Processor Information for processor 7
  Max Mhz: 1200, Current Mhz: 900, Mhz Limit: 900

Memory: 4k page, system-wide physical 3797M (47M free)
TotalPageFile size 15573M (AvailPageFile size 3M)
current process WorkingSet (physical memory assigned to process): 235M, peak: 236M
current process commit charge ("private bytes"): 412M, peak: 412M

vm_info: OpenJDK 64-Bit Server VM (21.0.5+11-LTS) for windows-amd64 JRE (21.0.5+11-LTS), built on 2024-10-15T00:00:00Z by "admin" with MS VC++ 17.7 (VS2022)

END.
