#
# There is insufficient memory for the Java Runtime Environment to continue.
# Native memory allocation (malloc) failed to allocate 32744 bytes. Error detail: Chunk::new
# Possible reasons:
#   The system is out of physical RAM or swap space
#   This process is running with CompressedOops enabled, and the Java Heap may be blocking the growth of the native heap
# Possible solutions:
#   Reduce memory load on the system
#   Increase physical memory or swap space
#   Check if swap backing store is full
#   Decrease Java heap size (-Xmx/-Xms)
#   Decrease number of Java threads
#   Decrease Java thread stack sizes (-Xss)
#   Set larger code cache with -XX:ReservedCodeCacheSize=
#   JVM is running with Unscaled Compressed Oops mode in which the Java heap is
#     placed in the first 4GB address space. The Java Heap base address is the
#     maximum limit for the native heap growth. Please use -XX:HeapBaseMinAddress
#     to set the Java Heap base and to place the Java Heap above 4GB virtual address.
# This output file may be truncated or incomplete.
#
#  Out of Memory Error (arena.cpp:168), pid=18940, tid=6668
#
# JRE version: OpenJDK Runtime Environment Temurin-21.0.5+11 (21.0.5+11) (build 21.0.5+11-LTS)
# Java VM: OpenJDK 64-Bit Server VM Temurin-21.0.5+11 (21.0.5+11-LTS, mixed mode, sharing, tiered, compressed oops, compressed class ptrs, parallel gc, windows-amd64)
# No core dump will be written. Minidumps are not enabled by default on client versions of Windows
#

---------------  S U M M A R Y ------------

Command Line: --add-modules=ALL-SYSTEM --add-opens=java.base/java.util=ALL-UNNAMED --add-opens=java.base/java.lang=ALL-UNNAMED --add-opens=java.base/sun.nio.fs=ALL-UNNAMED -Declipse.application=org.eclipse.jdt.ls.core.id1 -Dosgi.bundles.defaultStartLevel=4 -Declipse.product=org.eclipse.jdt.ls.core.product -Djava.import.generatesMetadataFilesAtProjectRoot=false -DDetectVMInstallationsJob.disabled=true -Dfile.encoding=utf8 -XX:+UseParallelGC -XX:GCTimeRatio=4 -XX:AdaptiveSizePolicyWeight=90 -Dsun.zip.disableMemoryMapping=true -Xmx1G -Xms100m -Xlog:disable -javaagent:c:\Users\herik\.vscode\extensions\redhat.java-1.39.0-win32-x64\lombok\lombok-1.18.34.jar -XX:+HeapDumpOnOutOfMemoryError -XX:HeapDumpPath=c:\Users\herik\AppData\Roaming\Code\User\workspaceStorage\fe357c4e1896176b19ada03263e8c2cb\redhat.java -Daether.dependencyCollector.impl=bf c:\Users\herik\.vscode\extensions\redhat.java-1.39.0-win32-x64\server\plugins\org.eclipse.equinox.launcher_1.6.900.v20240613-2009.jar -configuration c:\Users\herik\AppData\Roaming\Code\User\globalStorage\redhat.java\1.39.0\config_win -data c:\Users\herik\AppData\Roaming\Code\User\workspaceStorage\fe357c4e1896176b19ada03263e8c2cb\redhat.java\jdt_ws --pipe=\\.\pipe\lsp-1fb5ab58d9e0d9442e705c6912fc122c-sock

Host: 12th Gen Intel(R) Core(TM) i3-1215U, 8 cores, 3G,  Windows 11 , 64 bit Build 26100 (10.0.26100.6725)
Time: Sun Oct  5 12:27:25 2025 Hora oficial do Brasil elapsed time: 56.379943 seconds (0d 0h 0m 56s)

---------------  T H R E A D  ---------------

Current thread (0x000002abbaf1aa70):  JavaThread "C2 CompilerThread0" daemon [_thread_in_native, id=6668, stack(0x000000e67bc00000,0x000000e67bd00000) (1024K)]


Current CompileTask:
C2:56380 8488 %     4       org.eclipse.jdt.internal.core.search.indexing.BinaryIndexer::extractReferenceFromConstantPool @ 155 (358 bytes)

Stack: [0x000000e67bc00000,0x000000e67bd00000]
Native frames: (J=compiled Java code, j=interpreted, Vv=VM code, C=native code)
V  [jvm.dll+0x6cd4e9]
V  [jvm.dll+0x8a7941]
V  [jvm.dll+0x8a9e6e]
V  [jvm.dll+0x8aa543]
V  [jvm.dll+0x27f6d6]
V  [jvm.dll+0xc500d]
V  [jvm.dll+0xc5543]
V  [jvm.dll+0x3bbe0d]
V  [jvm.dll+0x3bb631]
V  [jvm.dll+0x3bb674]
V  [jvm.dll+0x5d6dab]
V  [jvm.dll+0x5d783a]
V  [jvm.dll+0x382864]
V  [jvm.dll+0x381c9a]
V  [jvm.dll+0x2479d0]
V  [jvm.dll+0x246faf]
V  [jvm.dll+0x1c75ce]
V  [jvm.dll+0x25682a]
V  [jvm.dll+0x254dca]
V  [jvm.dll+0x3f00d6]
V  [jvm.dll+0x8514fb]
V  [jvm.dll+0x6cbbed]
C  [ucrtbase.dll+0x37b0]
C  [KERNEL32.DLL+0x2e8d7]
C  [ntdll.dll+0x8c53c]


---------------  P R O C E S S  ---------------

Threads class SMR info:
_java_thread_list=0x000002abfdc9b3c0, length=41, elements={
0x000002aba69d3bd0, 0x000002aba6a8b110, 0x000002aba6a8d1c0, 0x000002abbaee4730,
0x000002abbaf066a0, 0x000002abbaf07a30, 0x000002abbaf0da90, 0x000002abbaf1aa70,
0x000002abfdac8090, 0x000002aba6a43b80, 0x000002abfddde8a0, 0x000002abfe57dfb0,
0x000002abfe5ee520, 0x000002abfe38f2c0, 0x000002abfe6802a0, 0x000002abfdc54850,
0x000002abfed77d20, 0x000002abfdc6b040, 0x000002abfdc6b6d0, 0x000002abfdc6a9b0,
0x000002abfdc6bd60, 0x000002abfdc688e0, 0x000002abfdc68f70, 0x000002abfdc69c90,
0x000002abfdc69600, 0x000002ab8499eb10, 0x000002ab8499f830, 0x000002ab8499ddf0,
0x000002ab8499d0d0, 0x000002ab8499fec0, 0x000002ab8499f1a0, 0x000002ab8499e480,
0x000002ab8499d760, 0x000002ab8499ca40, 0x000002ab849a2cb0, 0x000002ab849a0550,
0x000002ab849a1270, 0x000002ab849a3340, 0x000002ab849a1900, 0x000002ab85aa3f60,
0x000002ab85aa38d0
}

Java Threads: ( => current thread )
  0x000002aba69d3bd0 JavaThread "main"                              [_thread_blocked, id=20664, stack(0x000000e67b200000,0x000000e67b300000) (1024K)]
  0x000002aba6a8b110 JavaThread "Reference Handler"          daemon [_thread_blocked, id=20740, stack(0x000000e67b600000,0x000000e67b700000) (1024K)]
  0x000002aba6a8d1c0 JavaThread "Finalizer"                  daemon [_thread_blocked, id=19660, stack(0x000000e67b700000,0x000000e67b800000) (1024K)]
  0x000002abbaee4730 JavaThread "Signal Dispatcher"          daemon [_thread_blocked, id=580, stack(0x000000e67b800000,0x000000e67b900000) (1024K)]
  0x000002abbaf066a0 JavaThread "Attach Listener"            daemon [_thread_blocked, id=12844, stack(0x000000e67b900000,0x000000e67ba00000) (1024K)]
  0x000002abbaf07a30 JavaThread "Service Thread"             daemon [_thread_blocked, id=8812, stack(0x000000e67ba00000,0x000000e67bb00000) (1024K)]
  0x000002abbaf0da90 JavaThread "Monitor Deflation Thread"   daemon [_thread_blocked, id=5292, stack(0x000000e67bb00000,0x000000e67bc00000) (1024K)]
=>0x000002abbaf1aa70 JavaThread "C2 CompilerThread0"         daemon [_thread_in_native, id=6668, stack(0x000000e67bc00000,0x000000e67bd00000) (1024K)]
  0x000002abfdac8090 JavaThread "C1 CompilerThread0"         daemon [_thread_blocked, id=21380, stack(0x000000e67bd00000,0x000000e67be00000) (1024K)]
  0x000002aba6a43b80 JavaThread "Common-Cleaner"             daemon [_thread_blocked, id=8808, stack(0x000000e67be00000,0x000000e67bf00000) (1024K)]
  0x000002abfddde8a0 JavaThread "Notification Thread"        daemon [_thread_blocked, id=9884, stack(0x000000e67bf00000,0x000000e67c000000) (1024K)]
  0x000002abfe57dfb0 JavaThread "Active Thread: Equinox Container: f7b5efd3-229c-4961-8377-5d2c829ad9d9"        [_thread_blocked, id=13828, stack(0x000000e67c600000,0x000000e67c700000) (1024K)]
  0x000002abfe5ee520 JavaThread "Refresh Thread: Equinox Container: f7b5efd3-229c-4961-8377-5d2c829ad9d9" daemon [_thread_blocked, id=876, stack(0x000000e67c700000,0x000000e67c800000) (1024K)]
  0x000002abfe38f2c0 JavaThread "Framework Event Dispatcher: Equinox Container: f7b5efd3-229c-4961-8377-5d2c829ad9d9" daemon [_thread_blocked, id=21048, stack(0x000000e67c900000,0x000000e67ca00000) (1024K)]
  0x000002abfe6802a0 JavaThread "Start Level: Equinox Container: f7b5efd3-229c-4961-8377-5d2c829ad9d9" daemon [_thread_blocked, id=14244, stack(0x000000e67ca00000,0x000000e67cb00000) (1024K)]
  0x000002abfdc54850 JavaThread "Bundle File Closer"         daemon [_thread_blocked, id=21232, stack(0x000000e67cb00000,0x000000e67cc00000) (1024K)]
  0x000002abfed77d20 JavaThread "SCR Component Actor"        daemon [_thread_blocked, id=21424, stack(0x000000e67cc00000,0x000000e67cd00000) (1024K)]
  0x000002abfdc6b040 JavaThread "Worker-JM"                         [_thread_blocked, id=8548, stack(0x000000e67ce00000,0x000000e67cf00000) (1024K)]
  0x000002abfdc6b6d0 JavaThread "JNA Cleaner"                daemon [_thread_blocked, id=16668, stack(0x000000e67cd00000,0x000000e67ce00000) (1024K)]
  0x000002abfdc6a9b0 JavaThread "Worker-0"                          [_thread_blocked, id=19596, stack(0x000000e67cf00000,0x000000e67d000000) (1024K)]
  0x000002abfdc6bd60 JavaThread "Worker-1"                          [_thread_blocked, id=16992, stack(0x000000e67d000000,0x000000e67d100000) (1024K)]
  0x000002abfdc688e0 JavaThread "Java indexing"              daemon [_thread_blocked, id=16740, stack(0x000000e67d200000,0x000000e67d300000) (1024K)]
  0x000002abfdc68f70 JavaThread "Worker-2: Java indexing... "        [_thread_blocked, id=19712, stack(0x000000e67d500000,0x000000e67d600000) (1024K)]
  0x000002abfdc69c90 JavaThread "Worker-3"                          [_thread_blocked, id=15316, stack(0x000000e67d600000,0x000000e67d700000) (1024K)]
  0x000002abfdc69600 JavaThread "Thread-3"                   daemon [_thread_in_native, id=388, stack(0x000000e67d700000,0x000000e67d800000) (1024K)]
  0x000002ab8499eb10 JavaThread "Thread-4"                   daemon [_thread_in_native, id=15464, stack(0x000000e67d800000,0x000000e67d900000) (1024K)]
  0x000002ab8499f830 JavaThread "Thread-5"                   daemon [_thread_in_native, id=14276, stack(0x000000e67d900000,0x000000e67da00000) (1024K)]
  0x000002ab8499ddf0 JavaThread "Thread-6"                   daemon [_thread_in_native, id=20568, stack(0x000000e67da00000,0x000000e67db00000) (1024K)]
  0x000002ab8499d0d0 JavaThread "Thread-7"                   daemon [_thread_in_native, id=15328, stack(0x000000e67db00000,0x000000e67dc00000) (1024K)]
  0x000002ab8499fec0 JavaThread "Thread-8"                   daemon [_thread_in_native, id=18360, stack(0x000000e67dc00000,0x000000e67dd00000) (1024K)]
  0x000002ab8499f1a0 JavaThread "Thread-9"                   daemon [_thread_in_native, id=21272, stack(0x000000e67dd00000,0x000000e67de00000) (1024K)]
  0x000002ab8499e480 JavaThread "Thread-10"                  daemon [_thread_in_native, id=6192, stack(0x000000e67de00000,0x000000e67df00000) (1024K)]
  0x000002ab8499d760 JavaThread "Thread-11"                  daemon [_thread_in_native, id=12952, stack(0x000000e67df00000,0x000000e67e000000) (1024K)]
  0x000002ab8499ca40 JavaThread "pool-2-thread-1"                   [_thread_blocked, id=7276, stack(0x000000e67e000000,0x000000e67e100000) (1024K)]
  0x000002ab849a2cb0 JavaThread "WorkspaceEventsHandler"            [_thread_blocked, id=21412, stack(0x000000e67e100000,0x000000e67e200000) (1024K)]
  0x000002ab849a0550 JavaThread "pool-1-thread-1"                   [_thread_blocked, id=5508, stack(0x000000e67e200000,0x000000e67e300000) (1024K)]
  0x000002ab849a1270 JavaThread "Worker-4: Building"                [_thread_blocked, id=10400, stack(0x000000e67e300000,0x000000e67e400000) (1024K)]
  0x000002ab849a3340 JavaThread "Worker-5: Updating workspace"        [_thread_blocked, id=8688, stack(0x000000e67e400000,0x000000e67e500000) (1024K)]
  0x000002ab849a1900 JavaThread "LocalFile Deleter"          daemon [_thread_blocked, id=18024, stack(0x000000e67e500000,0x000000e67e600000) (1024K)]
  0x000002ab85aa3f60 JavaThread "LocalFile Deleter"          daemon [_thread_in_native, id=4596, stack(0x000000e67e600000,0x000000e67e700000) (1024K)]
  0x000002ab85aa38d0 JavaThread "LocalFile Deleter"          daemon [_thread_blocked, id=17892, stack(0x000000e67e700000,0x000000e67e800000) (1024K)]
Total: 41

Other Threads:
  0x000002aba485eac0 VMThread "VM Thread"                           [id=21248, stack(0x000000e67b500000,0x000000e67b600000) (1024K)]
  0x000002abbadfca00 WatcherThread "VM Periodic Task Thread"        [id=15096, stack(0x000000e67b400000,0x000000e67b500000) (1024K)]
  0x000002aba485e720 WorkerThread "GC Thread#0"                     [id=2908, stack(0x000000e67b300000,0x000000e67b400000) (1024K)]
  0x000002aba485dc40 WorkerThread "GC Thread#1"                     [id=5600, stack(0x000000e67c000000,0x000000e67c100000) (1024K)]
  0x000002abfe20d300 WorkerThread "GC Thread#2"                     [id=4920, stack(0x000000e67c100000,0x000000e67c200000) (1024K)]
  0x000002abfe20fae0 WorkerThread "GC Thread#3"                     [id=20600, stack(0x000000e67c200000,0x000000e67c300000) (1024K)]
  0x000002abfe210220 WorkerThread "GC Thread#4"                     [id=12620, stack(0x000000e67c300000,0x000000e67c400000) (1024K)]
  0x000002abfe20f740 WorkerThread "GC Thread#5"                     [id=18948, stack(0x000000e67c400000,0x000000e67c500000) (1024K)]
  0x000002abfe20cbc0 WorkerThread "GC Thread#6"                     [id=19940, stack(0x000000e67c500000,0x000000e67c600000) (1024K)]
  0x000002abfe20fe80 WorkerThread "GC Thread#7"                     [id=7228, stack(0x000000e67c800000,0x000000e67c900000) (1024K)]
Total: 10

Threads with active compile tasks:
C2 CompilerThread0  57081 8488 %     4       org.eclipse.jdt.internal.core.search.indexing.BinaryIndexer::extractReferenceFromConstantPool @ 155 (358 bytes)
C1 CompilerThread0  57081 8530       3       org.eclipse.jdt.internal.core.search.matching.ConstructorPattern::createDeclarationIndexKey (583 bytes)
Total: 2

VM state: at safepoint (normal execution)

VM Mutex/Monitor currently owned by a thread:  ([mutex/lock_event])
[0x00007ffc107bd380] Threads_lock - owner thread: 0x000002aba485eac0
[0x00007ffc107bd480] Heap_lock - owner thread: 0x000002abfdc688e0
[0x00007ffc107bd900] PSOldGenExpand_lock - owner thread: 0x000002aba485e720

Heap address: 0x00000000c0000000, size: 1024 MB, Compressed Oops mode: 32-bit

CDS archive(s) mapped at: [0x000002abbb000000-0x000002abbbba0000-0x000002abbbba0000), size 12189696, SharedBaseAddress: 0x000002abbb000000, ArchiveRelocationMode: 1.
Compressed class space mapped at: 0x000002abbc000000-0x000002abfc000000, reserved size: 1073741824
Narrow klass base: 0x000002abbb000000, Narrow klass shift: 0, Narrow klass range: 0x100000000

GC Precious Log:
 CardTable entry size: 512
 CPUs: 8 total, 8 available
 Memory: 3797M
 Large Page Support: Disabled
 NUMA Support: Disabled
 Compressed Oops: Enabled (32-bit)
 Alignments: Space 512K, Generation 512K, Heap 2M
 Heap Min Capacity: 100M
 Heap Initial Capacity: 100M
 Heap Max Capacity: 1G
 Pre-touch: Disabled
 Parallel Workers: 8

Heap:
 PSYoungGen      total 2048K, used 1928K [0x00000000eab00000, 0x00000000eae80000, 0x0000000100000000)
  eden space 1536K, 98% used [0x00000000eab00000,0x00000000eac7a0b0,0x00000000eac80000)
  from space 512K, 81% used [0x00000000eae00000,0x00000000eae68000,0x00000000eae80000)
  to   space 512K, 50% used [0x00000000ead80000,0x00000000eadc0000,0x00000000eae00000)
 ParOldGen       total 377344K, used 377340K [0x00000000c0000000, 0x00000000d7080000, 0x00000000eab00000)
  object space 377344K, 99% used [0x00000000c0000000,0x00000000d707f3f8,0x00000000d7080000)
 Metaspace       used 50735K, committed 52032K, reserved 1114112K
  class space    used 5334K, committed 5888K, reserved 1048576K

Card table byte_map: [0x000002aba63a0000,0x000002aba65b0000] _byte_map_base: 0x000002aba5da0000

Marking Bits: (ParMarkBitMap*) 0x00007ffc107c2250
 Begin Bits: [0x000002abb8d20000, 0x000002abb9d20000)
 End Bits:   [0x000002abb9d20000, 0x000002abbad20000)

Polling page: 0x000002aba6190000

Metaspace:

Usage:
  Non-class:     44.34 MB used.
      Class:      5.21 MB used.
       Both:     49.55 MB used.

Virtual space:
  Non-class space:       64.00 MB reserved,      45.06 MB ( 70%) committed,  1 nodes.
      Class space:        1.00 GB reserved,       5.75 MB ( <1%) committed,  1 nodes.
             Both:        1.06 GB reserved,      50.81 MB (  5%) committed. 

Chunk freelists:
   Non-Class:  2.95 MB
       Class:  10.22 MB
        Both:  13.17 MB

MaxMetaspaceSize: unlimited
CompressedClassSpaceSize: 1.00 GB
Initial GC threshold: 21.00 MB
Current GC threshold: 58.38 MB
CDS: on
 - commit_granule_bytes: 65536.
 - commit_granule_words: 8192.
 - virtual_space_node_default_size: 8388608.
 - enlarge_chunks_in_place: 1.
 - use_allocation_guard: 0.


Internal statistics:

num_allocs_failed_limit: 6.
num_arena_births: 968.
num_arena_deaths: 14.
num_vsnodes_births: 2.
num_vsnodes_deaths: 0.
num_space_committed: 813.
num_space_uncommitted: 0.
num_chunks_returned_to_freelist: 20.
num_chunks_taken_from_freelist: 3390.
num_chunk_merges: 12.
num_chunk_splits: 2033.
num_chunks_enlarged: 1050.
num_inconsistent_stats: 0.

CodeHeap 'non-profiled nmethods': size=120000Kb used=4400Kb max_used=4400Kb free=115599Kb
 bounds [0x000002abb17f0000, 0x000002abb1c40000, 0x000002abb8d20000]
CodeHeap 'profiled nmethods': size=120000Kb used=15845Kb max_used=15845Kb free=104155Kb
 bounds [0x000002aba9d20000, 0x000002abaaca0000, 0x000002abb1250000]
CodeHeap 'non-nmethods': size=5760Kb used=1388Kb max_used=1447Kb free=4371Kb
 bounds [0x000002abb1250000, 0x000002abb14c0000, 0x000002abb17f0000]
 total_blobs=8555 nmethods=7864 adapters=597
 compilation: enabled
              stopped_count=0, restarted_count=0
 full_count=0

Compilation events (20 events):
Event: 55.191 Thread 0x000002abfdac8090 nmethod 8496 0x000002abaac81810 code [0x000002abaac81ac0, 0x000002abaac82510]
Event: 55.194 Thread 0x000002abfdac8090 8499       3       org.eclipse.jdt.internal.compiler.parser.Scanner::scanIdentifierOrKeywordWithBoundCheck (196 bytes)
Event: 55.194 Thread 0x000002abfdac8090 nmethod 8499 0x000002abaac82990 code [0x000002abaac82bc0, 0x000002abaac833d8]
Event: 55.195 Thread 0x000002abfdac8090 8500       3       org.eclipse.jdt.internal.compiler.classfmt.MethodInfo::decodeCodeAttribute (143 bytes)
Event: 55.196 Thread 0x000002abbaf1aa70 nmethod 8483 0x000002abb1c37810 code [0x000002abb1c37c00, 0x000002abb1c3a5a0]
Event: 55.196 Thread 0x000002abbaf1aa70 8488 %     4       org.eclipse.jdt.internal.core.search.indexing.BinaryIndexer::extractReferenceFromConstantPool @ 155 (358 bytes)
Event: 55.197 Thread 0x000002abfdac8090 nmethod 8500 0x000002abaac83610 code [0x000002abaac83860, 0x000002abaac84400]
Event: 55.204 Thread 0x000002abfdac8090 8505       3       org.eclipse.jdt.internal.compiler.classfmt.MethodInfo::createMethod (710 bytes)
Event: 55.206 Thread 0x000002abfdac8090 nmethod 8505 0x000002abaac84890 code [0x000002abaac84d80, 0x000002abaac87c90]
Event: 55.207 Thread 0x000002abfdac8090 8507       3       org.eclipse.jdt.internal.compiler.util.Util::isClassFileName (82 bytes)
Event: 55.208 Thread 0x000002abfdac8090 nmethod 8507 0x000002abaac88d90 code [0x000002abaac88fe0, 0x000002abaac898a8]
Event: 55.208 Thread 0x000002abfdac8090 8508       3       org.eclipse.jdt.internal.core.search.matching.MethodDeclarationPattern::createDeclarationIndexKey (387 bytes)
Event: 55.209 Thread 0x000002abfdac8090 nmethod 8508 0x000002abaac89c90 code [0x000002abaac89fe0, 0x000002abaac8bca0]
Event: 55.219 Thread 0x000002abfdac8090 8509       3       org.eclipse.core.runtime.Path::computeSegmentCount (86 bytes)
Event: 55.220 Thread 0x000002abfdac8090 nmethod 8509 0x000002abaac8c490 code [0x000002abaac8c720, 0x000002abaac8d498]
Event: 55.229 Thread 0x000002abfdac8090 8510       3       org.eclipse.jdt.internal.core.index.DiskIndex::writeDocumentNumbers (384 bytes)
Event: 55.230 Thread 0x000002abfdac8090 nmethod 8510 0x000002abaac8da10 code [0x000002abaac8dca0, 0x000002abaac8e8d0]
Event: 55.266 Thread 0x000002abfdac8090 8511       3       org.eclipse.core.internal.events.AutoBuildJob::belongsTo (11 bytes)
Event: 55.267 Thread 0x000002abfdac8090 nmethod 8511 0x000002abaac8ee90 code [0x000002abaac8f040, 0x000002abaac8f1b8]
Event: 55.306 Thread 0x000002abfdac8090 8512   !   3       org.eclipse.core.internal.jobs.JobManager::select (160 bytes)

GC Heap History (20 events):
Event: 53.506 GC heap before
{Heap before GC invocations=277 (full 2):
 PSYoungGen      total 2560K, used 2559K [0x00000000eab00000, 0x00000000eb500000, 0x0000000100000000)
  eden space 512K, 100% used [0x00000000eab00000,0x00000000eab80000,0x00000000eab80000)
  from space 2048K, 99% used [0x00000000eaf00000,0x00000000eb0ffc38,0x00000000eb100000)
  to   space 3584K, 0% used [0x00000000eab80000,0x00000000eab80000,0x00000000eaf00000)
 ParOldGen       total 368640K, used 367856K [0x00000000c0000000, 0x00000000d6800000, 0x00000000eab00000)
  object space 368640K, 99% used [0x00000000c0000000,0x00000000d673c1b8,0x00000000d6800000)
 Metaspace       used 50691K, committed 51968K, reserved 1114112K
  class space    used 5330K, committed 5888K, reserved 1048576K
}
Event: 53.509 GC heap after
{Heap after GC invocations=277 (full 2):
 PSYoungGen      total 1536K, used 576K [0x00000000eab00000, 0x00000000eaf80000, 0x0000000100000000)
  eden space 512K, 0% used [0x00000000eab00000,0x00000000eab00000,0x00000000eab80000)
  from space 1024K, 56% used [0x00000000eab80000,0x00000000eac10000,0x00000000eac80000)
  to   space 2048K, 0% used [0x00000000ead80000,0x00000000ead80000,0x00000000eaf80000)
 ParOldGen       total 370176K, used 369891K [0x00000000c0000000, 0x00000000d6980000, 0x00000000eab00000)
  object space 370176K, 99% used [0x00000000c0000000,0x00000000d6938d90,0x00000000d6980000)
 Metaspace       used 50691K, committed 51968K, reserved 1114112K
  class space    used 5330K, committed 5888K, reserved 1048576K
}
Event: 53.530 GC heap before
{Heap before GC invocations=278 (full 2):
 PSYoungGen      total 1536K, used 1088K [0x00000000eab00000, 0x00000000eaf80000, 0x0000000100000000)
  eden space 512K, 100% used [0x00000000eab00000,0x00000000eab80000,0x00000000eab80000)
  from space 1024K, 56% used [0x00000000eab80000,0x00000000eac10000,0x00000000eac80000)
  to   space 2048K, 0% used [0x00000000ead80000,0x00000000ead80000,0x00000000eaf80000)
 ParOldGen       total 370176K, used 369891K [0x00000000c0000000, 0x00000000d6980000, 0x00000000eab00000)
  object space 370176K, 99% used [0x00000000c0000000,0x00000000d6938d90,0x00000000d6980000)
 Metaspace       used 50696K, committed 51968K, reserved 1114112K
  class space    used 5330K, committed 5888K, reserved 1048576K
}
Event: 53.532 GC heap after
{Heap after GC invocations=278 (full 2):
 PSYoungGen      total 1536K, used 544K [0x00000000eab00000, 0x00000000eae80000, 0x0000000100000000)
  eden space 512K, 0% used [0x00000000eab00000,0x00000000eab00000,0x00000000eab80000)
  from space 1024K, 53% used [0x00000000ead80000,0x00000000eae08000,0x00000000eae80000)
  to   space 1024K, 0% used [0x00000000eab80000,0x00000000eab80000,0x00000000eac80000)
 ParOldGen       total 370688K, used 370383K [0x00000000c0000000, 0x00000000d6a00000, 0x00000000eab00000)
  object space 370688K, 99% used [0x00000000c0000000,0x00000000d69b3d88,0x00000000d6a00000)
 Metaspace       used 50696K, committed 51968K, reserved 1114112K
  class space    used 5330K, committed 5888K, reserved 1048576K
}
Event: 53.547 GC heap before
{Heap before GC invocations=279 (full 2):
 PSYoungGen      total 1536K, used 1056K [0x00000000eab00000, 0x00000000eae80000, 0x0000000100000000)
  eden space 512K, 100% used [0x00000000eab00000,0x00000000eab80000,0x00000000eab80000)
  from space 1024K, 53% used [0x00000000ead80000,0x00000000eae08000,0x00000000eae80000)
  to   space 1024K, 0% used [0x00000000eab80000,0x00000000eab80000,0x00000000eac80000)
 ParOldGen       total 370688K, used 370383K [0x00000000c0000000, 0x00000000d6a00000, 0x00000000eab00000)
  object space 370688K, 99% used [0x00000000c0000000,0x00000000d69b3d88,0x00000000d6a00000)
 Metaspace       used 50696K, committed 51968K, reserved 1114112K
  class space    used 5330K, committed 5888K, reserved 1048576K
}
Event: 53.549 GC heap after
{Heap after GC invocations=279 (full 2):
 PSYoungGen      total 1536K, used 480K [0x00000000eab00000, 0x00000000eae00000, 0x0000000100000000)
  eden space 512K, 0% used [0x00000000eab00000,0x00000000eab00000,0x00000000eab80000)
  from space 1024K, 46% used [0x00000000eab80000,0x00000000eabf8000,0x00000000eac80000)
  to   space 1024K, 0% used [0x00000000ead00000,0x00000000ead00000,0x00000000eae00000)
 ParOldGen       total 371200K, used 370847K [0x00000000c0000000, 0x00000000d6a80000, 0x00000000eab00000)
  object space 371200K, 99% used [0x00000000c0000000,0x00000000d6a27d88,0x00000000d6a80000)
 Metaspace       used 50696K, committed 51968K, reserved 1114112K
  class space    used 5330K, committed 5888K, reserved 1048576K
}
Event: 53.554 GC heap before
{Heap before GC invocations=280 (full 2):
 PSYoungGen      total 1536K, used 992K [0x00000000eab00000, 0x00000000eae00000, 0x0000000100000000)
  eden space 512K, 100% used [0x00000000eab00000,0x00000000eab80000,0x00000000eab80000)
  from space 1024K, 46% used [0x00000000eab80000,0x00000000eabf8000,0x00000000eac80000)
  to   space 1024K, 0% used [0x00000000ead00000,0x00000000ead00000,0x00000000eae00000)
 ParOldGen       total 371200K, used 370847K [0x00000000c0000000, 0x00000000d6a80000, 0x00000000eab00000)
  object space 371200K, 99% used [0x00000000c0000000,0x00000000d6a27d88,0x00000000d6a80000)
 Metaspace       used 50696K, committed 51968K, reserved 1114112K
  class space    used 5330K, committed 5888K, reserved 1048576K
}
Event: 53.556 GC heap after
{Heap after GC invocations=280 (full 2):
 PSYoungGen      total 2048K, used 384K [0x00000000eab00000, 0x00000000ead80000, 0x0000000100000000)
  eden space 1536K, 0% used [0x00000000eab00000,0x00000000eab00000,0x00000000eac80000)
  from space 512K, 75% used [0x00000000ead00000,0x00000000ead60000,0x00000000ead80000)
  to   space 512K, 0% used [0x00000000eac80000,0x00000000eac80000,0x00000000ead00000)
 ParOldGen       total 371200K, used 371183K [0x00000000c0000000, 0x00000000d6a80000, 0x00000000eab00000)
  object space 371200K, 99% used [0x00000000c0000000,0x00000000d6a7bd88,0x00000000d6a80000)
 Metaspace       used 50696K, committed 51968K, reserved 1114112K
  class space    used 5330K, committed 5888K, reserved 1048576K
}
Event: 53.568 GC heap before
{Heap before GC invocations=281 (full 2):
 PSYoungGen      total 2048K, used 1920K [0x00000000eab00000, 0x00000000ead80000, 0x0000000100000000)
  eden space 1536K, 100% used [0x00000000eab00000,0x00000000eac80000,0x00000000eac80000)
  from space 512K, 75% used [0x00000000ead00000,0x00000000ead60000,0x00000000ead80000)
  to   space 512K, 0% used [0x00000000eac80000,0x00000000eac80000,0x00000000ead00000)
 ParOldGen       total 371200K, used 371183K [0x00000000c0000000, 0x00000000d6a80000, 0x00000000eab00000)
  object space 371200K, 99% used [0x00000000c0000000,0x00000000d6a7bd88,0x00000000d6a80000)
 Metaspace       used 50696K, committed 51968K, reserved 1114112K
  class space    used 5330K, committed 5888K, reserved 1048576K
}
Event: 53.570 GC heap after
{Heap after GC invocations=281 (full 2):
 PSYoungGen      total 2048K, used 512K [0x00000000eab00000, 0x00000000eaf80000, 0x0000000100000000)
  eden space 1536K, 0% used [0x00000000eab00000,0x00000000eab00000,0x00000000eac80000)
  from space 512K, 100% used [0x00000000eac80000,0x00000000ead00000,0x00000000ead00000)
  to   space 1536K, 0% used [0x00000000eae00000,0x00000000eae00000,0x00000000eaf80000)
 ParOldGen       total 372224K, used 371959K [0x00000000c0000000, 0x00000000d6b80000, 0x00000000eab00000)
  object space 372224K, 99% used [0x00000000c0000000,0x00000000d6b3dd88,0x00000000d6b80000)
 Metaspace       used 50696K, committed 51968K, reserved 1114112K
  class space    used 5330K, committed 5888K, reserved 1048576K
}
Event: 53.623 GC heap before
{Heap before GC invocations=282 (full 2):
 PSYoungGen      total 2048K, used 2048K [0x00000000eab00000, 0x00000000eaf80000, 0x0000000100000000)
  eden space 1536K, 100% used [0x00000000eab00000,0x00000000eac80000,0x00000000eac80000)
  from space 512K, 100% used [0x00000000eac80000,0x00000000ead00000,0x00000000ead00000)
  to   space 1536K, 0% used [0x00000000eae00000,0x00000000eae00000,0x00000000eaf80000)
 ParOldGen       total 372224K, used 371959K [0x00000000c0000000, 0x00000000d6b80000, 0x00000000eab00000)
  object space 372224K, 99% used [0x00000000c0000000,0x00000000d6b3dd88,0x00000000d6b80000)
 Metaspace       used 50696K, committed 51968K, reserved 1114112K
  class space    used 5330K, committed 5888K, reserved 1048576K
}
Event: 53.625 GC heap after
{Heap after GC invocations=282 (full 2):
 PSYoungGen      total 3072K, used 960K [0x00000000eab00000, 0x00000000eaf80000, 0x0000000100000000)
  eden space 1536K, 0% used [0x00000000eab00000,0x00000000eab00000,0x00000000eac80000)
  from space 1536K, 62% used [0x00000000eae00000,0x00000000eaef0000,0x00000000eaf80000)
  to   space 1536K, 0% used [0x00000000eac80000,0x00000000eac80000,0x00000000eae00000)
 ParOldGen       total 372736K, used 372511K [0x00000000c0000000, 0x00000000d6c00000, 0x00000000eab00000)
  object space 372736K, 99% used [0x00000000c0000000,0x00000000d6bc7d88,0x00000000d6c00000)
 Metaspace       used 50696K, committed 51968K, reserved 1114112K
  class space    used 5330K, committed 5888K, reserved 1048576K
}
Event: 53.703 GC heap before
{Heap before GC invocations=283 (full 2):
 PSYoungGen      total 3072K, used 2495K [0x00000000eab00000, 0x00000000eaf80000, 0x0000000100000000)
  eden space 1536K, 99% used [0x00000000eab00000,0x00000000eac7ffe0,0x00000000eac80000)
  from space 1536K, 62% used [0x00000000eae00000,0x00000000eaef0000,0x00000000eaf80000)
  to   space 1536K, 0% used [0x00000000eac80000,0x00000000eac80000,0x00000000eae00000)
 ParOldGen       total 372736K, used 372511K [0x00000000c0000000, 0x00000000d6c00000, 0x00000000eab00000)
  object space 372736K, 99% used [0x00000000c0000000,0x00000000d6bc7d88,0x00000000d6c00000)
 Metaspace       used 50696K, committed 51968K, reserved 1114112K
  class space    used 5330K, committed 5888K, reserved 1048576K
}
Event: 53.705 GC heap after
{Heap after GC invocations=283 (full 2):
 PSYoungGen      total 3072K, used 1344K [0x00000000eab00000, 0x00000000eaf80000, 0x0000000100000000)
  eden space 1536K, 0% used [0x00000000eab00000,0x00000000eab00000,0x00000000eac80000)
  from space 1536K, 87% used [0x00000000eac80000,0x00000000eadd0000,0x00000000eae00000)
  to   space 1536K, 0% used [0x00000000eae00000,0x00000000eae00000,0x00000000eaf80000)
 ParOldGen       total 373760K, used 373399K [0x00000000c0000000, 0x00000000d6d00000, 0x00000000eab00000)
  object space 373760K, 99% used [0x00000000c0000000,0x00000000d6ca5d88,0x00000000d6d00000)
 Metaspace       used 50696K, committed 51968K, reserved 1114112K
  class space    used 5330K, committed 5888K, reserved 1048576K
}
Event: 54.011 GC heap before
{Heap before GC invocations=284 (full 2):
 PSYoungGen      total 3072K, used 2880K [0x00000000eab00000, 0x00000000eaf80000, 0x0000000100000000)
  eden space 1536K, 100% used [0x00000000eab00000,0x00000000eac80000,0x00000000eac80000)
  from space 1536K, 87% used [0x00000000eac80000,0x00000000eadd0000,0x00000000eae00000)
  to   space 1536K, 0% used [0x00000000eae00000,0x00000000eae00000,0x00000000eaf80000)
 ParOldGen       total 373760K, used 373399K [0x00000000c0000000, 0x00000000d6d00000, 0x00000000eab00000)
  object space 373760K, 99% used [0x00000000c0000000,0x00000000d6ca5d88,0x00000000d6d00000)
 Metaspace       used 50696K, committed 51968K, reserved 1114112K
  class space    used 5330K, committed 5888K, reserved 1048576K
}
Event: 54.018 GC heap after
{Heap after GC invocations=284 (full 2):
 PSYoungGen      total 3072K, used 1376K [0x00000000eab00000, 0x00000000eaf80000, 0x0000000100000000)
  eden space 1536K, 0% used [0x00000000eab00000,0x00000000eab00000,0x00000000eac80000)
  from space 1536K, 89% used [0x00000000eae00000,0x00000000eaf58000,0x00000000eaf80000)
  to   space 1536K, 0% used [0x00000000eac80000,0x00000000eac80000,0x00000000eae00000)
 ParOldGen       total 374784K, used 374655K [0x00000000c0000000, 0x00000000d6e00000, 0x00000000eab00000)
  object space 374784K, 99% used [0x00000000c0000000,0x00000000d6ddfd88,0x00000000d6e00000)
 Metaspace       used 50696K, committed 51968K, reserved 1114112K
  class space    used 5330K, committed 5888K, reserved 1048576K
}
Event: 54.067 GC heap before
{Heap before GC invocations=285 (full 2):
 PSYoungGen      total 3072K, used 2888K [0x00000000eab00000, 0x00000000eaf80000, 0x0000000100000000)
  eden space 1536K, 98% used [0x00000000eab00000,0x00000000eac7a1f8,0x00000000eac80000)
  from space 1536K, 89% used [0x00000000eae00000,0x00000000eaf58000,0x00000000eaf80000)
  to   space 1536K, 0% used [0x00000000eac80000,0x00000000eac80000,0x00000000eae00000)
 ParOldGen       total 374784K, used 374655K [0x00000000c0000000, 0x00000000d6e00000, 0x00000000eab00000)
  object space 374784K, 99% used [0x00000000c0000000,0x00000000d6ddfd88,0x00000000d6e00000)
 Metaspace       used 50696K, committed 51968K, reserved 1114112K
  class space    used 5330K, committed 5888K, reserved 1048576K
}
Event: 54.073 GC heap after
{Heap after GC invocations=285 (full 2):
 PSYoungGen      total 3072K, used 1088K [0x00000000eab00000, 0x00000000eaf80000, 0x0000000100000000)
  eden space 1536K, 0% used [0x00000000eab00000,0x00000000eab00000,0x00000000eac80000)
  from space 1536K, 70% used [0x00000000eac80000,0x00000000ead90000,0x00000000eae00000)
  to   space 1536K, 0% used [0x00000000eae00000,0x00000000eae00000,0x00000000eaf80000)
 ParOldGen       total 376320K, used 375935K [0x00000000c0000000, 0x00000000d6f80000, 0x00000000eab00000)
  object space 376320K, 99% used [0x00000000c0000000,0x00000000d6f1fd88,0x00000000d6f80000)
 Metaspace       used 50696K, committed 51968K, reserved 1114112K
  class space    used 5330K, committed 5888K, reserved 1048576K
}
Event: 55.198 GC heap before
{Heap before GC invocations=286 (full 2):
 PSYoungGen      total 3072K, used 2624K [0x00000000eab00000, 0x00000000eaf80000, 0x0000000100000000)
  eden space 1536K, 100% used [0x00000000eab00000,0x00000000eac80000,0x00000000eac80000)
  from space 1536K, 70% used [0x00000000eac80000,0x00000000ead90000,0x00000000eae00000)
  to   space 1536K, 0% used [0x00000000eae00000,0x00000000eae00000,0x00000000eaf80000)
 ParOldGen       total 376320K, used 375935K [0x00000000c0000000, 0x00000000d6f80000, 0x00000000eab00000)
  object space 376320K, 99% used [0x00000000c0000000,0x00000000d6f1fd88,0x00000000d6f80000)
 Metaspace       used 50734K, committed 52032K, reserved 1114112K
  class space    used 5334K, committed 5888K, reserved 1048576K
}
Event: 55.203 GC heap after
{Heap after GC invocations=286 (full 2):
 PSYoungGen      total 2048K, used 320K [0x00000000eab00000, 0x00000000eae80000, 0x0000000100000000)
  eden space 1536K, 0% used [0x00000000eab00000,0x00000000eab00000,0x00000000eac80000)
  from space 512K, 62% used [0x00000000eae00000,0x00000000eae50000,0x00000000eae80000)
  to   space 1024K, 0% used [0x00000000eac80000,0x00000000eac80000,0x00000000ead80000)
 ParOldGen       total 377344K, used 376943K [0x00000000c0000000, 0x00000000d7080000, 0x00000000eab00000)
  object space 377344K, 99% used [0x00000000c0000000,0x00000000d701bd88,0x00000000d7080000)
 Metaspace       used 50734K, committed 52032K, reserved 1114112K
  class space    used 5334K, committed 5888K, reserved 1048576K
}

Dll operation events (10 events):
Event: 0.067 Loaded shared library c:\Users\herik\.vscode\extensions\redhat.java-1.39.0-win32-x64\jre\21.0.5-win32-x86_64\bin\java.dll
Event: 0.366 Loaded shared library c:\Users\herik\.vscode\extensions\redhat.java-1.39.0-win32-x64\jre\21.0.5-win32-x86_64\bin\zip.dll
Event: 0.475 Loaded shared library C:\Users\herik\.vscode\extensions\redhat.java-1.39.0-win32-x64\jre\21.0.5-win32-x86_64\bin\instrument.dll
Event: 0.492 Loaded shared library C:\Users\herik\.vscode\extensions\redhat.java-1.39.0-win32-x64\jre\21.0.5-win32-x86_64\bin\net.dll
Event: 0.502 Loaded shared library C:\Users\herik\.vscode\extensions\redhat.java-1.39.0-win32-x64\jre\21.0.5-win32-x86_64\bin\nio.dll
Event: 0.506 Loaded shared library C:\Users\herik\.vscode\extensions\redhat.java-1.39.0-win32-x64\jre\21.0.5-win32-x86_64\bin\zip.dll
Event: 0.573 Loaded shared library C:\Users\herik\.vscode\extensions\redhat.java-1.39.0-win32-x64\jre\21.0.5-win32-x86_64\bin\jimage.dll
Event: 0.788 Loaded shared library c:\Users\herik\.vscode\extensions\redhat.java-1.39.0-win32-x64\jre\21.0.5-win32-x86_64\bin\verify.dll
Event: 4.459 Loaded shared library C:\Users\herik\AppData\Roaming\Code\User\globalStorage\redhat.java\1.39.0\config_win\org.eclipse.equinox.launcher\org.eclipse.equinox.launcher.win32.win32.x86_64_1.2.1100.v20240722-2106\eclipse_11904.dll
Event: 26.152 Loaded shared library C:\Users\herik\AppData\Local\Temp\jna-99167991\jna15835428117770071980.dll

Deoptimization events (20 events):
Event: 55.168 Thread 0x000002abfdc688e0 DEOPT PACKING pc=0x000002abb1bf88b0 sp=0x000000e67d2ff400
Event: 55.168 Thread 0x000002abfdc688e0 DEOPT UNPACKING pc=0x000002abb12a3aa2 sp=0x000000e67d2ff390 mode 2
Event: 55.186 Thread 0x000002abfdc688e0 Uncommon trap: trap_request=0xffffffec fr.pc=0x000002abb1b0fd2c relative=0x0000000000000a4c
Event: 55.186 Thread 0x000002abfdc688e0 Uncommon trap: reason=null_assert_or_unreached0 action=make_not_entrant pc=0x000002abb1b0fd2c method=org.eclipse.jdt.internal.compiler.classfmt.FieldInfo.createField([B[IIJ)Lorg/eclipse/jdt/internal/compiler/classfmt/FieldInfo; @ 226 c2
Event: 55.186 Thread 0x000002abfdc688e0 DEOPT PACKING pc=0x000002abb1b0fd2c sp=0x000000e67d2ff040
Event: 55.186 Thread 0x000002abfdc688e0 DEOPT UNPACKING pc=0x000002abb12a3aa2 sp=0x000000e67d2fefa8 mode 2
Event: 55.192 Thread 0x000002abfdc688e0 Uncommon trap: trap_request=0xffffff6e fr.pc=0x000002abb1bfbca8 relative=0x0000000000000928
Event: 55.192 Thread 0x000002abfdc688e0 Uncommon trap: reason=loop_limit_check action=maybe_recompile pc=0x000002abb1bfbca8 method=org.eclipse.jdt.internal.compiler.util.SimpleLookupTable.rehash()V @ 50 c2
Event: 55.192 Thread 0x000002abfdc688e0 DEOPT PACKING pc=0x000002abb1bfbca8 sp=0x000000e67d2ff2a0
Event: 55.192 Thread 0x000002abfdc688e0 DEOPT UNPACKING pc=0x000002abb12a3aa2 sp=0x000000e67d2ff250 mode 2
Event: 55.194 Thread 0x000002abfdc688e0 DEOPT PACKING pc=0x000002abaa7b98ef sp=0x000000e67d2feeb0
Event: 55.194 Thread 0x000002abfdc688e0 DEOPT UNPACKING pc=0x000002abb12a4242 sp=0x000000e67d2fe338 mode 0
Event: 55.228 Thread 0x000002abfdc688e0 Uncommon trap: trap_request=0xffffff45 fr.pc=0x000002abb1c1d9f4 relative=0x0000000000000eb4
Event: 55.228 Thread 0x000002abfdc688e0 Uncommon trap: reason=unstable_if action=reinterpret pc=0x000002abb1c1d9f4 method=org.eclipse.jdt.internal.core.index.DiskIndex.writeDocumentNumbers([ILjava/io/FileOutputStream;)V @ 20 c2
Event: 55.228 Thread 0x000002abfdc688e0 DEOPT PACKING pc=0x000002abb1c1d9f4 sp=0x000000e67d2ff0e0
Event: 55.228 Thread 0x000002abfdc688e0 DEOPT UNPACKING pc=0x000002abb12a3aa2 sp=0x000000e67d2ff0a8 mode 2
Event: 55.419 Thread 0x000002abfdc688e0 Uncommon trap: trap_request=0xffffffbe fr.pc=0x000002abb1b09e9c relative=0x000000000000057c
Event: 56.365 Thread 0x000002abfdc688e0 Uncommon trap: reason=profile_predicate action=maybe_recompile pc=0x000002abb1b09e9c method=org.eclipse.jdt.internal.compiler.util.SimpleLookupTable.put(Ljava/lang/Object;Ljava/lang/Object;)Ljava/lang/Object; @ 61 c2
Event: 56.365 Thread 0x000002abfdc688e0 DEOPT PACKING pc=0x000002abb1b09e9c sp=0x000000e67d2ff310
Event: 56.365 Thread 0x000002abfdc688e0 DEOPT UNPACKING pc=0x000002abb12a3aa2 sp=0x000000e67d2ff2c8 mode 2

Classes loaded (20 events):
Event: 30.763 Loading class java/util/stream/MatchOps$MatchKind
Event: 30.765 Loading class java/util/stream/MatchOps$MatchKind done
Event: 30.765 Loading class java/util/stream/MatchOps
Event: 30.765 Loading class java/util/stream/MatchOps done
Event: 30.765 Loading class java/util/stream/MatchOps$MatchOp
Event: 30.766 Loading class java/util/stream/MatchOps$MatchOp done
Event: 30.766 Loading class java/util/stream/MatchOps$BooleanTerminalSink
Event: 30.766 Loading class java/util/stream/MatchOps$BooleanTerminalSink done
Event: 30.767 Loading class java/util/stream/MatchOps$1MatchSink
Event: 30.767 Loading class java/util/stream/MatchOps$1MatchSink done
Event: 32.988 Loading class java/util/ArrayDeque$DeqSpliterator
Event: 32.989 Loading class java/util/ArrayDeque$DeqSpliterator done
Event: 34.124 Loading class sun/nio/cs/ISO_8859_1$Encoder
Event: 34.131 Loading class sun/nio/cs/ISO_8859_1$Encoder done
Event: 34.131 Loading class sun/nio/cs/Surrogate$Parser
Event: 34.132 Loading class sun/nio/cs/Surrogate$Parser done
Event: 34.132 Loading class sun/nio/cs/Surrogate
Event: 34.132 Loading class sun/nio/cs/Surrogate done
Event: 54.736 Loading class sun/nio/fs/WindowsFileCopy
Event: 54.773 Loading class sun/nio/fs/WindowsFileCopy done

Classes unloaded (7 events):
Event: 27.009 Thread 0x000002aba485eac0 Unloading class 0x000002abbc199400 'java/lang/invoke/LambdaForm$MH+0x000002abbc199400'
Event: 27.010 Thread 0x000002aba485eac0 Unloading class 0x000002abbc199000 'java/lang/invoke/LambdaForm$MH+0x000002abbc199000'
Event: 27.010 Thread 0x000002aba485eac0 Unloading class 0x000002abbc198c00 'java/lang/invoke/LambdaForm$MH+0x000002abbc198c00'
Event: 27.010 Thread 0x000002aba485eac0 Unloading class 0x000002abbc198800 'java/lang/invoke/LambdaForm$MH+0x000002abbc198800'
Event: 27.010 Thread 0x000002aba485eac0 Unloading class 0x000002abbc198400 'java/lang/invoke/LambdaForm$BMH+0x000002abbc198400'
Event: 27.010 Thread 0x000002aba485eac0 Unloading class 0x000002abbc198000 'java/lang/invoke/LambdaForm$DMH+0x000002abbc198000'
Event: 27.010 Thread 0x000002aba485eac0 Unloading class 0x000002abbc196c00 'java/lang/invoke/LambdaForm$DMH+0x000002abbc196c00'

Classes redefined (0 events):
No events

Internal exceptions (20 events):
Event: 29.605 Thread 0x000002ab849a1270 Exception <a 'sun/nio/fs/WindowsException'{0x00000000eb441f38}> (0x00000000eb441f38) 
thrown [s\src\hotspot\share\prims\jni.cpp, line 520]
Event: 29.606 Thread 0x000002ab849a1270 Exception <a 'sun/nio/fs/WindowsException'{0x00000000eb442a38}> (0x00000000eb442a38) 
thrown [s\src\hotspot\share\prims\jni.cpp, line 520]
Event: 29.674 Thread 0x000002ab849a1270 Exception <a 'java/io/FileNotFoundException'{0x00000000ebbfcd08}> (0x00000000ebbfcd08) 
thrown [s\src\hotspot\share\prims\jni.cpp, line 520]
Event: 29.674 Thread 0x000002ab849a1270 Exception <a 'java/io/FileNotFoundException'{0x00000000ebbfdd38}> (0x00000000ebbfdd38) 
thrown [s\src\hotspot\share\prims\jni.cpp, line 520]
Event: 29.677 Thread 0x000002ab849a1270 Exception <a 'java/io/FileNotFoundException'{0x00000000ebc4d228}> (0x00000000ebc4d228) 
thrown [s\src\hotspot\share\prims\jni.cpp, line 520]
Event: 29.678 Thread 0x000002ab849a1270 Exception <a 'java/io/FileNotFoundException'{0x00000000ebc4e5f8}> (0x00000000ebc4e5f8) 
thrown [s\src\hotspot\share\prims\jni.cpp, line 520]
Event: 29.678 Thread 0x000002ab849a1270 Exception <a 'java/io/FileNotFoundException'{0x00000000ebc4f648}> (0x00000000ebc4f648) 
thrown [s\src\hotspot\share\prims\jni.cpp, line 520]
Event: 29.721 Thread 0x000002abfdc69c90 Exception <a 'java/lang/ExceptionInInitializerError'{0x00000000eadd5348}> (0x00000000eadd5348) 
thrown [s\src\hotspot\share\oops\instanceKlass.cpp, line 1220]
Event: 29.759 Thread 0x000002abfdc69c90 Implicit null exception at 0x000002abb1935c7e to 0x000002abb1935ef0
Event: 29.759 Thread 0x000002abfdc69c90 Implicit null exception at 0x000002abb189a01c to 0x000002abb189ae7c
Event: 29.761 Thread 0x000002abfdc69c90 Exception <a 'java/lang/NoSuchMethodError'{0x00000000eb71d860}: 'java.lang.Object java.lang.invoke.Invokers$Holder.invokeExact_MT(java.lang.Object, int, java.lang.Object)'> (0x00000000eb71d860) 
thrown [s\src\hotspot\share\interpreter\linkResolver.cpp, line 773]
Event: 30.234 Thread 0x000002abfdc69c90 Exception <a 'java/lang/NoClassDefFoundError'{0x00000000ead876c0}: com/google/inject/servlet/ServletModuleTargetVisitor> (0x00000000ead876c0) 
thrown [s\src\hotspot\share\classfile\systemDictionary.cpp, line 301]
Event: 30.501 Thread 0x000002ab849a1270 Exception <a 'sun/nio/fs/WindowsException'{0x00000000eb5b7720}> (0x00000000eb5b7720) 
thrown [s\src\hotspot\share\prims\jni.cpp, line 520]
Event: 30.611 Thread 0x000002ab849a1900 Exception <a 'sun/nio/fs/WindowsException'{0x00000000eab66000}> (0x00000000eab66000) 
thrown [s\src\hotspot\share\prims\jni.cpp, line 520]
Event: 31.018 Thread 0x000002ab849a0550 Exception <a 'java/lang/IncompatibleClassChangeError'{0x00000000eb019930}: Found class java.lang.Object, but interface was expected> (0x00000000eb019930) 
thrown [s\src\hotspot\share\interpreter\linkResolver.cpp, line 840]
Event: 34.932 Thread 0x000002abfdc688e0 Implicit null exception at 0x000002abb1b19c50 to 0x000002abb1b1ed5c
Event: 54.777 Thread 0x000002abfdc688e0 Exception <a 'sun/nio/fs/WindowsException'{0x00000000eab2b720}> (0x00000000eab2b720) 
thrown [s\src\hotspot\share\prims\jni.cpp, line 520]
Event: 55.110 Thread 0x000002abfdc688e0 Exception <a 'sun/nio/fs/WindowsException'{0x00000000eab55488}> (0x00000000eab55488) 
thrown [s\src\hotspot\share\prims\jni.cpp, line 520]
Event: 55.148 Thread 0x000002abfdc688e0 Exception <a 'sun/nio/fs/WindowsException'{0x00000000eab69bf0}> (0x00000000eab69bf0) 
thrown [s\src\hotspot\share\prims\jni.cpp, line 520]
Event: 55.416 Thread 0x000002abfdc688e0 Exception <a 'sun/nio/fs/WindowsException'{0x00000000eab9a9d8}> (0x00000000eab9a9d8) 
thrown [s\src\hotspot\share\prims\jni.cpp, line 520]

ZGC Phase Switch (0 events):
No events

VM Operations (20 events):
Event: 53.554 Executing VM operation: ParallelGCFailedAllocation (Allocation Failure)
Event: 53.556 Executing VM operation: ParallelGCFailedAllocation (Allocation Failure) done
Event: 53.568 Executing VM operation: ParallelGCFailedAllocation (Allocation Failure)
Event: 53.570 Executing VM operation: ParallelGCFailedAllocation (Allocation Failure) done
Event: 53.623 Executing VM operation: ParallelGCFailedAllocation (Allocation Failure)
Event: 53.625 Executing VM operation: ParallelGCFailedAllocation (Allocation Failure) done
Event: 53.703 Executing VM operation: ParallelGCFailedAllocation (Allocation Failure)
Event: 53.705 Executing VM operation: ParallelGCFailedAllocation (Allocation Failure) done
Event: 53.994 Executing VM operation: ParallelGCFailedAllocation (Allocation Failure)
Event: 54.018 Executing VM operation: ParallelGCFailedAllocation (Allocation Failure) done
Event: 54.067 Executing VM operation: ParallelGCFailedAllocation (Allocation Failure)
Event: 54.073 Executing VM operation: ParallelGCFailedAllocation (Allocation Failure) done
Event: 55.073 Executing VM operation: Cleanup
Event: 55.097 Executing VM operation: Cleanup done
Event: 55.097 Executing VM operation: HandshakeAllThreads (Deoptimize)
Event: 55.097 Executing VM operation: HandshakeAllThreads (Deoptimize) done
Event: 55.099 Executing VM operation: HandshakeAllThreads (Deoptimize)
Event: 55.099 Executing VM operation: HandshakeAllThreads (Deoptimize) done
Event: 55.198 Executing VM operation: ParallelGCFailedAllocation (Allocation Failure)
Event: 55.203 Executing VM operation: ParallelGCFailedAllocation (Allocation Failure) done

Memory protections (0 events):
No events

Nmethod flushes (20 events):
Event: 28.209 Thread 0x000002aba485eac0 flushing  nmethod 0x000002abaa3c6990
Event: 28.209 Thread 0x000002aba485eac0 flushing  nmethod 0x000002abaa3c7690
Event: 28.209 Thread 0x000002aba485eac0 flushing  nmethod 0x000002abaa3c7a90
Event: 28.209 Thread 0x000002aba485eac0 flushing  nmethod 0x000002abaa3c8890
Event: 28.209 Thread 0x000002aba485eac0 flushing  nmethod 0x000002abaa3c9810
Event: 28.209 Thread 0x000002aba485eac0 flushing  nmethod 0x000002abaa418890
Event: 28.209 Thread 0x000002aba485eac0 flushing  nmethod 0x000002abaa41e090
Event: 28.209 Thread 0x000002aba485eac0 flushing  nmethod 0x000002abaa43a290
Event: 28.209 Thread 0x000002aba485eac0 flushing  nmethod 0x000002abaa471410
Event: 28.209 Thread 0x000002aba485eac0 flushing  nmethod 0x000002abaa4aa090
Event: 28.209 Thread 0x000002aba485eac0 flushing  nmethod 0x000002abaa4c1690
Event: 28.209 Thread 0x000002aba485eac0 flushing  nmethod 0x000002abaa4e7e10
Event: 28.209 Thread 0x000002aba485eac0 flushing  nmethod 0x000002abaa501810
Event: 28.209 Thread 0x000002aba485eac0 flushing  nmethod 0x000002abaa501c90
Event: 28.209 Thread 0x000002aba485eac0 flushing  nmethod 0x000002abaa504310
Event: 28.209 Thread 0x000002aba485eac0 flushing  nmethod 0x000002abaa505110
Event: 28.209 Thread 0x000002aba485eac0 flushing  nmethod 0x000002abaa505d90
Event: 28.209 Thread 0x000002aba485eac0 flushing  nmethod 0x000002abaa507b90
Event: 28.209 Thread 0x000002aba485eac0 flushing  nmethod 0x000002abaa51fa90
Event: 28.209 Thread 0x000002aba485eac0 flushing  nmethod 0x000002abaa538a10

Events (20 events):
Event: 27.880 Thread 0x000002abfdc6a9b0 Thread added: 0x000002abfdc68f70
Event: 27.924 Thread 0x000002abfdc68f70 Thread added: 0x000002abfdc69c90
Event: 27.961 Thread 0x000002aba69d3bd0 Thread added: 0x000002abfdc69600
Event: 27.961 Thread 0x000002aba69d3bd0 Thread added: 0x000002ab8499eb10
Event: 27.962 Thread 0x000002aba69d3bd0 Thread added: 0x000002ab8499f830
Event: 27.962 Thread 0x000002aba69d3bd0 Thread added: 0x000002ab8499ddf0
Event: 27.962 Thread 0x000002aba69d3bd0 Thread added: 0x000002ab8499d0d0
Event: 27.965 Thread 0x000002aba69d3bd0 Thread added: 0x000002ab8499fec0
Event: 27.965 Thread 0x000002aba69d3bd0 Thread added: 0x000002ab8499f1a0
Event: 27.965 Thread 0x000002aba69d3bd0 Thread added: 0x000002ab8499e480
Event: 27.965 Thread 0x000002aba69d3bd0 Thread added: 0x000002ab8499d760
Event: 27.988 Thread 0x000002aba69d3bd0 Thread added: 0x000002ab8499ca40
Event: 28.148 Thread 0x000002aba69d3bd0 Thread added: 0x000002ab849a2cb0
Event: 28.148 Thread 0x000002aba69d3bd0 Thread added: 0x000002ab849a0550
Event: 28.288 Thread 0x000002abfdc68f70 Thread added: 0x000002ab849a1270
Event: 28.308 Thread 0x000002ab849a1270 Thread added: 0x000002ab849a3340
Event: 30.563 Thread 0x000002ab849a1270 Thread added: 0x000002ab849a1900
Event: 30.617 Thread 0x000002ab849a1900 Thread added: 0x000002ab85aa3f60
Event: 30.630 Thread 0x000002ab849a1900 Thread added: 0x000002ab85aa38d0
Event: 32.105 Thread 0x000002abfdc6a320 Thread exited: 0x000002abfdc6a320


Dynamic libraries:
0x00007ff7df1f0000 - 0x00007ff7df1fe000 	c:\Users\herik\.vscode\extensions\redhat.java-1.39.0-win32-x64\jre\21.0.5-win32-x86_64\bin\java.exe
0x00007ffcc6b20000 - 0x00007ffcc6d88000 	C:\WINDOWS\SYSTEM32\ntdll.dll
0x00007ffcc6860000 - 0x00007ffcc6929000 	C:\WINDOWS\System32\KERNEL32.DLL
0x00007ffcc44f0000 - 0x00007ffcc48e2000 	C:\WINDOWS\System32\KERNELBASE.dll
0x00007ffcc4300000 - 0x00007ffcc444b000 	C:\WINDOWS\System32\ucrtbase.dll
0x00007ffc93510000 - 0x00007ffc9352e000 	c:\Users\herik\.vscode\extensions\redhat.java-1.39.0-win32-x64\jre\21.0.5-win32-x86_64\bin\VCRUNTIME140.dll
0x00007ffca09e0000 - 0x00007ffca09f8000 	c:\Users\herik\.vscode\extensions\redhat.java-1.39.0-win32-x64\jre\21.0.5-win32-x86_64\bin\jli.dll
0x00007ffcc5490000 - 0x00007ffcc5655000 	C:\WINDOWS\System32\USER32.dll
0x00007ffca8140000 - 0x00007ffca83d3000 	C:\WINDOWS\WinSxS\amd64_microsoft.windows.common-controls_6595b64144ccf1df_6.0.26100.6725_none_3e085828e334708b\COMCTL32.dll
0x00007ffcc4240000 - 0x00007ffcc4267000 	C:\WINDOWS\System32\win32u.dll
0x00007ffcc6730000 - 0x00007ffcc675b000 	C:\WINDOWS\System32\GDI32.dll
0x00007ffcc3ed0000 - 0x00007ffcc3ffd000 	C:\WINDOWS\System32\gdi32full.dll
0x00007ffcc56d0000 - 0x00007ffcc5779000 	C:\WINDOWS\System32\msvcrt.dll
0x00007ffcc3cb0000 - 0x00007ffcc3d53000 	C:\WINDOWS\System32\msvcp_win.dll
0x00007ffcc5660000 - 0x00007ffcc568f000 	C:\WINDOWS\System32\IMM32.DLL
0x00007ffcaa350000 - 0x00007ffcaa35c000 	c:\Users\herik\.vscode\extensions\redhat.java-1.39.0-win32-x64\jre\21.0.5-win32-x86_64\bin\vcruntime140_1.dll
0x00007ffc656c0000 - 0x00007ffc6574d000 	c:\Users\herik\.vscode\extensions\redhat.java-1.39.0-win32-x64\jre\21.0.5-win32-x86_64\bin\msvcp140.dll
0x00007ffc0fb10000 - 0x00007ffc1089f000 	c:\Users\herik\.vscode\extensions\redhat.java-1.39.0-win32-x64\jre\21.0.5-win32-x86_64\bin\server\jvm.dll
0x00007ffcc5270000 - 0x00007ffcc5324000 	C:\WINDOWS\System32\ADVAPI32.dll
0x00007ffcc5a20000 - 0x00007ffcc5ac6000 	C:\WINDOWS\System32\sechost.dll
0x00007ffcc5880000 - 0x00007ffcc5998000 	C:\WINDOWS\System32\RPCRT4.dll
0x00007ffcc59a0000 - 0x00007ffcc5a14000 	C:\WINDOWS\System32\WS2_32.dll
0x00007ffcc3b10000 - 0x00007ffcc3b6e000 	C:\WINDOWS\SYSTEM32\POWRPROF.dll
0x00007ffca80c0000 - 0x00007ffca80cb000 	C:\WINDOWS\SYSTEM32\VERSION.dll
0x00007ffcaaca0000 - 0x00007ffcaacd5000 	C:\WINDOWS\SYSTEM32\WINMM.dll
0x00007ffcc3af0000 - 0x00007ffcc3b04000 	C:\WINDOWS\SYSTEM32\UMPDC.dll
0x00007ffcc2a80000 - 0x00007ffcc2a9b000 	C:\WINDOWS\SYSTEM32\kernel.appcore.dll
0x00007ffcaa2c0000 - 0x00007ffcaa2ca000 	c:\Users\herik\.vscode\extensions\redhat.java-1.39.0-win32-x64\jre\21.0.5-win32-x86_64\bin\jimage.dll
0x00007ffcc13d0000 - 0x00007ffcc1612000 	C:\WINDOWS\SYSTEM32\DBGHELP.DLL
0x00007ffcc5dc0000 - 0x00007ffcc613b000 	C:\WINDOWS\System32\combase.dll
0x00007ffcc5ae0000 - 0x00007ffcc5bb7000 	C:\WINDOWS\System32\OLEAUT32.dll
0x00007ffca2130000 - 0x00007ffca216c000 	C:\WINDOWS\SYSTEM32\dbgcore.DLL
0x00007ffcc4450000 - 0x00007ffcc44e8000 	C:\WINDOWS\System32\bcryptPrimitives.dll
0x00007ffcaa170000 - 0x00007ffcaa17f000 	c:\Users\herik\.vscode\extensions\redhat.java-1.39.0-win32-x64\jre\21.0.5-win32-x86_64\bin\instrument.dll
0x00007ffc87ba0000 - 0x00007ffc87bbf000 	c:\Users\herik\.vscode\extensions\redhat.java-1.39.0-win32-x64\jre\21.0.5-win32-x86_64\bin\java.dll
0x00007ffcc4ad0000 - 0x00007ffcc521c000 	C:\WINDOWS\System32\SHELL32.dll
0x00007ffcc3d60000 - 0x00007ffcc3ecb000 	C:\WINDOWS\System32\wintypes.dll
0x00007ffcc18d0000 - 0x00007ffcc212d000 	C:\WINDOWS\SYSTEM32\windows.storage.dll
0x00007ffcc61a0000 - 0x00007ffcc6292000 	C:\WINDOWS\System32\SHCORE.dll
0x00007ffcc5810000 - 0x00007ffcc5872000 	C:\WINDOWS\System32\shlwapi.dll
0x00007ffcc3bd0000 - 0x00007ffcc3bf9000 	C:\WINDOWS\SYSTEM32\profapi.dll
0x00007ffc86140000 - 0x00007ffc86158000 	c:\Users\herik\.vscode\extensions\redhat.java-1.39.0-win32-x64\jre\21.0.5-win32-x86_64\bin\zip.dll
0x00007ffcaa0a0000 - 0x00007ffcaa0b0000 	C:\Users\herik\.vscode\extensions\redhat.java-1.39.0-win32-x64\jre\21.0.5-win32-x86_64\bin\net.dll
0x00007ffcb4360000 - 0x00007ffcb447f000 	C:\WINDOWS\SYSTEM32\WINHTTP.dll
0x00007ffcc2ff0000 - 0x00007ffcc305b000 	C:\WINDOWS\system32\mswsock.dll
0x00007ffc85440000 - 0x00007ffc85456000 	C:\Users\herik\.vscode\extensions\redhat.java-1.39.0-win32-x64\jre\21.0.5-win32-x86_64\bin\nio.dll
0x00007ffca9e30000 - 0x00007ffca9e40000 	c:\Users\herik\.vscode\extensions\redhat.java-1.39.0-win32-x64\jre\21.0.5-win32-x86_64\bin\verify.dll
0x00007ffc5a780000 - 0x00007ffc5a7c5000 	C:\Users\herik\AppData\Roaming\Code\User\globalStorage\redhat.java\1.39.0\config_win\org.eclipse.equinox.launcher\org.eclipse.equinox.launcher.win32.win32.x86_64_1.2.1100.v20240722-2106\eclipse_11904.dll
0x00007ffcc6930000 - 0x00007ffcc6ac8000 	C:\WINDOWS\System32\ole32.dll
0x00007ffcc32a0000 - 0x00007ffcc32bb000 	C:\WINDOWS\SYSTEM32\CRYPTSP.dll
0x00007ffcc29e0000 - 0x00007ffcc2a1b000 	C:\WINDOWS\system32\rsaenh.dll
0x00007ffcc3090000 - 0x00007ffcc30bb000 	C:\WINDOWS\SYSTEM32\USERENV.dll
0x00007ffcc3ba0000 - 0x00007ffcc3bc6000 	C:\WINDOWS\SYSTEM32\bcrypt.dll
0x00007ffcc32c0000 - 0x00007ffcc32cc000 	C:\WINDOWS\SYSTEM32\CRYPTBASE.dll
0x00007ffcc24b0000 - 0x00007ffcc24e4000 	C:\WINDOWS\SYSTEM32\IPHLPAPI.DLL
0x00007ffcc5bc0000 - 0x00007ffcc5bca000 	C:\WINDOWS\System32\NSI.dll
0x00007ffca9f60000 - 0x00007ffca9fa9000 	C:\Users\herik\AppData\Local\Temp\jna-99167991\jna15835428117770071980.dll
0x00007ffcc5bd0000 - 0x00007ffcc5bd8000 	C:\WINDOWS\System32\PSAPI.DLL
0x00007ffcb9020000 - 0x00007ffcb903e000 	C:\WINDOWS\SYSTEM32\dhcpcsvc6.DLL
0x00007ffcb4490000 - 0x00007ffcb44b3000 	C:\WINDOWS\SYSTEM32\dhcpcsvc.DLL

dbghelp: loaded successfully - version: 4.0.5 - missing functions: none
symbol engine: initialized successfully - sym options: 0x614 - pdb path: .;c:\Users\herik\.vscode\extensions\redhat.java-1.39.0-win32-x64\jre\21.0.5-win32-x86_64\bin;C:\WINDOWS\SYSTEM32;C:\WINDOWS\WinSxS\amd64_microsoft.windows.common-controls_6595b64144ccf1df_6.0.26100.6725_none_3e085828e334708b;c:\Users\herik\.vscode\extensions\redhat.java-1.39.0-win32-x64\jre\21.0.5-win32-x86_64\bin\server;C:\Users\herik\AppData\Roaming\Code\User\globalStorage\redhat.java\1.39.0\config_win\org.eclipse.equinox.launcher\org.eclipse.equinox.launcher.win32.win32.x86_64_1.2.1100.v20240722-2106;C:\Users\herik\AppData\Local\Temp\jna-99167991

VM Arguments:
jvm_args: --add-modules=ALL-SYSTEM --add-opens=java.base/java.util=ALL-UNNAMED --add-opens=java.base/java.lang=ALL-UNNAMED --add-opens=java.base/sun.nio.fs=ALL-UNNAMED -Declipse.application=org.eclipse.jdt.ls.core.id1 -Dosgi.bundles.defaultStartLevel=4 -Declipse.product=org.eclipse.jdt.ls.core.product -Djava.import.generatesMetadataFilesAtProjectRoot=false -DDetectVMInstallationsJob.disabled=true -Dfile.encoding=utf8 -XX:+UseParallelGC -XX:GCTimeRatio=4 -XX:AdaptiveSizePolicyWeight=90 -Dsun.zip.disableMemoryMapping=true -Xmx1G -Xms100m -Xlog:disable -javaagent:c:\Users\herik\.vscode\extensions\redhat.java-1.39.0-win32-x64\lombok\lombok-1.18.34.jar -XX:+HeapDumpOnOutOfMemoryError -XX:HeapDumpPath=c:\Users\herik\AppData\Roaming\Code\User\workspaceStorage\fe357c4e1896176b19ada03263e8c2cb\redhat.java -Daether.dependencyCollector.impl=bf 
java_command: c:\Users\herik\.vscode\extensions\redhat.java-1.39.0-win32-x64\server\plugins\org.eclipse.equinox.launcher_1.6.900.v20240613-2009.jar -configuration c:\Users\herik\AppData\Roaming\Code\User\globalStorage\redhat.java\1.39.0\config_win -data c:\Users\herik\AppData\Roaming\Code\User\workspaceStorage\fe357c4e1896176b19ada03263e8c2cb\redhat.java\jdt_ws --pipe=\\.\pipe\lsp-1fb5ab58d9e0d9442e705c6912fc122c-sock
java_class_path (initial): c:\Users\herik\.vscode\extensions\redhat.java-1.39.0-win32-x64\server\plugins\org.eclipse.equinox.launcher_1.6.900.v20240613-2009.jar
Launcher Type: SUN_STANDARD

[Global flags]
    uintx AdaptiveSizePolicyWeight                 = 90                                        {product} {command line}
     intx CICompilerCount                          = 4                                         {product} {ergonomic}
    uintx GCTimeRatio                              = 4                                         {product} {command line}
     bool HeapDumpOnOutOfMemoryError               = true                                   {manageable} {command line}
    ccstr HeapDumpPath                             = c:\Users\herik\AppData\Roaming\Code\User\workspaceStorage\fe357c4e1896176b19ada03263e8c2cb\redhat.java         {manageable} {command line}
   size_t InitialHeapSize                          = 104857600                                 {product} {command line}
   size_t MaxHeapSize                              = 1073741824                                {product} {command line}
   size_t MaxNewSize                               = 357564416                                 {product} {ergonomic}
   size_t MinHeapDeltaBytes                        = 524288                                    {product} {ergonomic}
   size_t MinHeapSize                              = 104857600                                 {product} {command line}
   size_t NewSize                                  = 34603008                                  {product} {ergonomic}
    uintx NonNMethodCodeHeapSize                   = 5839372                                {pd product} {ergonomic}
    uintx NonProfiledCodeHeapSize                  = 122909434                              {pd product} {ergonomic}
   size_t OldSize                                  = 70254592                                  {product} {ergonomic}
    uintx ProfiledCodeHeapSize                     = 122909434                              {pd product} {ergonomic}
    uintx ReservedCodeCacheSize                    = 251658240                              {pd product} {ergonomic}
     bool SegmentedCodeCache                       = true                                      {product} {ergonomic}
   size_t SoftMaxHeapSize                          = 1073741824                             {manageable} {ergonomic}
     bool UseCompressedOops                        = true                           {product lp64_product} {ergonomic}
     bool UseLargePagesIndividualAllocation        = false                                  {pd product} {ergonomic}
     bool UseParallelGC                            = true                                      {product} {command line}

Logging:
Log output configuration:
 #0: stdout all=off uptime,level,tags foldmultilines=false
 #1: stderr all=off uptime,level,tags foldmultilines=false

Environment Variables:
PATH=C:\Program Files\Common Files\Oracle\Java\javapath;C:\WINDOWS\system32;C:\WINDOWS;C:\WINDOWS\System32\Wbem;C:\WINDOWS\System32\WindowsPowerShell\v1.0\;C:\WINDOWS\System32\OpenSSH\;C:\Program Files\nodejs\;C:\xampp\htdocs;C:\Program Files\Git\cmd;C:\Program Files\Docker\Docker\resources\bin;C:\apache-maven-3.9.11\bin;C:\MongoDB\mongosh-2.5.8-win32-x64\bin;C:\Users\herik\AppData\Local\Programs\Python\Python313\Scripts\;C:\Users\herik\AppData\Local\Programs\Python\Python313\;C:\Users\herik\AppData\Local\Microsoft\WindowsApps;C:\Users\herik\AppData\Local\Programs\Microsoft VS Code\bin;C:\Users\herik\AppData\Roaming\npm;C:\Extrairphp;
USERNAME=herik
OS=Windows_NT
PROCESSOR_IDENTIFIER=Intel64 Family 6 Model 154 Stepping 4, GenuineIntel
TMP=C:\Users\herik\AppData\Local\Temp
TEMP=C:\Users\herik\AppData\Local\Temp




Periodic native trim disabled

---------------  S Y S T E M  ---------------

OS:
 Windows 11 , 64 bit Build 26100 (10.0.26100.6725)
OS uptime: 0 days 1:55 hours
Hyper-V role detected

CPU: total 8 (initial active 8) (4 cores per cpu, 2 threads per core) family 6 model 154 stepping 4 microcode 0x423, cx8, cmov, fxsr, ht, mmx, 3dnowpref, sse, sse2, sse3, ssse3, sse4.1, sse4.2, popcnt, lzcnt, tsc, tscinvbit, avx, avx2, aes, erms, clmul, bmi1, bmi2, adx, sha, fma, vzeroupper, clflush, clflushopt, clwb, hv, serialize, rdtscp, rdpid, fsrm, f16c, cet_ibt, cet_ss
Processor Information for processor 0
  Max Mhz: 1200, Current Mhz: 1200, Mhz Limit: 1200
Processor Information for processor 1
  Max Mhz: 1200, Current Mhz: 1200, Mhz Limit: 1200
Processor Information for processor 2
  Max Mhz: 1200, Current Mhz: 1200, Mhz Limit: 1200
Processor Information for processor 3
  Max Mhz: 1200, Current Mhz: 1200, Mhz Limit: 1200
Processor Information for processor 4
  Max Mhz: 1200, Current Mhz: 900, Mhz Limit: 900
Processor Information for processor 5
  Max Mhz: 1200, Current Mhz: 900, Mhz Limit: 900
Processor Information for processor 6
  Max Mhz: 1200, Current Mhz: 900, Mhz Limit: 900
Processor Information for processor 7
  Max Mhz: 1200, Current Mhz: 900, Mhz Limit: 900

Memory: 4k page, system-wide physical 3797M (148M free)
TotalPageFile size 15573M (AvailPageFile size 0M)
current process WorkingSet (physical memory assigned to process): 258M, peak: 310M
current process commit charge ("private bytes"): 585M, peak: 585M

vm_info: OpenJDK 64-Bit Server VM (21.0.5+11-LTS) for windows-amd64 JRE (21.0.5+11-LTS), built on 2024-10-15T00:00:00Z by "admin" with MS VC++ 17.7 (VS2022)

END.
