#
# There is insufficient memory for the Java Runtime Environment to continue.
# Native memory allocation (malloc) failed to allocate 838656 bytes. Error detail: Chunk::new
# Possible reasons:
#   The system is out of physical RAM or swap space
#   This process is running with CompressedOops enabled, and the Java Heap may be blocking the growth of the native heap
# Possible solutions:
#   Reduce memory load on the system
#   Increase physical memory or swap space
#   Check if swap backing store is full
#   Decrease Java heap size (-Xmx/-Xms)
#   Decrease number of Java threads
#   Decrease Java thread stack sizes (-Xss)
#   Set larger code cache with -XX:ReservedCodeCacheSize=
#   JVM is running with Unscaled Compressed Oops mode in which the Java heap is
#     placed in the first 4GB address space. The Java Heap base address is the
#     maximum limit for the native heap growth. Please use -XX:HeapBaseMinAddress
#     to set the Java Heap base and to place the Java Heap above 4GB virtual address.
# This output file may be truncated or incomplete.
#
#  Out of Memory Error (arena.cpp:168), pid=20808, tid=11496
#
# JRE version: OpenJDK Runtime Environment Temurin-21.0.5+11 (21.0.5+11) (build 21.0.5+11-LTS)
# Java VM: OpenJDK 64-Bit Server VM Temurin-21.0.5+11 (21.0.5+11-LTS, mixed mode, sharing, tiered, compressed oops, compressed class ptrs, parallel gc, windows-amd64)
# No core dump will be written. Minidumps are not enabled by default on client versions of Windows
#

---------------  S U M M A R Y ------------

Command Line: --add-modules=ALL-SYSTEM --add-opens=java.base/java.util=ALL-UNNAMED --add-opens=java.base/java.lang=ALL-UNNAMED --add-opens=java.base/sun.nio.fs=ALL-UNNAMED -Declipse.application=org.eclipse.jdt.ls.core.id1 -Dosgi.bundles.defaultStartLevel=4 -Declipse.product=org.eclipse.jdt.ls.core.product -Djava.import.generatesMetadataFilesAtProjectRoot=false -DDetectVMInstallationsJob.disabled=true -Dfile.encoding=utf8 -XX:+UseParallelGC -XX:GCTimeRatio=4 -XX:AdaptiveSizePolicyWeight=90 -Dsun.zip.disableMemoryMapping=true -Xmx1G -Xms100m -Xlog:disable -javaagent:c:\Users\herik\.vscode\extensions\redhat.java-1.39.0-win32-x64\lombok\lombok-1.18.34.jar c:\Users\herik\.vscode\extensions\redhat.java-1.39.0-win32-x64\server\plugins\org.eclipse.equinox.launcher_1.6.900.v20240613-2009.jar -configuration c:\Users\herik\AppData\Roaming\Code\User\globalStorage\redhat.java\1.39.0\config_ss_win -data c:\Users\herik\AppData\Roaming\Code\User\workspaceStorage\fe357c4e1896176b19ada03263e8c2cb\redhat.java\ss_ws --pipe=\\.\pipe\lsp-8e3a65fa29919c0b4825d789c488bd87-sock

Host: 12th Gen Intel(R) Core(TM) i3-1215U, 8 cores, 3G,  Windows 11 , 64 bit Build 26100 (10.0.26100.6725)
Time: Sun Oct  5 12:26:40 2025 Hora oficial do Brasil elapsed time: 68.063410 seconds (0d 0h 1m 8s)

---------------  T H R E A D  ---------------

Current thread (0x0000026a35e74b60):  JavaThread "C2 CompilerThread0" daemon [_thread_in_native, id=11496, stack(0x000000e0b0c00000,0x000000e0b0d00000) (1024K)]


Current CompileTask:
C2:68063 4265       4       jdk.internal.jimage.ImageLocation::getFullName (109 bytes)

Stack: [0x000000e0b0c00000,0x000000e0b0d00000]
Native frames: (J=compiled Java code, j=interpreted, Vv=VM code, C=native code)
V  [jvm.dll+0x6cd4e9]
V  [jvm.dll+0x8a7941]
V  [jvm.dll+0x8a9e6e]
V  [jvm.dll+0x8aa543]
V  [jvm.dll+0x27f6d6]
V  [jvm.dll+0xc500d]
V  [jvm.dll+0xc5543]
V  [jvm.dll+0x3b660c]
V  [jvm.dll+0x382835]
V  [jvm.dll+0x381c9a]
V  [jvm.dll+0x2479d0]
V  [jvm.dll+0x246faf]
V  [jvm.dll+0x1c75ce]
V  [jvm.dll+0x25682a]
V  [jvm.dll+0x254dca]
V  [jvm.dll+0x3f00d6]
V  [jvm.dll+0x8514fb]
V  [jvm.dll+0x6cbbed]
C  [ucrtbase.dll+0x37b0]
C  [KERNEL32.DLL+0x2e8d7]
C  [ntdll.dll+0x8c53c]


---------------  P R O C E S S  ---------------

Threads class SMR info:
_java_thread_list=0x0000026a7df87040, length=38, elements={
0x0000026a2194d990, 0x0000026a21a09ff0, 0x0000026a21a0cbd0, 0x0000026a35e65640,
0x0000026a35e69550, 0x0000026a35e6afe0, 0x0000026a35e6cf90, 0x0000026a35e74b60,
0x0000026a35e81ff0, 0x0000026a78a5f740, 0x0000026a78d02990, 0x0000026a7d614f00,
0x0000026a7d73a1b0, 0x0000026a7d73ab90, 0x0000026a7d5b5730, 0x0000026a78d2ea50,
0x0000026a7d608f20, 0x0000026a7d609950, 0x0000026a78da06b0, 0x0000026a7d7f32f0,
0x0000026a7d7f4010, 0x0000026a7d7f3980, 0x0000026a7d7f53c0, 0x0000026a7d7f46a0,
0x0000026a7d7f5a50, 0x0000026a7d7f60e0, 0x0000026a7d7f2c60, 0x0000026a7dc04e30,
0x0000026a7dc06f00, 0x0000026a7dc05b50, 0x0000026a7dc061e0, 0x0000026a7dc047a0,
0x0000026a7dc08940, 0x0000026a7dc07c20, 0x0000026a7dc06870, 0x0000026a7dc082b0,
0x0000026a7dc054c0, 0x0000026a7dc0a380
}

Java Threads: ( => current thread )
  0x0000026a2194d990 JavaThread "main"                              [_thread_blocked, id=19572, stack(0x000000e0b0200000,0x000000e0b0300000) (1024K)]
  0x0000026a21a09ff0 JavaThread "Reference Handler"          daemon [_thread_blocked, id=21160, stack(0x000000e0b0600000,0x000000e0b0700000) (1024K)]
  0x0000026a21a0cbd0 JavaThread "Finalizer"                  daemon [_thread_blocked, id=20660, stack(0x000000e0b0700000,0x000000e0b0800000) (1024K)]
  0x0000026a35e65640 JavaThread "Signal Dispatcher"          daemon [_thread_blocked, id=20376, stack(0x000000e0b0800000,0x000000e0b0900000) (1024K)]
  0x0000026a35e69550 JavaThread "Attach Listener"            daemon [_thread_blocked, id=19176, stack(0x000000e0b0900000,0x000000e0b0a00000) (1024K)]
  0x0000026a35e6afe0 JavaThread "Service Thread"             daemon [_thread_blocked, id=7900, stack(0x000000e0b0a00000,0x000000e0b0b00000) (1024K)]
  0x0000026a35e6cf90 JavaThread "Monitor Deflation Thread"   daemon [_thread_blocked, id=20840, stack(0x000000e0b0b00000,0x000000e0b0c00000) (1024K)]
=>0x0000026a35e74b60 JavaThread "C2 CompilerThread0"         daemon [_thread_in_native, id=11496, stack(0x000000e0b0c00000,0x000000e0b0d00000) (1024K)]
  0x0000026a35e81ff0 JavaThread "C1 CompilerThread0"         daemon [_thread_in_native, id=18024, stack(0x000000e0b0d00000,0x000000e0b0e00000) (1024K)]
  0x0000026a78a5f740 JavaThread "Common-Cleaner"             daemon [_thread_blocked, id=4596, stack(0x000000e0b0e00000,0x000000e0b0f00000) (1024K)]
  0x0000026a78d02990 JavaThread "Notification Thread"        daemon [_thread_blocked, id=17892, stack(0x000000e0b0f00000,0x000000e0b1000000) (1024K)]
  0x0000026a7d614f00 JavaThread "Active Thread: Equinox Container: abdccaa2-f518-4be0-ac7a-d9029cdc0728"        [_thread_blocked, id=19536, stack(0x000000e0b1600000,0x000000e0b1700000) (1024K)]
  0x0000026a7d73a1b0 JavaThread "Framework Event Dispatcher: Equinox Container: abdccaa2-f518-4be0-ac7a-d9029cdc0728" daemon [_thread_blocked, id=16464, stack(0x000000e0b1700000,0x000000e0b1800000) (1024K)]
  0x0000026a7d73ab90 JavaThread "Start Level: Equinox Container: abdccaa2-f518-4be0-ac7a-d9029cdc0728" daemon [_thread_blocked, id=3504, stack(0x000000e0b1800000,0x000000e0b1900000) (1024K)]
  0x0000026a7d5b5730 JavaThread "SCR Component Actor"        daemon [_thread_blocked, id=19992, stack(0x000000e0b1900000,0x000000e0b1a00000) (1024K)]
  0x0000026a78d2ea50 JavaThread "Worker-JM"                         [_thread_blocked, id=3112, stack(0x000000e0b1c00000,0x000000e0b1d00000) (1024K)]
  0x0000026a7d608f20 JavaThread "JNA Cleaner"                daemon [_thread_blocked, id=15448, stack(0x000000e0b1b00000,0x000000e0b1c00000) (1024K)]
  0x0000026a7d609950 JavaThread "Worker-0"                          [_thread_blocked, id=17600, stack(0x000000e0b1d00000,0x000000e0b1e00000) (1024K)]
  0x0000026a78da06b0 JavaThread "Worker-1"                          [_thread_blocked, id=19928, stack(0x000000e0b1e00000,0x000000e0b1f00000) (1024K)]
  0x0000026a7d7f32f0 JavaThread "Worker-2"                          [_thread_blocked, id=19888, stack(0x000000e0b2000000,0x000000e0b2100000) (1024K)]
  0x0000026a7d7f4010 JavaThread "Thread-3"                   daemon [_thread_in_native, id=13544, stack(0x000000e0b2300000,0x000000e0b2400000) (1024K)]
  0x0000026a7d7f3980 JavaThread "Thread-4"                   daemon [_thread_in_native, id=11920, stack(0x000000e0b2400000,0x000000e0b2500000) (1024K)]
  0x0000026a7d7f53c0 JavaThread "Thread-5"                   daemon [_thread_in_native, id=15064, stack(0x000000e0b2500000,0x000000e0b2600000) (1024K)]
  0x0000026a7d7f46a0 JavaThread "Thread-6"                   daemon [_thread_in_native, id=20688, stack(0x000000e0b2600000,0x000000e0b2700000) (1024K)]
  0x0000026a7d7f5a50 JavaThread "Thread-7"                   daemon [_thread_in_native, id=14088, stack(0x000000e0b2700000,0x000000e0b2800000) (1024K)]
  0x0000026a7d7f60e0 JavaThread "Thread-8"                   daemon [_thread_in_native, id=20652, stack(0x000000e0b2800000,0x000000e0b2900000) (1024K)]
  0x0000026a7d7f2c60 JavaThread "Thread-9"                   daemon [_thread_in_native, id=21152, stack(0x000000e0b2900000,0x000000e0b2a00000) (1024K)]
  0x0000026a7dc04e30 JavaThread "Thread-10"                  daemon [_thread_in_native, id=16476, stack(0x000000e0b2a00000,0x000000e0b2b00000) (1024K)]
  0x0000026a7dc06f00 JavaThread "Thread-11"                  daemon [_thread_in_native, id=15648, stack(0x000000e0b2b00000,0x000000e0b2c00000) (1024K)]
  0x0000026a7dc05b50 JavaThread "pool-2-thread-1"                   [_thread_blocked, id=20204, stack(0x000000e0b2c00000,0x000000e0b2d00000) (1024K)]
  0x0000026a7dc061e0 JavaThread "WorkspaceEventsHandler"            [_thread_blocked, id=8588, stack(0x000000e0b2d00000,0x000000e0b2e00000) (1024K)]
  0x0000026a7dc047a0 JavaThread "pool-1-thread-1"                   [_thread_in_Java, id=18256, stack(0x000000e0b2e00000,0x000000e0b2f00000) (1024K)]
  0x0000026a7dc08940 JavaThread "ForkJoinPool.commonPool-worker-1" daemon [_thread_in_Java, id=756, stack(0x000000e0aff00000,0x000000e0b0000000) (1024K)]
  0x0000026a7dc07c20 JavaThread "ForkJoinPool.commonPool-worker-2" daemon [_thread_blocked, id=16308, stack(0x000000e0b0000000,0x000000e0b0100000) (1024K)]
  0x0000026a7dc06870 JavaThread "ForkJoinPool.commonPool-worker-3" daemon [_thread_in_Java, id=15736, stack(0x000000e0b0100000,0x000000e0b0200000) (1024K)]
  0x0000026a7dc082b0 JavaThread "ForkJoinPool.commonPool-worker-4" daemon [_thread_in_Java, id=21196, stack(0x000000e0b1f00000,0x000000e0b2000000) (1024K)]
  0x0000026a7dc054c0 JavaThread "ForkJoinPool.commonPool-worker-5" daemon [_thread_in_Java, id=4080, stack(0x000000e0b2f00000,0x000000e0b3000000) (1024K)]
  0x0000026a7dc0a380 JavaThread "ForkJoinPool.commonPool-worker-6" daemon [_thread_in_Java, id=11176, stack(0x000000e0b3000000,0x000000e0b3100000) (1024K)]
Total: 38

Other Threads:
  0x0000026a1f6703a0 VMThread "VM Thread"                           [id=6440, stack(0x000000e0b0500000,0x000000e0b0600000) (1024K)]
  0x0000026a35d7ca00 WatcherThread "VM Periodic Task Thread"        [id=21396, stack(0x000000e0b0400000,0x000000e0b0500000) (1024K)]
  0x0000026a1f66f520 WorkerThread "GC Thread#0"                     [id=21124, stack(0x000000e0b0300000,0x000000e0b0400000) (1024K)]
  0x0000026a1f670ae0 WorkerThread "GC Thread#1"                     [id=20844, stack(0x000000e0b1000000,0x000000e0b1100000) (1024K)]
  0x0000026a1f670740 WorkerThread "GC Thread#2"                     [id=21108, stack(0x000000e0b1100000,0x000000e0b1200000) (1024K)]
  0x0000026a7d33ea50 WorkerThread "GC Thread#3"                     [id=21016, stack(0x000000e0b1200000,0x000000e0b1300000) (1024K)]
  0x0000026a7d33df70 WorkerThread "GC Thread#4"                     [id=21132, stack(0x000000e0b1300000,0x000000e0b1400000) (1024K)]
  0x0000026a7d33f530 WorkerThread "GC Thread#5"                     [id=20848, stack(0x000000e0b1400000,0x000000e0b1500000) (1024K)]
  0x0000026a7d33dbd0 WorkerThread "GC Thread#6"                     [id=17952, stack(0x000000e0b1500000,0x000000e0b1600000) (1024K)]
  0x0000026a7d33edf0 WorkerThread "GC Thread#7"                     [id=15240, stack(0x000000e0b1a00000,0x000000e0b1b00000) (1024K)]
Total: 10

Threads with active compile tasks:
C2 CompilerThread0  68134 4265       4       jdk.internal.jimage.ImageLocation::getFullName (109 bytes)
C1 CompilerThread0  68134 4374       3       org.eclipse.jdt.internal.core.util.LRUCache::get (28 bytes)
Total: 2

VM state: not at safepoint (normal execution)

VM Mutex/Monitor currently owned by a thread:  ([mutex/lock_event])
[0x00007ffc107bbe80] CompiledIC_lock - owner thread: 0x0000000000000000

Heap address: 0x00000000c0000000, size: 1024 MB, Compressed Oops mode: 32-bit

CDS archive(s) mapped at: [0x0000026a36000000-0x0000026a36ba0000-0x0000026a36ba0000), size 12189696, SharedBaseAddress: 0x0000026a36000000, ArchiveRelocationMode: 1.
Compressed class space mapped at: 0x0000026a37000000-0x0000026a77000000, reserved size: 1073741824
Narrow klass base: 0x0000026a36000000, Narrow klass shift: 0, Narrow klass range: 0x100000000

GC Precious Log:
 CardTable entry size: 512
 CPUs: 8 total, 8 available
 Memory: 3797M
 Large Page Support: Disabled
 NUMA Support: Disabled
 Compressed Oops: Enabled (32-bit)
 Alignments: Space 512K, Generation 512K, Heap 2M
 Heap Min Capacity: 100M
 Heap Initial Capacity: 100M
 Heap Max Capacity: 1G
 Pre-touch: Disabled
 Parallel Workers: 8

Heap:
 PSYoungGen      total 27648K, used 22622K [0x00000000eab00000, 0x00000000ecc00000, 0x0000000100000000)
  eden space 23040K, 80% used [0x00000000eab00000,0x00000000ebd15a00,0x00000000ec180000)
  from space 4608K, 89% used [0x00000000ec780000,0x00000000ecb81f00,0x00000000ecc00000)
  to   space 4608K, 0% used [0x00000000ec300000,0x00000000ec300000,0x00000000ec780000)
 ParOldGen       total 68608K, used 12870K [0x00000000c0000000, 0x00000000c4300000, 0x00000000eab00000)
  object space 68608K, 18% used [0x00000000c0000000,0x00000000c0c91bf0,0x00000000c4300000)
 Metaspace       used 31608K, committed 32640K, reserved 1114112K
  class space    used 3154K, committed 3584K, reserved 1048576K

Card table byte_map: [0x0000026a212f0000,0x0000026a21500000] _byte_map_base: 0x0000026a20cf0000

Marking Bits: (ParMarkBitMap*) 0x00007ffc107c2250
 Begin Bits: [0x0000026a33ca0000, 0x0000026a34ca0000)
 End Bits:   [0x0000026a34ca0000, 0x0000026a35ca0000)

Polling page: 0x0000026a1f640000

Metaspace:

Usage:
  Non-class:     27.79 MB used.
      Class:      3.08 MB used.
       Both:     30.87 MB used.

Virtual space:
  Non-class space:       64.00 MB reserved,      28.38 MB ( 44%) committed,  1 nodes.
      Class space:        1.00 GB reserved,       3.50 MB ( <1%) committed,  1 nodes.
             Both:        1.06 GB reserved,      31.88 MB (  3%) committed. 

Chunk freelists:
   Non-Class:  3.40 MB
       Class:  12.53 MB
        Both:  15.94 MB

MaxMetaspaceSize: unlimited
CompressedClassSpaceSize: 1.00 GB
Initial GC threshold: 21.00 MB
Current GC threshold: 35.00 MB
CDS: on
 - commit_granule_bytes: 65536.
 - commit_granule_words: 8192.
 - virtual_space_node_default_size: 8388608.
 - enlarge_chunks_in_place: 1.
 - use_allocation_guard: 0.


Internal statistics:

num_allocs_failed_limit: 3.
num_arena_births: 880.
num_arena_deaths: 14.
num_vsnodes_births: 2.
num_vsnodes_deaths: 0.
num_space_committed: 510.
num_space_uncommitted: 0.
num_chunks_returned_to_freelist: 17.
num_chunks_taken_from_freelist: 2232.
num_chunk_merges: 9.
num_chunk_splits: 1399.
num_chunks_enlarged: 780.
num_inconsistent_stats: 0.

CodeHeap 'non-profiled nmethods': size=120000Kb used=1986Kb max_used=1986Kb free=118013Kb
 bounds [0x0000026a2c770000, 0x0000026a2c9e0000, 0x0000026a33ca0000]
CodeHeap 'profiled nmethods': size=120000Kb used=8682Kb max_used=8682Kb free=111317Kb
 bounds [0x0000026a24ca0000, 0x0000026a25520000, 0x0000026a2c1d0000]
CodeHeap 'non-nmethods': size=5760Kb used=1351Kb max_used=1385Kb free=4408Kb
 bounds [0x0000026a2c1d0000, 0x0000026a2c440000, 0x0000026a2c770000]
 total_blobs=5019 nmethods=4371 adapters=554
 compilation: enabled
              stopped_count=0, restarted_count=0
 full_count=0

Compilation events (20 events):
Event: 65.022 Thread 0x0000026a35e81ff0 4322       3       java.lang.invoke.DirectMethodHandle$Holder::invokeStatic (17 bytes)
Event: 65.022 Thread 0x0000026a35e81ff0 nmethod 4322 0x0000026a254f8f10 code [0x0000026a254f90e0, 0x0000026a254f94c8]
Event: 65.022 Thread 0x0000026a35e81ff0 4324       3       java.lang.invoke.LambdaForm$MH/0x0000026a37118c00::invoke (32 bytes)
Event: 65.023 Thread 0x0000026a35e81ff0 nmethod 4324 0x0000026a254f9610 code [0x0000026a254f97e0, 0x0000026a254f9c28]
Event: 65.023 Thread 0x0000026a35e81ff0 4323       3       java.lang.invoke.DirectMethodHandle$Holder::invokeStatic (14 bytes)
Event: 65.023 Thread 0x0000026a35e81ff0 nmethod 4323 0x0000026a254f9d90 code [0x0000026a254f9f60, 0x0000026a254fa330]
Event: 65.023 Thread 0x0000026a35e81ff0 4321       3       org.eclipse.core.internal.resources.Project::internalGetDescription (21 bytes)
Event: 65.024 Thread 0x0000026a35e81ff0 nmethod 4321 0x0000026a254fa490 code [0x0000026a254fa660, 0x0000026a254faac8]
Event: 65.024 Thread 0x0000026a35e81ff0 4325       3       java.lang.invoke.DirectMethodHandle$Holder::invokeStatic (21 bytes)
Event: 65.024 Thread 0x0000026a35e81ff0 nmethod 4325 0x0000026a254fac10 code [0x0000026a254fade0, 0x0000026a254fb1e8]
Event: 65.024 Thread 0x0000026a35e81ff0 4319       3       org.eclipse.jdt.internal.core.util.Util::combineHashCodes (7 bytes)
Event: 65.024 Thread 0x0000026a35e81ff0 nmethod 4319 0x0000026a254fb310 code [0x0000026a254fb4a0, 0x0000026a254fb598]
Event: 65.026 Thread 0x0000026a35e81ff0 4327       3       org.eclipse.jdt.internal.core.Openable::resource (28 bytes)
Event: 65.026 Thread 0x0000026a35e81ff0 nmethod 4327 0x0000026a254fb610 code [0x0000026a254fb840, 0x0000026a254fc268]
Event: 65.026 Thread 0x0000026a35e81ff0 4328       3       java.io.File::getName (42 bytes)
Event: 65.027 Thread 0x0000026a35e81ff0 nmethod 4328 0x0000026a254fc510 code [0x0000026a254fc760, 0x0000026a254fcf70]
Event: 65.031 Thread 0x0000026a35e81ff0 4329       3       org.eclipse.jdt.internal.compiler.impl.CompilerOptions::versionToJdkLevel (6 bytes)
Event: 65.033 Thread 0x0000026a35e81ff0 nmethod 4329 0x0000026a254fd310 code [0x0000026a254fd4c0, 0x0000026a254fd5e0]
Event: 65.033 Thread 0x0000026a35e81ff0 4330   !   3       org.eclipse.jdt.internal.compiler.impl.CompilerOptions::versionToJdkLevel (236 bytes)
Event: 65.035 Thread 0x0000026a35e81ff0 nmethod 4330 0x0000026a254fd690 code [0x0000026a254fda80, 0x0000026a254ff3c0]

GC Heap History (20 events):
Event: 6.831 GC heap before
{Heap before GC invocations=2 (full 0):
 PSYoungGen      total 29696K, used 28806K [0x00000000eab00000, 0x00000000ecc00000, 0x0000000100000000)
  eden space 25600K, 100% used [0x00000000eab00000,0x00000000ec400000,0x00000000ec400000)
  from space 4096K, 78% used [0x00000000ec400000,0x00000000ec721850,0x00000000ec800000)
  to   space 4096K, 0% used [0x00000000ec800000,0x00000000ec800000,0x00000000ecc00000)
 ParOldGen       total 68608K, used 16K [0x00000000c0000000, 0x00000000c4300000, 0x00000000eab00000)
  object space 68608K, 0% used [0x00000000c0000000,0x00000000c0004000,0x00000000c4300000)
 Metaspace       used 8202K, committed 8512K, reserved 1114112K
  class space    used 809K, committed 960K, reserved 1048576K
}
Event: 6.847 GC heap after
{Heap after GC invocations=2 (full 0):
 PSYoungGen      total 29696K, used 4084K [0x00000000eab00000, 0x00000000ecc00000, 0x0000000100000000)
  eden space 25600K, 0% used [0x00000000eab00000,0x00000000eab00000,0x00000000ec400000)
  from space 4096K, 99% used [0x00000000ec800000,0x00000000ecbfd2d0,0x00000000ecc00000)
  to   space 4096K, 0% used [0x00000000ec400000,0x00000000ec400000,0x00000000ec800000)
 ParOldGen       total 68608K, used 918K [0x00000000c0000000, 0x00000000c4300000, 0x00000000eab00000)
  object space 68608K, 1% used [0x00000000c0000000,0x00000000c00e5820,0x00000000c4300000)
 Metaspace       used 8202K, committed 8512K, reserved 1114112K
  class space    used 809K, committed 960K, reserved 1048576K
}
Event: 8.950 GC heap before
{Heap before GC invocations=3 (full 0):
 PSYoungGen      total 29696K, used 29684K [0x00000000eab00000, 0x00000000ecc00000, 0x0000000100000000)
  eden space 25600K, 100% used [0x00000000eab00000,0x00000000ec400000,0x00000000ec400000)
  from space 4096K, 99% used [0x00000000ec800000,0x00000000ecbfd2d0,0x00000000ecc00000)
  to   space 4096K, 0% used [0x00000000ec400000,0x00000000ec400000,0x00000000ec800000)
 ParOldGen       total 68608K, used 918K [0x00000000c0000000, 0x00000000c4300000, 0x00000000eab00000)
  object space 68608K, 1% used [0x00000000c0000000,0x00000000c00e5820,0x00000000c4300000)
 Metaspace       used 13045K, committed 13568K, reserved 1114112K
  class space    used 1311K, committed 1536K, reserved 1048576K
}
Event: 8.956 GC heap after
{Heap after GC invocations=3 (full 0):
 PSYoungGen      total 29696K, used 4067K [0x00000000eab00000, 0x00000000ecc00000, 0x0000000100000000)
  eden space 25600K, 0% used [0x00000000eab00000,0x00000000eab00000,0x00000000ec400000)
  from space 4096K, 99% used [0x00000000ec400000,0x00000000ec7f8c60,0x00000000ec800000)
  to   space 4096K, 0% used [0x00000000ec800000,0x00000000ec800000,0x00000000ecc00000)
 ParOldGen       total 68608K, used 2877K [0x00000000c0000000, 0x00000000c4300000, 0x00000000eab00000)
  object space 68608K, 4% used [0x00000000c0000000,0x00000000c02cf720,0x00000000c4300000)
 Metaspace       used 13045K, committed 13568K, reserved 1114112K
  class space    used 1311K, committed 1536K, reserved 1048576K
}
Event: 16.876 GC heap before
{Heap before GC invocations=4 (full 0):
 PSYoungGen      total 29696K, used 29667K [0x00000000eab00000, 0x00000000ecc00000, 0x0000000100000000)
  eden space 25600K, 100% used [0x00000000eab00000,0x00000000ec400000,0x00000000ec400000)
  from space 4096K, 99% used [0x00000000ec400000,0x00000000ec7f8c60,0x00000000ec800000)
  to   space 4096K, 0% used [0x00000000ec800000,0x00000000ec800000,0x00000000ecc00000)
 ParOldGen       total 68608K, used 2877K [0x00000000c0000000, 0x00000000c4300000, 0x00000000eab00000)
  object space 68608K, 4% used [0x00000000c0000000,0x00000000c02cf720,0x00000000c4300000)
 Metaspace       used 16922K, committed 17536K, reserved 1114112K
  class space    used 1693K, committed 1984K, reserved 1048576K
}
Event: 16.882 GC heap after
{Heap after GC invocations=4 (full 0):
 PSYoungGen      total 29696K, used 4079K [0x00000000eab00000, 0x00000000ecc00000, 0x0000000100000000)
  eden space 25600K, 0% used [0x00000000eab00000,0x00000000eab00000,0x00000000ec400000)
  from space 4096K, 99% used [0x00000000ec800000,0x00000000ecbfbd98,0x00000000ecc00000)
  to   space 4096K, 0% used [0x00000000ec400000,0x00000000ec400000,0x00000000ec800000)
 ParOldGen       total 68608K, used 5804K [0x00000000c0000000, 0x00000000c4300000, 0x00000000eab00000)
  object space 68608K, 8% used [0x00000000c0000000,0x00000000c05ab020,0x00000000c4300000)
 Metaspace       used 16922K, committed 17536K, reserved 1114112K
  class space    used 1693K, committed 1984K, reserved 1048576K
}
Event: 17.692 GC heap before
{Heap before GC invocations=5 (full 0):
 PSYoungGen      total 29696K, used 29679K [0x00000000eab00000, 0x00000000ecc00000, 0x0000000100000000)
  eden space 25600K, 100% used [0x00000000eab00000,0x00000000ec400000,0x00000000ec400000)
  from space 4096K, 99% used [0x00000000ec800000,0x00000000ecbfbd98,0x00000000ecc00000)
  to   space 4096K, 0% used [0x00000000ec400000,0x00000000ec400000,0x00000000ec800000)
 ParOldGen       total 68608K, used 5804K [0x00000000c0000000, 0x00000000c4300000, 0x00000000eab00000)
  object space 68608K, 8% used [0x00000000c0000000,0x00000000c05ab020,0x00000000c4300000)
 Metaspace       used 20266K, committed 20992K, reserved 1114112K
  class space    used 1935K, committed 2240K, reserved 1048576K
}
Event: 17.698 GC heap after
{Heap after GC invocations=5 (full 0):
 PSYoungGen      total 29184K, used 4079K [0x00000000eab00000, 0x00000000ed180000, 0x0000000100000000)
  eden space 25088K, 0% used [0x00000000eab00000,0x00000000eab00000,0x00000000ec380000)
  from space 4096K, 99% used [0x00000000ec400000,0x00000000ec7fbe38,0x00000000ec800000)
  to   space 7168K, 0% used [0x00000000eca80000,0x00000000eca80000,0x00000000ed180000)
 ParOldGen       total 68608K, used 8188K [0x00000000c0000000, 0x00000000c4300000, 0x00000000eab00000)
  object space 68608K, 11% used [0x00000000c0000000,0x00000000c07ff388,0x00000000c4300000)
 Metaspace       used 20266K, committed 20992K, reserved 1114112K
  class space    used 1935K, committed 2240K, reserved 1048576K
}
Event: 17.758 GC heap before
{Heap before GC invocations=6 (full 0):
 PSYoungGen      total 29184K, used 7766K [0x00000000eab00000, 0x00000000ed180000, 0x0000000100000000)
  eden space 25088K, 14% used [0x00000000eab00000,0x00000000eae99b60,0x00000000ec380000)
  from space 4096K, 99% used [0x00000000ec400000,0x00000000ec7fbe38,0x00000000ec800000)
  to   space 7168K, 0% used [0x00000000eca80000,0x00000000eca80000,0x00000000ed180000)
 ParOldGen       total 68608K, used 8188K [0x00000000c0000000, 0x00000000c4300000, 0x00000000eab00000)
  object space 68608K, 11% used [0x00000000c0000000,0x00000000c07ff388,0x00000000c4300000)
 Metaspace       used 20854K, committed 21504K, reserved 1114112K
  class space    used 1979K, committed 2240K, reserved 1048576K
}
Event: 17.763 GC heap after
{Heap after GC invocations=6 (full 0):
 PSYoungGen      total 29184K, used 3891K [0x00000000eab00000, 0x00000000ece80000, 0x0000000100000000)
  eden space 25088K, 0% used [0x00000000eab00000,0x00000000eab00000,0x00000000ec380000)
  from space 4096K, 95% used [0x00000000eca80000,0x00000000ece4cdb8,0x00000000ece80000)
  to   space 5120K, 0% used [0x00000000ec480000,0x00000000ec480000,0x00000000ec980000)
 ParOldGen       total 68608K, used 8196K [0x00000000c0000000, 0x00000000c4300000, 0x00000000eab00000)
  object space 68608K, 11% used [0x00000000c0000000,0x00000000c0801388,0x00000000c4300000)
 Metaspace       used 20854K, committed 21504K, reserved 1114112K
  class space    used 1979K, committed 2240K, reserved 1048576K
}
Event: 17.763 GC heap before
{Heap before GC invocations=7 (full 1):
 PSYoungGen      total 29184K, used 3891K [0x00000000eab00000, 0x00000000ece80000, 0x0000000100000000)
  eden space 25088K, 0% used [0x00000000eab00000,0x00000000eab00000,0x00000000ec380000)
  from space 4096K, 95% used [0x00000000eca80000,0x00000000ece4cdb8,0x00000000ece80000)
  to   space 5120K, 0% used [0x00000000ec480000,0x00000000ec480000,0x00000000ec980000)
 ParOldGen       total 68608K, used 8196K [0x00000000c0000000, 0x00000000c4300000, 0x00000000eab00000)
  object space 68608K, 11% used [0x00000000c0000000,0x00000000c0801388,0x00000000c4300000)
 Metaspace       used 20854K, committed 21504K, reserved 1114112K
  class space    used 1979K, committed 2240K, reserved 1048576K
}
Event: 17.853 GC heap after
{Heap after GC invocations=7 (full 1):
 PSYoungGen      total 29184K, used 0K [0x00000000eab00000, 0x00000000ece80000, 0x0000000100000000)
  eden space 25088K, 0% used [0x00000000eab00000,0x00000000eab00000,0x00000000ec380000)
  from space 4096K, 0% used [0x00000000eca80000,0x00000000eca80000,0x00000000ece80000)
  to   space 5120K, 0% used [0x00000000ec480000,0x00000000ec480000,0x00000000ec980000)
 ParOldGen       total 68608K, used 8473K [0x00000000c0000000, 0x00000000c4300000, 0x00000000eab00000)
  object space 68608K, 12% used [0x00000000c0000000,0x00000000c0846728,0x00000000c4300000)
 Metaspace       used 20841K, committed 21504K, reserved 1114112K
  class space    used 1975K, committed 2240K, reserved 1048576K
}
Event: 18.705 GC heap before
{Heap before GC invocations=8 (full 1):
 PSYoungGen      total 29184K, used 25088K [0x00000000eab00000, 0x00000000ece80000, 0x0000000100000000)
  eden space 25088K, 100% used [0x00000000eab00000,0x00000000ec380000,0x00000000ec380000)
  from space 4096K, 0% used [0x00000000eca80000,0x00000000eca80000,0x00000000ece80000)
  to   space 5120K, 0% used [0x00000000ec480000,0x00000000ec480000,0x00000000ec980000)
 ParOldGen       total 68608K, used 8473K [0x00000000c0000000, 0x00000000c4300000, 0x00000000eab00000)
  object space 68608K, 12% used [0x00000000c0000000,0x00000000c0846728,0x00000000c4300000)
 Metaspace       used 22717K, committed 23424K, reserved 1114112K
  class space    used 2117K, committed 2432K, reserved 1048576K
}
Event: 18.708 GC heap after
{Heap after GC invocations=8 (full 1):
 PSYoungGen      total 27648K, used 2771K [0x00000000eab00000, 0x00000000ecb00000, 0x0000000100000000)
  eden space 24576K, 0% used [0x00000000eab00000,0x00000000eab00000,0x00000000ec300000)
  from space 3072K, 90% used [0x00000000ec480000,0x00000000ec734df8,0x00000000ec780000)
  to   space 3584K, 0% used [0x00000000ec780000,0x00000000ec780000,0x00000000ecb00000)
 ParOldGen       total 68608K, used 8481K [0x00000000c0000000, 0x00000000c4300000, 0x00000000eab00000)
  object space 68608K, 12% used [0x00000000c0000000,0x00000000c0848728,0x00000000c4300000)
 Metaspace       used 22717K, committed 23424K, reserved 1114112K
  class space    used 2117K, committed 2432K, reserved 1048576K
}
Event: 19.931 GC heap before
{Heap before GC invocations=9 (full 1):
 PSYoungGen      total 27648K, used 27347K [0x00000000eab00000, 0x00000000ecb00000, 0x0000000100000000)
  eden space 24576K, 100% used [0x00000000eab00000,0x00000000ec300000,0x00000000ec300000)
  from space 3072K, 90% used [0x00000000ec480000,0x00000000ec734df8,0x00000000ec780000)
  to   space 3584K, 0% used [0x00000000ec780000,0x00000000ec780000,0x00000000ecb00000)
 ParOldGen       total 68608K, used 8481K [0x00000000c0000000, 0x00000000c4300000, 0x00000000eab00000)
  object space 68608K, 12% used [0x00000000c0000000,0x00000000c0848728,0x00000000c4300000)
 Metaspace       used 26609K, committed 27392K, reserved 1114112K
  class space    used 2551K, committed 2880K, reserved 1048576K
}
Event: 19.939 GC heap after
{Heap after GC invocations=9 (full 1):
 PSYoungGen      total 27648K, used 3559K [0x00000000eab00000, 0x00000000ecc80000, 0x0000000100000000)
  eden space 24064K, 0% used [0x00000000eab00000,0x00000000eab00000,0x00000000ec280000)
  from space 3584K, 99% used [0x00000000ec780000,0x00000000ecaf9c28,0x00000000ecb00000)
  to   space 5120K, 0% used [0x00000000ec280000,0x00000000ec280000,0x00000000ec780000)
 ParOldGen       total 68608K, used 9327K [0x00000000c0000000, 0x00000000c4300000, 0x00000000eab00000)
  object space 68608K, 13% used [0x00000000c0000000,0x00000000c091bc38,0x00000000c4300000)
 Metaspace       used 26609K, committed 27392K, reserved 1114112K
  class space    used 2551K, committed 2880K, reserved 1048576K
}
Event: 62.965 GC heap before
{Heap before GC invocations=10 (full 1):
 PSYoungGen      total 27648K, used 27623K [0x00000000eab00000, 0x00000000ecc80000, 0x0000000100000000)
  eden space 24064K, 100% used [0x00000000eab00000,0x00000000ec280000,0x00000000ec280000)
  from space 3584K, 99% used [0x00000000ec780000,0x00000000ecaf9c28,0x00000000ecb00000)
  to   space 5120K, 0% used [0x00000000ec280000,0x00000000ec280000,0x00000000ec780000)
 ParOldGen       total 68608K, used 9353K [0x00000000c0000000, 0x00000000c4300000, 0x00000000eab00000)
  object space 68608K, 13% used [0x00000000c0000000,0x00000000c0922450,0x00000000c4300000)
 Metaspace       used 29990K, committed 30912K, reserved 1114112K
  class space    used 2934K, committed 3328K, reserved 1048576K
}
Event: 63.017 GC heap after
{Heap after GC invocations=10 (full 1):
 PSYoungGen      total 28672K, used 5098K [0x00000000eab00000, 0x00000000ecd00000, 0x0000000100000000)
  eden space 23552K, 0% used [0x00000000eab00000,0x00000000eab00000,0x00000000ec200000)
  from space 5120K, 99% used [0x00000000ec280000,0x00000000ec77aad0,0x00000000ec780000)
  to   space 5632K, 0% used [0x00000000ec780000,0x00000000ec780000,0x00000000ecd00000)
 ParOldGen       total 68608K, used 9629K [0x00000000c0000000, 0x00000000c4300000, 0x00000000eab00000)
  object space 68608K, 14% used [0x00000000c0000000,0x00000000c0967470,0x00000000c4300000)
 Metaspace       used 29990K, committed 30912K, reserved 1114112K
  class space    used 2934K, committed 3328K, reserved 1048576K
}
Event: 64.953 GC heap before
{Heap before GC invocations=11 (full 1):
 PSYoungGen      total 28672K, used 28650K [0x00000000eab00000, 0x00000000ecd00000, 0x0000000100000000)
  eden space 23552K, 100% used [0x00000000eab00000,0x00000000ec200000,0x00000000ec200000)
  from space 5120K, 99% used [0x00000000ec280000,0x00000000ec77aad0,0x00000000ec780000)
  to   space 5632K, 0% used [0x00000000ec780000,0x00000000ec780000,0x00000000ecd00000)
 ParOldGen       total 68608K, used 9629K [0x00000000c0000000, 0x00000000c4300000, 0x00000000eab00000)
  object space 68608K, 14% used [0x00000000c0000000,0x00000000c0967470,0x00000000c4300000)
 Metaspace       used 31502K, committed 32512K, reserved 1114112K
  class space    used 3143K, committed 3584K, reserved 1048576K
}
Event: 64.970 GC heap after
{Heap after GC invocations=11 (full 1):
 PSYoungGen      total 27648K, used 4103K [0x00000000eab00000, 0x00000000ecc00000, 0x0000000100000000)
  eden space 23040K, 0% used [0x00000000eab00000,0x00000000eab00000,0x00000000ec180000)
  from space 4608K, 89% used [0x00000000ec780000,0x00000000ecb81f00,0x00000000ecc00000)
  to   space 4608K, 0% used [0x00000000ec300000,0x00000000ec300000,0x00000000ec780000)
 ParOldGen       total 68608K, used 12870K [0x00000000c0000000, 0x00000000c4300000, 0x00000000eab00000)
  object space 68608K, 18% used [0x00000000c0000000,0x00000000c0c91bf0,0x00000000c4300000)
 Metaspace       used 31502K, committed 32512K, reserved 1114112K
  class space    used 3143K, committed 3584K, reserved 1048576K
}

Dll operation events (10 events):
Event: 0.110 Loaded shared library c:\Users\herik\.vscode\extensions\redhat.java-1.39.0-win32-x64\jre\21.0.5-win32-x86_64\bin\java.dll
Event: 0.785 Loaded shared library c:\Users\herik\.vscode\extensions\redhat.java-1.39.0-win32-x64\jre\21.0.5-win32-x86_64\bin\zip.dll
Event: 0.846 Loaded shared library C:\Users\herik\.vscode\extensions\redhat.java-1.39.0-win32-x64\jre\21.0.5-win32-x86_64\bin\instrument.dll
Event: 0.870 Loaded shared library C:\Users\herik\.vscode\extensions\redhat.java-1.39.0-win32-x64\jre\21.0.5-win32-x86_64\bin\net.dll
Event: 0.886 Loaded shared library C:\Users\herik\.vscode\extensions\redhat.java-1.39.0-win32-x64\jre\21.0.5-win32-x86_64\bin\nio.dll
Event: 0.893 Loaded shared library C:\Users\herik\.vscode\extensions\redhat.java-1.39.0-win32-x64\jre\21.0.5-win32-x86_64\bin\zip.dll
Event: 0.959 Loaded shared library C:\Users\herik\.vscode\extensions\redhat.java-1.39.0-win32-x64\jre\21.0.5-win32-x86_64\bin\jimage.dll
Event: 1.192 Loaded shared library c:\Users\herik\.vscode\extensions\redhat.java-1.39.0-win32-x64\jre\21.0.5-win32-x86_64\bin\verify.dll
Event: 6.678 Loaded shared library C:\Users\herik\AppData\Roaming\Code\User\globalStorage\redhat.java\1.39.0\config_ss_win\org.eclipse.equinox.launcher\org.eclipse.equinox.launcher.win32.win32.x86_64_1.2.1100.v20240722-2106\eclipse_11904.dll
Event: 15.657 Loaded shared library C:\Users\herik\AppData\Local\Temp\jna-99167991\jna565701458612048395.dll

Deoptimization events (20 events):
Event: 64.428 Thread 0x0000026a7dc08940 Uncommon trap: trap_request=0xfffffff4 fr.pc=0x0000026a2c92fa48 relative=0x0000000000000388
Event: 64.428 Thread 0x0000026a7dc08940 Uncommon trap: reason=null_check action=make_not_entrant pc=0x0000026a2c92fa48 method=sun.invoke.util.VerifyType.isNullConversion(Ljava/lang/Class;Ljava/lang/Class;Z)Z @ 12 c2
Event: 64.428 Thread 0x0000026a7dc08940 DEOPT PACKING pc=0x0000026a2c92fa48 sp=0x000000e0afffc1b0
Event: 64.428 Thread 0x0000026a7dc08940 DEOPT UNPACKING pc=0x0000026a2c223aa2 sp=0x000000e0afffc138 mode 2
Event: 64.429 Thread 0x0000026a7dc06870 Uncommon trap: trap_request=0xffffff45 fr.pc=0x0000026a2c8283a8 relative=0x0000000000000108
Event: 64.429 Thread 0x0000026a7dc0a380 Uncommon trap: trap_request=0xffffff45 fr.pc=0x0000026a2c8283a8 relative=0x0000000000000108
Event: 64.429 Thread 0x0000026a7dc08940 Uncommon trap: trap_request=0xffffff45 fr.pc=0x0000026a2c8283a8 relative=0x0000000000000108
Event: 64.429 Thread 0x0000026a7dc06870 Uncommon trap: reason=unstable_if action=reinterpret pc=0x0000026a2c8283a8 method=jdk.internal.org.objectweb.asm.ByteVector.putShort(I)Ljdk/internal/org/objectweb/asm/ByteVector; @ 13 c2
Event: 64.429 Thread 0x0000026a7dc0a380 Uncommon trap: reason=unstable_if action=reinterpret pc=0x0000026a2c8283a8 method=jdk.internal.org.objectweb.asm.ByteVector.putShort(I)Ljdk/internal/org/objectweb/asm/ByteVector; @ 13 c2
Event: 64.429 Thread 0x0000026a7dc08940 Uncommon trap: reason=unstable_if action=reinterpret pc=0x0000026a2c8283a8 method=jdk.internal.org.objectweb.asm.ByteVector.putShort(I)Ljdk/internal/org/objectweb/asm/ByteVector; @ 13 c2
Event: 64.429 Thread 0x0000026a7dc06870 DEOPT PACKING pc=0x0000026a2c8283a8 sp=0x000000e0b01fbe60
Event: 64.429 Thread 0x0000026a7dc06870 DEOPT UNPACKING pc=0x0000026a2c223aa2 sp=0x000000e0b01fbde8 mode 2
Event: 64.429 Thread 0x0000026a7dc0a380 DEOPT PACKING pc=0x0000026a2c8283a8 sp=0x000000e0b30fbc90
Event: 64.429 Thread 0x0000026a7dc08940 DEOPT PACKING pc=0x0000026a2c8283a8 sp=0x000000e0afffbd50
Event: 64.429 Thread 0x0000026a7dc0a380 DEOPT UNPACKING pc=0x0000026a2c223aa2 sp=0x000000e0b30fbc18 mode 2
Event: 64.429 Thread 0x0000026a7dc08940 DEOPT UNPACKING pc=0x0000026a2c223aa2 sp=0x000000e0afffbcd8 mode 2
Event: 64.809 Thread 0x0000026a7dc082b0 DEOPT PACKING pc=0x0000026a254a7340 sp=0x000000e0b1ffd220
Event: 64.809 Thread 0x0000026a7dc082b0 DEOPT UNPACKING pc=0x0000026a2c224242 sp=0x000000e0b1ffc710 mode 0
Event: 64.815 Thread 0x0000026a7dc082b0 DEOPT PACKING pc=0x0000026a254a7340 sp=0x000000e0b1ffd220
Event: 64.815 Thread 0x0000026a7dc082b0 DEOPT UNPACKING pc=0x0000026a2c224242 sp=0x000000e0b1ffc710 mode 0

Classes loaded (20 events):
Event: 64.327 Loading class java/lang/runtime/ObjectMethods done
Event: 64.333 Loading class java/lang/invoke/MethodHandleImpl$Makers
Event: 64.333 Loading class java/lang/invoke/MethodHandleImpl$Makers done
Event: 64.333 Loading class java/lang/invoke/MethodHandleImpl$Makers$1
Event: 64.335 Loading class java/lang/invoke/MethodHandleImpl$Makers$1 done
Event: 64.335 Loading class java/lang/invoke/MethodHandleImpl$Makers$2
Event: 64.335 Loading class java/lang/invoke/MethodHandleImpl$Makers$2 done
Event: 64.335 Loading class java/lang/invoke/MethodHandleImpl$Makers$3
Event: 64.336 Loading class java/lang/invoke/MethodHandleImpl$Makers$3 done
Event: 64.350 Loading class java/lang/runtime/ObjectMethods$1
Event: 64.351 Loading class java/lang/runtime/ObjectMethods$1 done
Event: 64.415 Loading class java/lang/invoke/MethodHandleImpl$CountingWrapper
Event: 64.421 Loading class java/lang/invoke/MethodHandleImpl$CountingWrapper done
Event: 64.492 Loading class java/util/AbstractList$ListItr
Event: 64.492 Loading class java/util/AbstractList$ListItr done
Event: 64.518 Loading class java/nio/channels/Channels$ReadableByteChannelImpl
Event: 64.519 Loading class java/nio/channels/Channels$ReadableByteChannelImpl done
Event: 64.520 Loading class java/nio/channels/NonWritableChannelException
Event: 64.520 Loading class java/nio/channels/NonWritableChannelException done
Event: 65.026 Loading class java/lang/invoke/MethodHandleImpl$CountingWrapper$1

Classes unloaded (7 events):
Event: 17.771 Thread 0x0000026a1f6703a0 Unloading class 0x0000026a37184c00 'java/lang/invoke/LambdaForm$MH+0x0000026a37184c00'
Event: 17.771 Thread 0x0000026a1f6703a0 Unloading class 0x0000026a37184800 'java/lang/invoke/LambdaForm$MH+0x0000026a37184800'
Event: 17.771 Thread 0x0000026a1f6703a0 Unloading class 0x0000026a37184400 'java/lang/invoke/LambdaForm$MH+0x0000026a37184400'
Event: 17.771 Thread 0x0000026a1f6703a0 Unloading class 0x0000026a37184000 'java/lang/invoke/LambdaForm$MH+0x0000026a37184000'
Event: 17.771 Thread 0x0000026a1f6703a0 Unloading class 0x0000026a37183c00 'java/lang/invoke/LambdaForm$BMH+0x0000026a37183c00'
Event: 17.771 Thread 0x0000026a1f6703a0 Unloading class 0x0000026a37183800 'java/lang/invoke/LambdaForm$DMH+0x0000026a37183800'
Event: 17.771 Thread 0x0000026a1f6703a0 Unloading class 0x0000026a37182400 'java/lang/invoke/LambdaForm$DMH+0x0000026a37182400'

Classes redefined (0 events):
No events

Internal exceptions (20 events):
Event: 64.407 Thread 0x0000026a7dc0a380 Exception <a 'java/lang/NoSuchMethodError'{0x00000000eb643980}: 'int java.lang.invoke.DirectMethodHandle$Holder.invokeSpecial(java.lang.Object, java.lang.Object, java.lang.Object, java.lang.Object)'> (0x00000000eb643980) 
thrown [s\src\hotspot\share\interpreter\linkResolver.cpp, line 773]
Event: 64.407 Thread 0x0000026a7dc08940 Exception <a 'java/lang/NoSuchMethodError'{0x00000000eb4cecb0}: 'int java.lang.invoke.DirectMethodHandle$Holder.invokeSpecial(java.lang.Object, java.lang.Object, java.lang.Object, java.lang.Object)'> (0x00000000eb4cecb0) 
thrown [s\src\hotspot\share\interpreter\linkResolver.cpp, line 773]
Event: 64.407 Thread 0x0000026a7dc06870 Exception <a 'java/lang/NoSuchMethodError'{0x00000000eb648bf0}: 'int java.lang.invoke.DirectMethodHandle$Holder.invokeSpecial(java.lang.Object, java.lang.Object, java.lang.Object, java.lang.Object)'> (0x00000000eb648bf0) 
thrown [s\src\hotspot\share\interpreter\linkResolver.cpp, line 773]
Event: 64.407 Thread 0x0000026a7dc047a0 Exception <a 'java/lang/NoSuchMethodError'{0x00000000eb45b0a0}: 'int java.lang.invoke.DirectMethodHandle$Holder.invokeSpecial(java.lang.Object, java.lang.Object, java.lang.Object, java.lang.Object)'> (0x00000000eb45b0a0) 
thrown [s\src\hotspot\share\interpreter\linkResolver.cpp, line 773]
Event: 64.407 Thread 0x0000026a7dc054c0 Exception <a 'java/lang/NoSuchMethodError'{0x00000000eb64f260}: 'int java.lang.invoke.DirectMethodHandle$Holder.invokeSpecial(java.lang.Object, java.lang.Object, java.lang.Object, java.lang.Object)'> (0x00000000eb64f260) 
thrown [s\src\hotspot\share\interpreter\linkResolver.cpp, line 773]
Event: 64.409 Thread 0x0000026a7dc08940 Exception <a 'java/lang/NoSuchMethodError'{0x00000000eb677198}: 'java.lang.Object java.lang.invoke.DirectMethodHandle$Holder.invokeStatic(java.lang.Object, int, java.lang.Object, java.lang.Object)'> (0x00000000eb677198) 
thrown [s\src\hotspot\share\interpreter\linkResolver.cpp, line 773]
Event: 64.409 Thread 0x0000026a7dc047a0 Exception <a 'java/lang/NoSuchMethodError'{0x00000000eb6803d8}: 'java.lang.Object java.lang.invoke.DirectMethodHandle$Holder.invokeStatic(java.lang.Object, int, java.lang.Object, java.lang.Object)'> (0x00000000eb6803d8) 
thrown [s\src\hotspot\share\interpreter\linkResolver.cpp, line 773]
Event: 64.414 Thread 0x0000026a7dc0a380 Exception <a 'java/lang/NoSuchMethodError'{0x00000000eb65cc18}: 'java.lang.Object java.lang.invoke.DelegatingMethodHandle$Holder.delegate(java.lang.Object, int, java.lang.Object, java.lang.Object)'> (0x00000000eb65cc18) 
thrown [s\src\hotspot\share\interpreter\linkResolver.cpp, line 773]
Event: 64.414 Thread 0x0000026a7dc08940 Exception <a 'java/lang/NoSuchMethodError'{0x00000000eb69f918}: 'java.lang.Object java.lang.invoke.DelegatingMethodHandle$Holder.delegate(java.lang.Object, int, java.lang.Object, java.lang.Object)'> (0x00000000eb69f918) 
thrown [s\src\hotspot\share\interpreter\linkResolver.cpp, line 773]
Event: 64.415 Thread 0x0000026a7dc06870 Exception <a 'java/lang/NoSuchMethodError'{0x00000000eb66b108}: 'java.lang.Object java.lang.invoke.DelegatingMethodHandle$Holder.delegate(java.lang.Object, int, java.lang.Object, java.lang.Object)'> (0x00000000eb66b108) 
thrown [s\src\hotspot\share\interpreter\linkResolver.cpp, line 773]
Event: 64.415 Thread 0x0000026a7dc047a0 Exception <a 'java/lang/NoSuchMethodError'{0x00000000eb683c90}: 'java.lang.Object java.lang.invoke.DelegatingMethodHandle$Holder.delegate(java.lang.Object, int, java.lang.Object, java.lang.Object)'> (0x00000000eb683c90) 
thrown [s\src\hotspot\share\interpreter\linkResolver.cpp, line 773]
Event: 64.415 Thread 0x0000026a7dc054c0 Exception <a 'java/lang/NoSuchMethodError'{0x00000000eb6797f0}: 'java.lang.Object java.lang.invoke.DelegatingMethodHandle$Holder.delegate(java.lang.Object, int, java.lang.Object, java.lang.Object)'> (0x00000000eb6797f0) 
thrown [s\src\hotspot\share\interpreter\linkResolver.cpp, line 773]
Event: 64.415 Thread 0x0000026a7dc082b0 Exception <a 'java/lang/NoSuchMethodError'{0x00000000eb664ea0}: 'java.lang.Object java.lang.invoke.DelegatingMethodHandle$Holder.delegate(java.lang.Object, int, java.lang.Object, java.lang.Object)'> (0x00000000eb664ea0) 
thrown [s\src\hotspot\share\interpreter\linkResolver.cpp, line 773]
Event: 64.428 Thread 0x0000026a7dc08940 Implicit null exception at 0x0000026a2c92f764 to 0x0000026a2c92fa38
Event: 64.439 Thread 0x0000026a7dc082b0 Exception <a 'java/lang/NoSuchMethodError'{0x00000000eb6e1ab8}: 'int java.lang.invoke.Invokers$Holder.linkToTargetMethod(java.lang.Object, java.lang.Object, java.lang.Object)'> (0x00000000eb6e1ab8) 
thrown [s\src\hotspot\share\interpreter\linkResolver.cpp, line 773]
Event: 64.439 Thread 0x0000026a7dc06870 Exception <a 'java/lang/NoSuchMethodError'{0x00000000eb6e7700}: 'int java.lang.invoke.Invokers$Holder.linkToTargetMethod(java.lang.Object, java.lang.Object, java.lang.Object)'> (0x00000000eb6e7700) 
thrown [s\src\hotspot\share\interpreter\linkResolver.cpp, line 773]
Event: 64.440 Thread 0x0000026a7dc08940 Exception <a 'java/lang/NoSuchMethodError'{0x00000000eb6dcb70}: 'int java.lang.invoke.Invokers$Holder.linkToTargetMethod(java.lang.Object, java.lang.Object, java.lang.Object)'> (0x00000000eb6dcb70) 
thrown [s\src\hotspot\share\interpreter\linkResolver.cpp, line 773]
Event: 64.439 Thread 0x0000026a7dc054c0 Exception <a 'java/lang/NoSuchMethodError'{0x00000000eb6fed98}: 'int java.lang.invoke.Invokers$Holder.linkToTargetMethod(java.lang.Object, java.lang.Object, java.lang.Object)'> (0x00000000eb6fed98) 
thrown [s\src\hotspot\share\interpreter\linkResolver.cpp, line 773]
Event: 64.440 Thread 0x0000026a7dc047a0 Exception <a 'java/lang/NoSuchMethodError'{0x00000000eb693a78}: 'int java.lang.invoke.Invokers$Holder.linkToTargetMethod(java.lang.Object, java.lang.Object, java.lang.Object)'> (0x00000000eb693a78) 
thrown [s\src\hotspot\share\interpreter\linkResolver.cpp, line 773]
Event: 64.440 Thread 0x0000026a7dc0a380 Exception <a 'java/lang/NoSuchMethodError'{0x00000000eb6ee4d8}: 'int java.lang.invoke.Invokers$Holder.linkToTargetMethod(java.lang.Object, java.lang.Object, java.lang.Object)'> (0x00000000eb6ee4d8) 
thrown [s\src\hotspot\share\interpreter\linkResolver.cpp, line 773]

ZGC Phase Switch (0 events):
No events

VM Operations (20 events):
Event: 62.200 Executing VM operation: Cleanup done
Event: 62.963 Executing VM operation: ParallelGCFailedAllocation (Allocation Failure)
Event: 62.965 Executing VM operation: ParallelGCFailedAllocation (Allocation Failure) done
Event: 62.965 Executing VM operation: ParallelGCFailedAllocation (Allocation Failure)
Event: 63.017 Executing VM operation: ParallelGCFailedAllocation (Allocation Failure) done
Event: 63.110 Executing VM operation: HandshakeAllThreads (Deoptimize)
Event: 63.110 Executing VM operation: HandshakeAllThreads (Deoptimize) done
Event: 63.147 Executing VM operation: HandshakeAllThreads (Deoptimize)
Event: 63.147 Executing VM operation: HandshakeAllThreads (Deoptimize) done
Event: 63.639 Executing VM operation: HandshakeAllThreads (Deoptimize)
Event: 63.639 Executing VM operation: HandshakeAllThreads (Deoptimize) done
Event: 63.640 Executing VM operation: HandshakeAllThreads (Deoptimize)
Event: 63.640 Executing VM operation: HandshakeAllThreads (Deoptimize) done
Event: 64.373 Executing VM operation: HandshakeAllThreads (Deoptimize)
Event: 64.373 Executing VM operation: HandshakeAllThreads (Deoptimize) done
Event: 64.373 Executing VM operation: Cleanup
Event: 64.374 Executing VM operation: Cleanup done
Event: 64.952 Executing VM operation: ParallelGCFailedAllocation (Allocation Failure)
Event: 64.970 Executing VM operation: ParallelGCFailedAllocation (Allocation Failure) done
Event: 65.981 Executing VM operation: Cleanup

Memory protections (0 events):
No events

Nmethod flushes (0 events):
No events

Events (20 events):
Event: 18.839 Thread 0x0000026a7d7f2c60 Thread exited: 0x0000026a7d7f2c60
Event: 19.614 Thread 0x0000026a2194d990 Thread added: 0x0000026a7d7f4010
Event: 19.615 Thread 0x0000026a2194d990 Thread added: 0x0000026a7d7f3980
Event: 19.615 Thread 0x0000026a2194d990 Thread added: 0x0000026a7d7f53c0
Event: 19.615 Thread 0x0000026a2194d990 Thread added: 0x0000026a7d7f46a0
Event: 19.615 Thread 0x0000026a2194d990 Thread added: 0x0000026a7d7f5a50
Event: 19.615 Thread 0x0000026a2194d990 Thread added: 0x0000026a7d7f60e0
Event: 19.615 Thread 0x0000026a2194d990 Thread added: 0x0000026a7d7f2c60
Event: 19.616 Thread 0x0000026a2194d990 Thread added: 0x0000026a7dc04e30
Event: 19.616 Thread 0x0000026a2194d990 Thread added: 0x0000026a7dc06f00
Event: 19.646 Thread 0x0000026a2194d990 Thread added: 0x0000026a7dc05b50
Event: 19.990 Thread 0x0000026a2194d990 Thread added: 0x0000026a7dc061e0
Event: 19.990 Thread 0x0000026a2194d990 Thread added: 0x0000026a7dc047a0
Event: 21.475 Thread 0x0000026a7d7f4d30 Thread exited: 0x0000026a7d7f4d30
Event: 61.401 Thread 0x0000026a7dc047a0 Thread added: 0x0000026a7dc08940
Event: 61.594 Thread 0x0000026a7dc08940 Thread added: 0x0000026a7dc07c20
Event: 61.598 Thread 0x0000026a7dc07c20 Thread added: 0x0000026a7dc06870
Event: 61.616 Thread 0x0000026a7dc06870 Thread added: 0x0000026a7dc082b0
Event: 61.670 Thread 0x0000026a7dc082b0 Thread added: 0x0000026a7dc054c0
Event: 61.743 Thread 0x0000026a7dc054c0 Thread added: 0x0000026a7dc0a380


Dynamic libraries:
0x00007ff7df1f0000 - 0x00007ff7df1fe000 	c:\Users\herik\.vscode\extensions\redhat.java-1.39.0-win32-x64\jre\21.0.5-win32-x86_64\bin\java.exe
0x00007ffcc6b20000 - 0x00007ffcc6d88000 	C:\WINDOWS\SYSTEM32\ntdll.dll
0x00007ffcc6860000 - 0x00007ffcc6929000 	C:\WINDOWS\System32\KERNEL32.DLL
0x00007ffcc44f0000 - 0x00007ffcc48e2000 	C:\WINDOWS\System32\KERNELBASE.dll
0x00007ffcc4300000 - 0x00007ffcc444b000 	C:\WINDOWS\System32\ucrtbase.dll
0x00007ffca09e0000 - 0x00007ffca09f8000 	c:\Users\herik\.vscode\extensions\redhat.java-1.39.0-win32-x64\jre\21.0.5-win32-x86_64\bin\jli.dll
0x00007ffc93510000 - 0x00007ffc9352e000 	c:\Users\herik\.vscode\extensions\redhat.java-1.39.0-win32-x64\jre\21.0.5-win32-x86_64\bin\VCRUNTIME140.dll
0x00007ffcc5490000 - 0x00007ffcc5655000 	C:\WINDOWS\System32\USER32.dll
0x00007ffcc4240000 - 0x00007ffcc4267000 	C:\WINDOWS\System32\win32u.dll
0x00007ffcc6730000 - 0x00007ffcc675b000 	C:\WINDOWS\System32\GDI32.dll
0x00007ffcc3ed0000 - 0x00007ffcc3ffd000 	C:\WINDOWS\System32\gdi32full.dll
0x00007ffcc3cb0000 - 0x00007ffcc3d53000 	C:\WINDOWS\System32\msvcp_win.dll
0x00007ffca8140000 - 0x00007ffca83d3000 	C:\WINDOWS\WinSxS\amd64_microsoft.windows.common-controls_6595b64144ccf1df_6.0.26100.6725_none_3e085828e334708b\COMCTL32.dll
0x00007ffcc56d0000 - 0x00007ffcc5779000 	C:\WINDOWS\System32\msvcrt.dll
0x00007ffcc5660000 - 0x00007ffcc568f000 	C:\WINDOWS\System32\IMM32.DLL
0x00007ffcaa350000 - 0x00007ffcaa35c000 	c:\Users\herik\.vscode\extensions\redhat.java-1.39.0-win32-x64\jre\21.0.5-win32-x86_64\bin\vcruntime140_1.dll
0x00007ffc656c0000 - 0x00007ffc6574d000 	c:\Users\herik\.vscode\extensions\redhat.java-1.39.0-win32-x64\jre\21.0.5-win32-x86_64\bin\msvcp140.dll
0x00007ffc0fb10000 - 0x00007ffc1089f000 	c:\Users\herik\.vscode\extensions\redhat.java-1.39.0-win32-x64\jre\21.0.5-win32-x86_64\bin\server\jvm.dll
0x00007ffcc5270000 - 0x00007ffcc5324000 	C:\WINDOWS\System32\ADVAPI32.dll
0x00007ffcc5a20000 - 0x00007ffcc5ac6000 	C:\WINDOWS\System32\sechost.dll
0x00007ffcc5880000 - 0x00007ffcc5998000 	C:\WINDOWS\System32\RPCRT4.dll
0x00007ffcc59a0000 - 0x00007ffcc5a14000 	C:\WINDOWS\System32\WS2_32.dll
0x00007ffcc3b10000 - 0x00007ffcc3b6e000 	C:\WINDOWS\SYSTEM32\POWRPROF.dll
0x00007ffca80c0000 - 0x00007ffca80cb000 	C:\WINDOWS\SYSTEM32\VERSION.dll
0x00007ffcaaca0000 - 0x00007ffcaacd5000 	C:\WINDOWS\SYSTEM32\WINMM.dll
0x00007ffcc3af0000 - 0x00007ffcc3b04000 	C:\WINDOWS\SYSTEM32\UMPDC.dll
0x00007ffcc2a80000 - 0x00007ffcc2a9b000 	C:\WINDOWS\SYSTEM32\kernel.appcore.dll
0x00007ffcaa2c0000 - 0x00007ffcaa2ca000 	c:\Users\herik\.vscode\extensions\redhat.java-1.39.0-win32-x64\jre\21.0.5-win32-x86_64\bin\jimage.dll
0x00007ffcc13d0000 - 0x00007ffcc1612000 	C:\WINDOWS\SYSTEM32\DBGHELP.DLL
0x00007ffcc5dc0000 - 0x00007ffcc613b000 	C:\WINDOWS\System32\combase.dll
0x00007ffcc5ae0000 - 0x00007ffcc5bb7000 	C:\WINDOWS\System32\OLEAUT32.dll
0x00007ffca2130000 - 0x00007ffca216c000 	C:\WINDOWS\SYSTEM32\dbgcore.DLL
0x00007ffcc4450000 - 0x00007ffcc44e8000 	C:\WINDOWS\System32\bcryptPrimitives.dll
0x00007ffcaa170000 - 0x00007ffcaa17f000 	c:\Users\herik\.vscode\extensions\redhat.java-1.39.0-win32-x64\jre\21.0.5-win32-x86_64\bin\instrument.dll
0x00007ffc87ba0000 - 0x00007ffc87bbf000 	c:\Users\herik\.vscode\extensions\redhat.java-1.39.0-win32-x64\jre\21.0.5-win32-x86_64\bin\java.dll
0x00007ffcc4ad0000 - 0x00007ffcc521c000 	C:\WINDOWS\System32\SHELL32.dll
0x00007ffcc3d60000 - 0x00007ffcc3ecb000 	C:\WINDOWS\System32\wintypes.dll
0x00007ffcc18d0000 - 0x00007ffcc212d000 	C:\WINDOWS\SYSTEM32\windows.storage.dll
0x00007ffcc61a0000 - 0x00007ffcc6292000 	C:\WINDOWS\System32\SHCORE.dll
0x00007ffcc5810000 - 0x00007ffcc5872000 	C:\WINDOWS\System32\shlwapi.dll
0x00007ffcc3bd0000 - 0x00007ffcc3bf9000 	C:\WINDOWS\SYSTEM32\profapi.dll
0x00007ffc86140000 - 0x00007ffc86158000 	c:\Users\herik\.vscode\extensions\redhat.java-1.39.0-win32-x64\jre\21.0.5-win32-x86_64\bin\zip.dll
0x00007ffcaa0a0000 - 0x00007ffcaa0b0000 	C:\Users\herik\.vscode\extensions\redhat.java-1.39.0-win32-x64\jre\21.0.5-win32-x86_64\bin\net.dll
0x00007ffcb4360000 - 0x00007ffcb447f000 	C:\WINDOWS\SYSTEM32\WINHTTP.dll
0x00007ffcc2ff0000 - 0x00007ffcc305b000 	C:\WINDOWS\system32\mswsock.dll
0x00007ffc85440000 - 0x00007ffc85456000 	C:\Users\herik\.vscode\extensions\redhat.java-1.39.0-win32-x64\jre\21.0.5-win32-x86_64\bin\nio.dll
0x00007ffca9e30000 - 0x00007ffca9e40000 	c:\Users\herik\.vscode\extensions\redhat.java-1.39.0-win32-x64\jre\21.0.5-win32-x86_64\bin\verify.dll
0x00007ffca9f60000 - 0x00007ffca9fa5000 	C:\Users\herik\AppData\Roaming\Code\User\globalStorage\redhat.java\1.39.0\config_ss_win\org.eclipse.equinox.launcher\org.eclipse.equinox.launcher.win32.win32.x86_64_1.2.1100.v20240722-2106\eclipse_11904.dll
0x00007ffcc6930000 - 0x00007ffcc6ac8000 	C:\WINDOWS\System32\ole32.dll
0x00007ffcc32a0000 - 0x00007ffcc32bb000 	C:\WINDOWS\SYSTEM32\CRYPTSP.dll
0x00007ffcc29e0000 - 0x00007ffcc2a1b000 	C:\WINDOWS\system32\rsaenh.dll
0x00007ffcc3090000 - 0x00007ffcc30bb000 	C:\WINDOWS\SYSTEM32\USERENV.dll
0x00007ffcc3ba0000 - 0x00007ffcc3bc6000 	C:\WINDOWS\SYSTEM32\bcrypt.dll
0x00007ffcc32c0000 - 0x00007ffcc32cc000 	C:\WINDOWS\SYSTEM32\CRYPTBASE.dll
0x00007ffcc24b0000 - 0x00007ffcc24e4000 	C:\WINDOWS\SYSTEM32\IPHLPAPI.DLL
0x00007ffcc5bc0000 - 0x00007ffcc5bca000 	C:\WINDOWS\System32\NSI.dll
0x00007ffca9010000 - 0x00007ffca9059000 	C:\Users\herik\AppData\Local\Temp\jna-99167991\jna565701458612048395.dll
0x00007ffcc5bd0000 - 0x00007ffcc5bd8000 	C:\WINDOWS\System32\PSAPI.DLL
0x00007ffcb9020000 - 0x00007ffcb903e000 	C:\WINDOWS\SYSTEM32\dhcpcsvc6.DLL
0x00007ffcb4490000 - 0x00007ffcb44b3000 	C:\WINDOWS\SYSTEM32\dhcpcsvc.DLL

dbghelp: loaded successfully - version: 4.0.5 - missing functions: none
symbol engine: initialized successfully - sym options: 0x614 - pdb path: .;c:\Users\herik\.vscode\extensions\redhat.java-1.39.0-win32-x64\jre\21.0.5-win32-x86_64\bin;C:\WINDOWS\SYSTEM32;C:\WINDOWS\WinSxS\amd64_microsoft.windows.common-controls_6595b64144ccf1df_6.0.26100.6725_none_3e085828e334708b;c:\Users\herik\.vscode\extensions\redhat.java-1.39.0-win32-x64\jre\21.0.5-win32-x86_64\bin\server;C:\Users\herik\AppData\Roaming\Code\User\globalStorage\redhat.java\1.39.0\config_ss_win\org.eclipse.equinox.launcher\org.eclipse.equinox.launcher.win32.win32.x86_64_1.2.1100.v20240722-2106;C:\Users\herik\AppData\Local\Temp\jna-99167991

VM Arguments:
jvm_args: --add-modules=ALL-SYSTEM --add-opens=java.base/java.util=ALL-UNNAMED --add-opens=java.base/java.lang=ALL-UNNAMED --add-opens=java.base/sun.nio.fs=ALL-UNNAMED -Declipse.application=org.eclipse.jdt.ls.core.id1 -Dosgi.bundles.defaultStartLevel=4 -Declipse.product=org.eclipse.jdt.ls.core.product -Djava.import.generatesMetadataFilesAtProjectRoot=false -DDetectVMInstallationsJob.disabled=true -Dfile.encoding=utf8 -XX:+UseParallelGC -XX:GCTimeRatio=4 -XX:AdaptiveSizePolicyWeight=90 -Dsun.zip.disableMemoryMapping=true -Xmx1G -Xms100m -Xlog:disable -javaagent:c:\Users\herik\.vscode\extensions\redhat.java-1.39.0-win32-x64\lombok\lombok-1.18.34.jar 
java_command: c:\Users\herik\.vscode\extensions\redhat.java-1.39.0-win32-x64\server\plugins\org.eclipse.equinox.launcher_1.6.900.v20240613-2009.jar -configuration c:\Users\herik\AppData\Roaming\Code\User\globalStorage\redhat.java\1.39.0\config_ss_win -data c:\Users\herik\AppData\Roaming\Code\User\workspaceStorage\fe357c4e1896176b19ada03263e8c2cb\redhat.java\ss_ws --pipe=\\.\pipe\lsp-8e3a65fa29919c0b4825d789c488bd87-sock
java_class_path (initial): c:\Users\herik\.vscode\extensions\redhat.java-1.39.0-win32-x64\server\plugins\org.eclipse.equinox.launcher_1.6.900.v20240613-2009.jar
Launcher Type: SUN_STANDARD

[Global flags]
    uintx AdaptiveSizePolicyWeight                 = 90                                        {product} {command line}
     intx CICompilerCount                          = 4                                         {product} {ergonomic}
    uintx GCTimeRatio                              = 4                                         {product} {command line}
   size_t InitialHeapSize                          = 104857600                                 {product} {command line}
   size_t MaxHeapSize                              = 1073741824                                {product} {command line}
   size_t MaxNewSize                               = 357564416                                 {product} {ergonomic}
   size_t MinHeapDeltaBytes                        = 524288                                    {product} {ergonomic}
   size_t MinHeapSize                              = 104857600                                 {product} {command line}
   size_t NewSize                                  = 34603008                                  {product} {ergonomic}
    uintx NonNMethodCodeHeapSize                   = 5839372                                {pd product} {ergonomic}
    uintx NonProfiledCodeHeapSize                  = 122909434                              {pd product} {ergonomic}
   size_t OldSize                                  = 70254592                                  {product} {ergonomic}
    uintx ProfiledCodeHeapSize                     = 122909434                              {pd product} {ergonomic}
    uintx ReservedCodeCacheSize                    = 251658240                              {pd product} {ergonomic}
     bool SegmentedCodeCache                       = true                                      {product} {ergonomic}
   size_t SoftMaxHeapSize                          = 1073741824                             {manageable} {ergonomic}
     bool UseCompressedOops                        = true                           {product lp64_product} {ergonomic}
     bool UseLargePagesIndividualAllocation        = false                                  {pd product} {ergonomic}
     bool UseParallelGC                            = true                                      {product} {command line}

Logging:
Log output configuration:
 #0: stdout all=off uptime,level,tags foldmultilines=false
 #1: stderr all=off uptime,level,tags foldmultilines=false

Environment Variables:
PATH=C:\Program Files\Common Files\Oracle\Java\javapath;C:\WINDOWS\system32;C:\WINDOWS;C:\WINDOWS\System32\Wbem;C:\WINDOWS\System32\WindowsPowerShell\v1.0\;C:\WINDOWS\System32\OpenSSH\;C:\Program Files\nodejs\;C:\xampp\htdocs;C:\Program Files\Git\cmd;C:\Program Files\Docker\Docker\resources\bin;C:\apache-maven-3.9.11\bin;C:\MongoDB\mongosh-2.5.8-win32-x64\bin;C:\Users\herik\AppData\Local\Programs\Python\Python313\Scripts\;C:\Users\herik\AppData\Local\Programs\Python\Python313\;C:\Users\herik\AppData\Local\Microsoft\WindowsApps;C:\Users\herik\AppData\Local\Programs\Microsoft VS Code\bin;C:\Users\herik\AppData\Roaming\npm;C:\Extrairphp;
USERNAME=herik
OS=Windows_NT
PROCESSOR_IDENTIFIER=Intel64 Family 6 Model 154 Stepping 4, GenuineIntel
TMP=C:\Users\herik\AppData\Local\Temp
TEMP=C:\Users\herik\AppData\Local\Temp




Periodic native trim disabled

---------------  S Y S T E M  ---------------

OS:
 Windows 11 , 64 bit Build 26100 (10.0.26100.6725)
OS uptime: 0 days 1:54 hours
Hyper-V role detected

CPU: total 8 (initial active 8) (4 cores per cpu, 2 threads per core) family 6 model 154 stepping 4 microcode 0x423, cx8, cmov, fxsr, ht, mmx, 3dnowpref, sse, sse2, sse3, ssse3, sse4.1, sse4.2, popcnt, lzcnt, tsc, tscinvbit, avx, avx2, aes, erms, clmul, bmi1, bmi2, adx, sha, fma, vzeroupper, clflush, clflushopt, clwb, hv, serialize, rdtscp, rdpid, fsrm, f16c, cet_ibt, cet_ss
Processor Information for processor 0
  Max Mhz: 1200, Current Mhz: 1200, Mhz Limit: 1200
Processor Information for processor 1
  Max Mhz: 1200, Current Mhz: 1200, Mhz Limit: 1200
Processor Information for processor 2
  Max Mhz: 1200, Current Mhz: 1200, Mhz Limit: 1200
Processor Information for processor 3
  Max Mhz: 1200, Current Mhz: 1200, Mhz Limit: 1200
Processor Information for processor 4
  Max Mhz: 1200, Current Mhz: 900, Mhz Limit: 900
Processor Information for processor 5
  Max Mhz: 1200, Current Mhz: 900, Mhz Limit: 900
Processor Information for processor 6
  Max Mhz: 1200, Current Mhz: 900, Mhz Limit: 900
Processor Information for processor 7
  Max Mhz: 1200, Current Mhz: 900, Mhz Limit: 900

Memory: 4k page, system-wide physical 3797M (0M free)
TotalPageFile size 15573M (AvailPageFile size 4M)
current process WorkingSet (physical memory assigned to process): 73M, peak: 132M
current process commit charge ("private bytes"): 253M, peak: 260M

vm_info: OpenJDK 64-Bit Server VM (21.0.5+11-LTS) for windows-amd64 JRE (21.0.5+11-LTS), built on 2024-10-15T00:00:00Z by "admin" with MS VC++ 17.7 (VS2022)

END.
