#
# There is insufficient memory for the Java Runtime Environment to continue.
# Native memory allocation (malloc) failed to allocate 1086496 bytes. Error detail: Chunk::new
# Possible reasons:
#   The system is out of physical RAM or swap space
#   This process is running with CompressedOops enabled, and the Java Heap may be blocking the growth of the native heap
# Possible solutions:
#   Reduce memory load on the system
#   Increase physical memory or swap space
#   Check if swap backing store is full
#   Decrease Java heap size (-Xmx/-Xms)
#   Decrease number of Java threads
#   Decrease Java thread stack sizes (-Xss)
#   Set larger code cache with -XX:ReservedCodeCacheSize=
#   JVM is running with Unscaled Compressed Oops mode in which the Java heap is
#     placed in the first 4GB address space. The Java Heap base address is the
#     maximum limit for the native heap growth. Please use -XX:HeapBaseMinAddress
#     to set the Java Heap base and to place the Java Heap above 4GB virtual address.
# This output file may be truncated or incomplete.
#
#  Out of Memory Error (arena.cpp:168), pid=7148, tid=6764
#
# JRE version: OpenJDK Runtime Environment Temurin-21.0.5+11 (21.0.5+11) (build 21.0.5+11-LTS)
# Java VM: OpenJDK 64-Bit Server VM Temurin-21.0.5+11 (21.0.5+11-LTS, mixed mode, sharing, tiered, compressed oops, compressed class ptrs, parallel gc, windows-amd64)
# No core dump will be written. Minidumps are not enabled by default on client versions of Windows
#

---------------  S U M M A R Y ------------

Command Line: --add-modules=ALL-SYSTEM --add-opens=java.base/java.util=ALL-UNNAMED --add-opens=java.base/java.lang=ALL-UNNAMED --add-opens=java.base/sun.nio.fs=ALL-UNNAMED -Declipse.application=org.eclipse.jdt.ls.core.id1 -Dosgi.bundles.defaultStartLevel=4 -Declipse.product=org.eclipse.jdt.ls.core.product -Djava.import.generatesMetadataFilesAtProjectRoot=false -DDetectVMInstallationsJob.disabled=true -Dfile.encoding=utf8 -XX:+UseParallelGC -XX:GCTimeRatio=4 -XX:AdaptiveSizePolicyWeight=90 -Dsun.zip.disableMemoryMapping=true -Xmx1G -Xms100m -Xlog:disable -javaagent:c:\Users\herik\.vscode\extensions\redhat.java-1.39.0-win32-x64\lombok\lombok-1.18.34.jar -XX:+HeapDumpOnOutOfMemoryError -XX:HeapDumpPath=c:\Users\herik\AppData\Roaming\Code\User\workspaceStorage\fe357c4e1896176b19ada03263e8c2cb\redhat.java -Daether.dependencyCollector.impl=bf c:\Users\herik\.vscode\extensions\redhat.java-1.39.0-win32-x64\server\plugins\org.eclipse.equinox.launcher_1.6.900.v20240613-2009.jar -configuration c:\Users\herik\AppData\Roaming\Code\User\globalStorage\redhat.java\1.39.0\config_win -data c:\Users\herik\AppData\Roaming\Code\User\workspaceStorage\fe357c4e1896176b19ada03263e8c2cb\redhat.java\jdt_ws --pipe=\\.\pipe\lsp-f09acfb1c5d2de2b356a5e3371c365bb-sock

Host: 12th Gen Intel(R) Core(TM) i3-1215U, 8 cores, 3G,  Windows 11 , 64 bit Build 26100 (10.0.26100.6725)
Time: Sun Oct  5 12:19:11 2025 Hora oficial do Brasil elapsed time: 143.854932 seconds (0d 0h 2m 23s)

---------------  T H R E A D  ---------------

Current thread (0x0000013566968fe0):  JavaThread "C2 CompilerThread0" daemon [_thread_in_native, id=6764, stack(0x0000001287300000,0x0000001287400000) (1024K)]


Current CompileTask:
C2:143855 9146 %     4       org.eclipse.jdt.internal.core.search.indexing.BinaryIndexer::extractReferenceFromConstantPool @ 155 (358 bytes)

Stack: [0x0000001287300000,0x0000001287400000]
Native frames: (J=compiled Java code, j=interpreted, Vv=VM code, C=native code)
V  [jvm.dll+0x6cd4e9]
V  [jvm.dll+0x8a7941]
V  [jvm.dll+0x8a9e6e]
V  [jvm.dll+0x8aa543]
V  [jvm.dll+0x27f6d6]
V  [jvm.dll+0xc500d]
V  [jvm.dll+0xc5543]
V  [jvm.dll+0x2f2a9d]
V  [jvm.dll+0x5f67ea]
V  [jvm.dll+0x250b82]
V  [jvm.dll+0x250f3f]
V  [jvm.dll+0x249814]
V  [jvm.dll+0x246ea4]
V  [jvm.dll+0x1c75ce]
V  [jvm.dll+0x25682a]
V  [jvm.dll+0x254dca]
V  [jvm.dll+0x3f00d6]
V  [jvm.dll+0x8514fb]
V  [jvm.dll+0x6cbbed]
C  [ucrtbase.dll+0x37b0]
C  [KERNEL32.DLL+0x2e8d7]
C  [ntdll.dll+0x8c53c]


---------------  P R O C E S S  ---------------

Threads class SMR info:
_java_thread_list=0x000001356f4d6f90, length=59, elements={
0x00000135506fb900, 0x000001356694fd30, 0x0000013566952010, 0x0000013566954a30,
0x0000013566955680, 0x000001356695d140, 0x00000135669651e0, 0x0000013566968fe0,
0x000001356846a130, 0x000001355076b730, 0x000001356876ba00, 0x000001356d5c79c0,
0x000001356d7be790, 0x0000013568547be0, 0x0000013568725740, 0x000001356da9d1c0,
0x000001356db98680, 0x000001356d00a840, 0x000001356d00a1b0, 0x000001356d008770,
0x000001356d00aed0, 0x000001356d009490, 0x000001356d00b560, 0x000001356d0080e0,
0x000001356d008e00, 0x000001356deb4570, 0x000001356deb3850, 0x000001356deb10f0,
0x000001356deb1e10, 0x000001356deb24a0, 0x000001356deb3ee0, 0x000001356deb4c00,
0x000001356deb2b30, 0x000001356deb1780, 0x000001356deb31c0, 0x000001356deb5920,
0x000001356deb8710, 0x000001356deb5fb0, 0x000001356deb6640, 0x000001356deb79f0,
0x000001356deb6cd0, 0x000001356deb8080, 0x000001356df38590, 0x000001356df37870,
0x000001356df35e30, 0x000001356df38c20, 0x000001356df371e0, 0x000001356df39940,
0x000001356df364c0, 0x000001356df37f00, 0x000001356df36b50, 0x000001356df3cdc0,
0x000001356df3acf0, 0x000001356df3a660, 0x000001356df3b380, 0x000001356df3ba10,
0x000001356df3c0a0, 0x000001356df3c730, 0x000001356df485c0
}

Java Threads: ( => current thread )
  0x00000135506fb900 JavaThread "main"                              [_thread_blocked, id=9244, stack(0x0000001286900000,0x0000001286a00000) (1024K)]
  0x000001356694fd30 JavaThread "Reference Handler"          daemon [_thread_blocked, id=14524, stack(0x0000001286d00000,0x0000001286e00000) (1024K)]
  0x0000013566952010 JavaThread "Finalizer"                  daemon [_thread_blocked, id=14420, stack(0x0000001286e00000,0x0000001286f00000) (1024K)]
  0x0000013566954a30 JavaThread "Signal Dispatcher"          daemon [_thread_blocked, id=14832, stack(0x0000001286f00000,0x0000001287000000) (1024K)]
  0x0000013566955680 JavaThread "Attach Listener"            daemon [_thread_blocked, id=2220, stack(0x0000001287000000,0x0000001287100000) (1024K)]
  0x000001356695d140 JavaThread "Service Thread"             daemon [_thread_blocked, id=8548, stack(0x0000001287100000,0x0000001287200000) (1024K)]
  0x00000135669651e0 JavaThread "Monitor Deflation Thread"   daemon [_thread_blocked, id=14264, stack(0x0000001287200000,0x0000001287300000) (1024K)]
=>0x0000013566968fe0 JavaThread "C2 CompilerThread0"         daemon [_thread_in_native, id=6764, stack(0x0000001287300000,0x0000001287400000) (1024K)]
  0x000001356846a130 JavaThread "C1 CompilerThread0"         daemon [_thread_in_vm, id=5716, stack(0x0000001287400000,0x0000001287500000) (1024K)]
  0x000001355076b730 JavaThread "Common-Cleaner"             daemon [_thread_blocked, id=17168, stack(0x0000001287500000,0x0000001287600000) (1024K)]
  0x000001356876ba00 JavaThread "Notification Thread"        daemon [_thread_blocked, id=17252, stack(0x0000001287600000,0x0000001287700000) (1024K)]
  0x000001356d5c79c0 JavaThread "Active Thread: Equinox Container: 0dd324b2-d61d-4429-8672-2d3b0a0d5f14"        [_thread_blocked, id=6380, stack(0x0000001287d00000,0x0000001287e00000) (1024K)]
  0x000001356d7be790 JavaThread "Refresh Thread: Equinox Container: 0dd324b2-d61d-4429-8672-2d3b0a0d5f14" daemon [_thread_blocked, id=19708, stack(0x0000001287e00000,0x0000001287f00000) (1024K)]
  0x0000013568547be0 JavaThread "Framework Event Dispatcher: Equinox Container: 0dd324b2-d61d-4429-8672-2d3b0a0d5f14" daemon [_thread_blocked, id=20108, stack(0x0000001288000000,0x0000001288100000) (1024K)]
  0x0000013568725740 JavaThread "Start Level: Equinox Container: 0dd324b2-d61d-4429-8672-2d3b0a0d5f14" daemon [_thread_blocked, id=14932, stack(0x0000001288100000,0x0000001288200000) (1024K)]
  0x000001356da9d1c0 JavaThread "Bundle File Closer"         daemon [_thread_blocked, id=3168, stack(0x0000001288200000,0x0000001288300000) (1024K)]
  0x000001356db98680 JavaThread "SCR Component Actor"        daemon [_thread_blocked, id=4484, stack(0x0000001288300000,0x0000001288400000) (1024K)]
  0x000001356d00a840 JavaThread "Worker-JM"                         [_thread_blocked, id=7156, stack(0x0000001288500000,0x0000001288600000) (1024K)]
  0x000001356d00a1b0 JavaThread "JNA Cleaner"                daemon [_thread_blocked, id=20476, stack(0x0000001288400000,0x0000001288500000) (1024K)]
  0x000001356d008770 JavaThread "Worker-1: Java indexing... "        [_thread_blocked, id=19172, stack(0x0000001288700000,0x0000001288800000) (1024K)]
  0x000001356d00aed0 JavaThread "Worker-2"                          [_thread_blocked, id=19384, stack(0x0000001288800000,0x0000001288900000) (1024K)]
  0x000001356d009490 JavaThread "Java indexing"              daemon [_thread_in_native, id=13908, stack(0x0000001288900000,0x0000001288a00000) (1024K)]
  0x000001356d00b560 JavaThread "Worker-3"                          [_thread_blocked, id=14860, stack(0x0000001288c00000,0x0000001288d00000) (1024K)]
  0x000001356d0080e0 JavaThread "Worker-4"                          [_thread_blocked, id=19992, stack(0x0000001288d00000,0x0000001288e00000) (1024K)]
  0x000001356d008e00 JavaThread "Thread-5"                   daemon [_thread_in_native, id=20288, stack(0x0000001288e00000,0x0000001288f00000) (1024K)]
  0x000001356deb4570 JavaThread "Thread-6"                   daemon [_thread_in_native, id=14800, stack(0x0000001288f00000,0x0000001289000000) (1024K)]
  0x000001356deb3850 JavaThread "Thread-7"                   daemon [_thread_in_native, id=17764, stack(0x0000001289000000,0x0000001289100000) (1024K)]
  0x000001356deb10f0 JavaThread "Thread-8"                   daemon [_thread_in_native, id=15040, stack(0x0000001289100000,0x0000001289200000) (1024K)]
  0x000001356deb1e10 JavaThread "Thread-9"                   daemon [_thread_in_native, id=18328, stack(0x0000001289200000,0x0000001289300000) (1024K)]
  0x000001356deb24a0 JavaThread "Thread-10"                  daemon [_thread_in_native, id=16420, stack(0x0000001289300000,0x0000001289400000) (1024K)]
  0x000001356deb3ee0 JavaThread "Thread-11"                  daemon [_thread_in_native, id=8232, stack(0x0000001289400000,0x0000001289500000) (1024K)]
  0x000001356deb4c00 JavaThread "Thread-12"                  daemon [_thread_in_native, id=3652, stack(0x0000001289500000,0x0000001289600000) (1024K)]
  0x000001356deb2b30 JavaThread "Thread-13"                  daemon [_thread_in_native, id=5572, stack(0x0000001289600000,0x0000001289700000) (1024K)]
  0x000001356deb1780 JavaThread "pool-2-thread-1"                   [_thread_blocked, id=19640, stack(0x0000001289700000,0x0000001289800000) (1024K)]
  0x000001356deb31c0 JavaThread "WorkspaceEventsHandler"            [_thread_blocked, id=18488, stack(0x0000001289800000,0x0000001289900000) (1024K)]
  0x000001356deb5920 JavaThread "pool-1-thread-1"                   [_thread_blocked, id=7268, stack(0x0000001289900000,0x0000001289a00000) (1024K)]
  0x000001356deb8710 JavaThread "Worker-5: Building"                [_thread_in_native, id=15736, stack(0x0000001289a00000,0x0000001289b00000) (1024K)]
  0x000001356deb5fb0 JavaThread "Worker-6"                          [_thread_blocked, id=18500, stack(0x0000001289b00000,0x0000001289c00000) (1024K)]
  0x000001356deb6640 JavaThread "LocalFile Deleter"          daemon [_thread_blocked, id=16308, stack(0x0000001289c00000,0x0000001289d00000) (1024K)]
  0x000001356deb79f0 JavaThread "LocalFile Deleter"          daemon [_thread_blocked, id=19308, stack(0x0000001289d00000,0x0000001289e00000) (1024K)]
  0x000001356deb6cd0 JavaThread "LocalFile Deleter"          daemon [_thread_blocked, id=11488, stack(0x0000001289e00000,0x0000001289f00000) (1024K)]
  0x000001356deb8080 JavaThread "LocalFile Deleter"          daemon [_thread_blocked, id=4960, stack(0x0000001289f00000,0x000000128a000000) (1024K)]
  0x000001356df38590 JavaThread "LocalFile Deleter"          daemon [_thread_blocked, id=12452, stack(0x000000128a000000,0x000000128a100000) (1024K)]
  0x000001356df37870 JavaThread "LocalFile Deleter"          daemon [_thread_blocked, id=16068, stack(0x000000128a100000,0x000000128a200000) (1024K)]
  0x000001356df35e30 JavaThread "LocalFile Deleter"          daemon [_thread_blocked, id=19956, stack(0x000000128a200000,0x000000128a300000) (1024K)]
  0x000001356df38c20 JavaThread "LocalFile Deleter"          daemon [_thread_blocked, id=13468, stack(0x000000128a300000,0x000000128a400000) (1024K)]
  0x000001356df371e0 JavaThread "Compiler Source File Reader" daemon [_thread_blocked, id=2432, stack(0x000000128a400000,0x000000128a500000) (1024K)]
  0x000001356df39940 JavaThread "Compiler Source File Reader" daemon [_thread_blocked, id=8600, stack(0x000000128a500000,0x000000128a600000) (1024K)]
  0x000001356df364c0 JavaThread "Compiler Source File Reader" daemon [_thread_blocked, id=3320, stack(0x000000128a600000,0x000000128a700000) (1024K)]
  0x000001356df37f00 JavaThread "Compiler Source File Reader" daemon [_thread_blocked, id=11596, stack(0x000000128a700000,0x000000128a800000) (1024K)]
  0x000001356df36b50 JavaThread "Compiler Source File Reader" daemon [_thread_blocked, id=19684, stack(0x000000128a800000,0x000000128a900000) (1024K)]
  0x000001356df3cdc0 JavaThread "Compiler Source File Reader" daemon [_thread_blocked, id=18348, stack(0x000000128a900000,0x000000128aa00000) (1024K)]
  0x000001356df3acf0 JavaThread "Compiler Processing Task"   daemon [_thread_blocked, id=3952, stack(0x000000128aa00000,0x000000128ab00000) (1024K)]
  0x000001356df3a660 JavaThread "Compiler Class File Writer" daemon [_thread_blocked, id=8772, stack(0x0000001286700000,0x0000001286800000) (1024K)]
  0x000001356df3b380 JavaThread "Compiler Class File Writer" daemon [_thread_blocked, id=12620, stack(0x0000001288b00000,0x0000001288c00000) (1024K)]
  0x000001356df3ba10 JavaThread "Compiler Class File Writer" daemon [_thread_blocked, id=20364, stack(0x000000128ab00000,0x000000128ac00000) (1024K)]
  0x000001356df3c0a0 JavaThread "Compiler Class File Writer" daemon [_thread_blocked, id=19316, stack(0x000000128ac00000,0x000000128ad00000) (1024K)]
  0x000001356df3c730 JavaThread "Compiler Class File Writer" daemon [_thread_blocked, id=3996, stack(0x000000128ad00000,0x000000128ae00000) (1024K)]
  0x000001356df485c0 JavaThread "Compiler Class File Writer" daemon [_thread_blocked, id=14120, stack(0x000000128ae00000,0x000000128af00000) (1024K)]
Total: 59

Other Threads:
  0x0000013550232b20 VMThread "VM Thread"                           [id=20312, stack(0x0000001286c00000,0x0000001286d00000) (1024K)]
  0x000001356686ca00 WatcherThread "VM Periodic Task Thread"        [id=12888, stack(0x0000001286b00000,0x0000001286c00000) (1024K)]
  0x0000013550232780 WorkerThread "GC Thread#0"                     [id=4092, stack(0x0000001286a00000,0x0000001286b00000) (1024K)]
  0x0000013550232040 WorkerThread "GC Thread#1"                     [id=18888, stack(0x0000001287700000,0x0000001287800000) (1024K)]
  0x0000013550232ec0 WorkerThread "GC Thread#2"                     [id=7040, stack(0x0000001287800000,0x0000001287900000) (1024K)]
  0x00000135502339a0 WorkerThread "GC Thread#3"                     [id=11804, stack(0x0000001287900000,0x0000001287a00000) (1024K)]
  0x000001356d47b460 WorkerThread "GC Thread#4"                     [id=14216, stack(0x0000001287a00000,0x0000001287b00000) (1024K)]
  0x000001356d47bba0 WorkerThread "GC Thread#5"                     [id=19148, stack(0x0000001287b00000,0x0000001287c00000) (1024K)]
  0x000001356d47c2e0 WorkerThread "GC Thread#6"                     [id=8628, stack(0x0000001287c00000,0x0000001287d00000) (1024K)]
  0x000001356d47eac0 WorkerThread "GC Thread#7"                     [id=17872, stack(0x0000001287f00000,0x0000001288000000) (1024K)]
Total: 10

Threads with active compile tasks:
C2 CompilerThread0  144047 9146 %     4       org.eclipse.jdt.internal.core.search.indexing.BinaryIndexer::extractReferenceFromConstantPool @ 155 (358 bytes)
C1 CompilerThread0  144047 9178       3       java.util.ArrayList$ArrayListSpliterator::forEachRemaining (127 bytes)
Total: 2

VM state: not at safepoint (normal execution)

VM Mutex/Monitor currently owned by a thread: None

Heap address: 0x00000000c0000000, size: 1024 MB, Compressed Oops mode: 32-bit

CDS archive(s) mapped at: [0x0000013500000000-0x0000013500ba0000-0x0000013500ba0000), size 12189696, SharedBaseAddress: 0x0000013500000000, ArchiveRelocationMode: 1.
Compressed class space mapped at: 0x0000013501000000-0x0000013541000000, reserved size: 1073741824
Narrow klass base: 0x0000013500000000, Narrow klass shift: 0, Narrow klass range: 0x100000000

GC Precious Log:
 CardTable entry size: 512
 CPUs: 8 total, 8 available
 Memory: 3797M
 Large Page Support: Disabled
 NUMA Support: Disabled
 Compressed Oops: Enabled (32-bit)
 Alignments: Space 512K, Generation 512K, Heap 2M
 Heap Min Capacity: 100M
 Heap Initial Capacity: 100M
 Heap Max Capacity: 1G
 Pre-touch: Disabled
 Parallel Workers: 8

Heap:
 PSYoungGen      total 6656K, used 4936K [0x00000000eab00000, 0x00000000eb600000, 0x0000000100000000)
  eden space 2560K, 39% used [0x00000000eab00000,0x00000000eabfbb50,0x00000000ead80000)
  from space 4096K, 96% used [0x00000000ead80000,0x00000000eb15f0f8,0x00000000eb180000)
  to   space 4096K, 0% used [0x00000000eb200000,0x00000000eb200000,0x00000000eb600000)
 ParOldGen       total 348160K, used 347648K [0x00000000c0000000, 0x00000000d5400000, 0x00000000eab00000)
  object space 348160K, 99% used [0x00000000c0000000,0x00000000d5380218,0x00000000d5400000)
 Metaspace       used 55187K, committed 56448K, reserved 1114112K
  class space    used 5703K, committed 6272K, reserved 1048576K

Card table byte_map: [0x0000013564200000,0x0000013564410000] _byte_map_base: 0x0000013563c00000

Marking Bits: (ParMarkBitMap*) 0x00007ffc107c2250
 Begin Bits: [0x0000013564570000, 0x0000013565570000)
 End Bits:   [0x0000013565570000, 0x0000013566570000)

Polling page: 0x00000135504a0000

Metaspace:

Usage:
  Non-class:     48.32 MB used.
      Class:      5.57 MB used.
       Both:     53.89 MB used.

Virtual space:
  Non-class space:       64.00 MB reserved,      49.00 MB ( 77%) committed,  1 nodes.
      Class space:        1.00 GB reserved,       6.12 MB ( <1%) committed,  1 nodes.
             Both:        1.06 GB reserved,      55.12 MB (  5%) committed. 

Chunk freelists:
   Non-Class:  14.91 MB
       Class:  9.92 MB
        Both:  24.83 MB

MaxMetaspaceSize: unlimited
CompressedClassSpaceSize: 1.00 GB
Initial GC threshold: 21.00 MB
Current GC threshold: 90.31 MB
CDS: on
 - commit_granule_bytes: 65536.
 - commit_granule_words: 8192.
 - virtual_space_node_default_size: 8388608.
 - enlarge_chunks_in_place: 1.
 - use_allocation_guard: 0.


Internal statistics:

num_allocs_failed_limit: 6.
num_arena_births: 1030.
num_arena_deaths: 14.
num_vsnodes_births: 2.
num_vsnodes_deaths: 0.
num_space_committed: 882.
num_space_uncommitted: 0.
num_chunks_returned_to_freelist: 20.
num_chunks_taken_from_freelist: 3591.
num_chunk_merges: 12.
num_chunk_splits: 2203.
num_chunks_enlarged: 1208.
num_inconsistent_stats: 0.

CodeHeap 'non-profiled nmethods': size=120000Kb used=5823Kb max_used=5823Kb free=114176Kb
 bounds [0x000001355cae0000, 0x000001355d090000, 0x0000013564010000]
CodeHeap 'profiled nmethods': size=120000Kb used=17919Kb max_used=17919Kb free=102080Kb
 bounds [0x0000013555010000, 0x00000135561a0000, 0x000001355c540000]
CodeHeap 'non-nmethods': size=5760Kb used=1404Kb max_used=1444Kb free=4355Kb
 bounds [0x000001355c540000, 0x000001355c7b0000, 0x000001355cae0000]
 total_blobs=9003 nmethods=8288 adapters=621
 compilation: enabled
              stopped_count=0, restarted_count=0
 full_count=0

Compilation events (20 events):
Event: 143.332 Thread 0x000001356846a130 nmethod 9134 0x000001355617ed90 code [0x000001355617ef40, 0x000001355617f228]
Event: 143.463 Thread 0x000001356846a130 9135       1       java.nio.charset.CharsetEncoder::maxBytesPerChar (5 bytes)
Event: 143.463 Thread 0x000001356846a130 nmethod 9135 0x000001355d08e710 code [0x000001355d08e8a0, 0x000001355d08e968]
Event: 143.472 Thread 0x000001356846a130 9136       3       org.eclipse.jdt.internal.core.builder.ClasspathLocation::getModulesDeclaringPackage (11 bytes)
Event: 143.500 Thread 0x000001356846a130 nmethod 9136 0x000001355617f310 code [0x000001355617f4c0, 0x000001355617f758]
Event: 143.506 Thread 0x0000013566968fe0 9137       4       org.eclipse.jdt.internal.core.search.indexing.AbstractIndexer::addTypeReference (7 bytes)
Event: 143.527 Thread 0x0000013566968fe0 nmethod 9137 0x000001355d08ea10 code [0x000001355d08ec00, 0x000001355d08f2c8]
Event: 143.528 Thread 0x0000013566968fe0 9146 %     4       org.eclipse.jdt.internal.core.search.indexing.BinaryIndexer::extractReferenceFromConstantPool @ 155 (358 bytes)
Event: 143.534 Thread 0x000001356846a130 9148       3       org.eclipse.jdt.internal.core.search.matching.MethodDeclarationPattern::createDeclarationIndexKey (387 bytes)
Event: 143.544 Thread 0x000001356846a130 nmethod 9148 0x000001355617f810 code [0x000001355617fb60, 0x0000013556181820]
Event: 143.544 Thread 0x000001356846a130 9149       1       org.eclipse.jdt.internal.compiler.classfmt.ClassFileReader::getConstantPoolOffsets (5 bytes)
Event: 143.544 Thread 0x000001356846a130 nmethod 9149 0x000001355d08f810 code [0x000001355d08f9a0, 0x000001355d08fa68]
Event: 143.545 Thread 0x000001356846a130 9151       3       org.eclipse.jdt.internal.compiler.util.Util::isClassFileName (82 bytes)
Event: 143.548 Thread 0x000001356846a130 nmethod 9151 0x0000013556182010 code [0x0000013556182260, 0x0000013556182b28]
Event: 143.617 Thread 0x000001356846a130 9155       3       org.eclipse.jdt.internal.core.index.DiskIndex::writeDocumentNumbers (384 bytes)
Event: 143.628 Thread 0x000001356846a130 nmethod 9155 0x0000013556182f10 code [0x00000135561831a0, 0x0000013556183dd0]
Event: 143.640 Thread 0x000001356846a130 9156       3       org.eclipse.jdt.internal.core.builder.ClasspathMultiReleaseJar::readPackageNames (112 bytes)
Event: 143.645 Thread 0x000001356846a130 nmethod 9156 0x0000013556184390 code [0x0000013556184680, 0x0000013556185758]
Event: 143.719 Thread 0x000001356846a130 9157       3       java.util.Set::copyOf (40 bytes)
Event: 143.724 Thread 0x000001356846a130 nmethod 9157 0x0000013556185d10 code [0x0000013556185f80, 0x0000013556186bc0]

GC Heap History (20 events):
Event: 135.520 GC heap before
{Heap before GC invocations=243 (full 3):
 PSYoungGen      total 3072K, used 2647K [0x00000000eab00000, 0x00000000eb600000, 0x0000000100000000)
  eden space 1536K, 100% used [0x00000000eab00000,0x00000000eac80000,0x00000000eac80000)
  from space 1536K, 72% used [0x00000000eb300000,0x00000000eb415c98,0x00000000eb480000)
  to   space 1536K, 0% used [0x00000000eb480000,0x00000000eb480000,0x00000000eb600000)
 ParOldGen       total 337408K, used 336939K [0x00000000c0000000, 0x00000000d4980000, 0x00000000eab00000)
  object space 337408K, 99% used [0x00000000c0000000,0x00000000d490ad70,0x00000000d4980000)
 Metaspace       used 54572K, committed 55808K, reserved 1114112K
  class space    used 5658K, committed 6208K, reserved 1048576K
}
Event: 135.525 GC heap after
{Heap after GC invocations=243 (full 3):
 PSYoungGen      total 3584K, used 1511K [0x00000000eab00000, 0x00000000eb600000, 0x0000000100000000)
  eden space 2048K, 0% used [0x00000000eab00000,0x00000000eab00000,0x00000000ead00000)
  from space 1536K, 98% used [0x00000000eb480000,0x00000000eb5f9fa0,0x00000000eb600000)
  to   space 3072K, 0% used [0x00000000eb000000,0x00000000eb000000,0x00000000eb300000)
 ParOldGen       total 338432K, used 337946K [0x00000000c0000000, 0x00000000d4a80000, 0x00000000eab00000)
  object space 338432K, 99% used [0x00000000c0000000,0x00000000d4a069c0,0x00000000d4a80000)
 Metaspace       used 54572K, committed 55808K, reserved 1114112K
  class space    used 5658K, committed 6208K, reserved 1048576K
}
Event: 135.629 GC heap before
{Heap before GC invocations=244 (full 3):
 PSYoungGen      total 3584K, used 3559K [0x00000000eab00000, 0x00000000eb600000, 0x0000000100000000)
  eden space 2048K, 100% used [0x00000000eab00000,0x00000000ead00000,0x00000000ead00000)
  from space 1536K, 98% used [0x00000000eb480000,0x00000000eb5f9fa0,0x00000000eb600000)
  to   space 3072K, 0% used [0x00000000eb000000,0x00000000eb000000,0x00000000eb300000)
 ParOldGen       total 338432K, used 337946K [0x00000000c0000000, 0x00000000d4a80000, 0x00000000eab00000)
  object space 338432K, 99% used [0x00000000c0000000,0x00000000d4a069c0,0x00000000d4a80000)
 Metaspace       used 54592K, committed 55808K, reserved 1114112K
  class space    used 5660K, committed 6208K, reserved 1048576K
}
Event: 135.633 GC heap after
{Heap after GC invocations=244 (full 3):
 PSYoungGen      total 5632K, used 1280K [0x00000000eab00000, 0x00000000eb500000, 0x0000000100000000)
  eden space 2560K, 0% used [0x00000000eab00000,0x00000000eab00000,0x00000000ead80000)
  from space 3072K, 41% used [0x00000000eb000000,0x00000000eb140000,0x00000000eb300000)
  to   space 2048K, 0% used [0x00000000eb300000,0x00000000eb300000,0x00000000eb500000)
 ParOldGen       total 339456K, used 339304K [0x00000000c0000000, 0x00000000d4b80000, 0x00000000eab00000)
  object space 339456K, 99% used [0x00000000c0000000,0x00000000d4b5a3f8,0x00000000d4b80000)
 Metaspace       used 54592K, committed 55808K, reserved 1114112K
  class space    used 5660K, committed 6208K, reserved 1048576K
}
Event: 135.676 GC heap before
{Heap before GC invocations=245 (full 3):
 PSYoungGen      total 5632K, used 3840K [0x00000000eab00000, 0x00000000eb500000, 0x0000000100000000)
  eden space 2560K, 100% used [0x00000000eab00000,0x00000000ead80000,0x00000000ead80000)
  from space 3072K, 41% used [0x00000000eb000000,0x00000000eb140000,0x00000000eb300000)
  to   space 2048K, 0% used [0x00000000eb300000,0x00000000eb300000,0x00000000eb500000)
 ParOldGen       total 339456K, used 339304K [0x00000000c0000000, 0x00000000d4b80000, 0x00000000eab00000)
  object space 339456K, 99% used [0x00000000c0000000,0x00000000d4b5a3f8,0x00000000d4b80000)
 Metaspace       used 54594K, committed 55808K, reserved 1114112K
  class space    used 5660K, committed 6208K, reserved 1048576K
}
Event: 135.681 GC heap after
{Heap after GC invocations=245 (full 3):
 PSYoungGen      total 4608K, used 1536K [0x00000000eab00000, 0x00000000eb480000, 0x0000000100000000)
  eden space 3072K, 0% used [0x00000000eab00000,0x00000000eab00000,0x00000000eae00000)
  from space 1536K, 100% used [0x00000000eb300000,0x00000000eb480000,0x00000000eb480000)
  to   space 2048K, 0% used [0x00000000eb080000,0x00000000eb080000,0x00000000eb280000)
 ParOldGen       total 340992K, used 340518K [0x00000000c0000000, 0x00000000d4d00000, 0x00000000eab00000)
  object space 340992K, 99% used [0x00000000c0000000,0x00000000d4c89958,0x00000000d4d00000)
 Metaspace       used 54594K, committed 55808K, reserved 1114112K
  class space    used 5660K, committed 6208K, reserved 1048576K
}
Event: 137.625 GC heap before
{Heap before GC invocations=246 (full 3):
 PSYoungGen      total 4608K, used 4607K [0x00000000eab00000, 0x00000000eb480000, 0x0000000100000000)
  eden space 3072K, 99% used [0x00000000eab00000,0x00000000eadfffb8,0x00000000eae00000)
  from space 1536K, 100% used [0x00000000eb300000,0x00000000eb480000,0x00000000eb480000)
  to   space 2048K, 0% used [0x00000000eb080000,0x00000000eb080000,0x00000000eb280000)
 ParOldGen       total 340992K, used 340518K [0x00000000c0000000, 0x00000000d4d00000, 0x00000000eab00000)
  object space 340992K, 99% used [0x00000000c0000000,0x00000000d4c89958,0x00000000d4d00000)
 Metaspace       used 54664K, committed 55872K, reserved 1114112K
  class space    used 5668K, committed 6208K, reserved 1048576K
}
Event: 137.660 GC heap after
{Heap after GC invocations=246 (full 3):
 PSYoungGen      total 5632K, used 2048K [0x00000000eab00000, 0x00000000eb680000, 0x0000000100000000)
  eden space 3584K, 0% used [0x00000000eab00000,0x00000000eab00000,0x00000000eae80000)
  from space 2048K, 100% used [0x00000000eb080000,0x00000000eb280000,0x00000000eb280000)
  to   space 4096K, 0% used [0x00000000eb280000,0x00000000eb280000,0x00000000eb680000)
 ParOldGen       total 342528K, used 342054K [0x00000000c0000000, 0x00000000d4e80000, 0x00000000eab00000)
  object space 342528K, 99% used [0x00000000c0000000,0x00000000d4e09958,0x00000000d4e80000)
 Metaspace       used 54664K, committed 55872K, reserved 1114112K
  class space    used 5668K, committed 6208K, reserved 1048576K
}
Event: 138.661 GC heap before
{Heap before GC invocations=247 (full 3):
 PSYoungGen      total 5632K, used 5631K [0x00000000eab00000, 0x00000000eb680000, 0x0000000100000000)
  eden space 3584K, 99% used [0x00000000eab00000,0x00000000eae7ffc8,0x00000000eae80000)
  from space 2048K, 100% used [0x00000000eb080000,0x00000000eb280000,0x00000000eb280000)
  to   space 4096K, 0% used [0x00000000eb280000,0x00000000eb280000,0x00000000eb680000)
 ParOldGen       total 342528K, used 342054K [0x00000000c0000000, 0x00000000d4e80000, 0x00000000eab00000)
  object space 342528K, 99% used [0x00000000c0000000,0x00000000d4e09958,0x00000000d4e80000)
 Metaspace       used 54741K, committed 55936K, reserved 1114112K
  class space    used 5672K, committed 6208K, reserved 1048576K
}
Event: 138.680 GC heap after
{Heap after GC invocations=247 (full 3):
 PSYoungGen      total 6144K, used 1888K [0x00000000eab00000, 0x00000000eb480000, 0x0000000100000000)
  eden space 4096K, 0% used [0x00000000eab00000,0x00000000eab00000,0x00000000eaf00000)
  from space 2048K, 92% used [0x00000000eb280000,0x00000000eb458000,0x00000000eb480000)
  to   space 2560K, 0% used [0x00000000eaf80000,0x00000000eaf80000,0x00000000eb200000)
 ParOldGen       total 344576K, used 344134K [0x00000000c0000000, 0x00000000d5080000, 0x00000000eab00000)
  object space 344576K, 99% used [0x00000000c0000000,0x00000000d5011958,0x00000000d5080000)
 Metaspace       used 54741K, committed 55936K, reserved 1114112K
  class space    used 5672K, committed 6208K, reserved 1048576K
}
Event: 140.907 GC heap before
{Heap before GC invocations=248 (full 3):
 PSYoungGen      total 6144K, used 5984K [0x00000000eab00000, 0x00000000eb480000, 0x0000000100000000)
  eden space 4096K, 100% used [0x00000000eab00000,0x00000000eaf00000,0x00000000eaf00000)
  from space 2048K, 92% used [0x00000000eb280000,0x00000000eb458000,0x00000000eb480000)
  to   space 2560K, 0% used [0x00000000eaf80000,0x00000000eaf80000,0x00000000eb200000)
 ParOldGen       total 344576K, used 344134K [0x00000000c0000000, 0x00000000d5080000, 0x00000000eab00000)
  object space 344576K, 99% used [0x00000000c0000000,0x00000000d5011958,0x00000000d5080000)
 Metaspace       used 54921K, committed 56128K, reserved 1114112K
  class space    used 5684K, committed 6208K, reserved 1048576K
}
Event: 140.920 GC heap after
{Heap after GC invocations=248 (full 3):
 PSYoungGen      total 7168K, used 2496K [0x00000000eab00000, 0x00000000eb580000, 0x0000000100000000)
  eden space 4608K, 0% used [0x00000000eab00000,0x00000000eab00000,0x00000000eaf80000)
  from space 2560K, 97% used [0x00000000eaf80000,0x00000000eb1f0000,0x00000000eb200000)
  to   space 3072K, 0% used [0x00000000eb280000,0x00000000eb280000,0x00000000eb580000)
 ParOldGen       total 344576K, used 344134K [0x00000000c0000000, 0x00000000d5080000, 0x00000000eab00000)
  object space 344576K, 99% used [0x00000000c0000000,0x00000000d5011958,0x00000000d5080000)
 Metaspace       used 54921K, committed 56128K, reserved 1114112K
  class space    used 5684K, committed 6208K, reserved 1048576K
}
Event: 143.362 GC heap before
{Heap before GC invocations=249 (full 3):
 PSYoungGen      total 7168K, used 7066K [0x00000000eab00000, 0x00000000eb580000, 0x0000000100000000)
  eden space 4608K, 99% used [0x00000000eab00000,0x00000000eaf769b8,0x00000000eaf80000)
  from space 2560K, 97% used [0x00000000eaf80000,0x00000000eb1f0000,0x00000000eb200000)
  to   space 3072K, 0% used [0x00000000eb280000,0x00000000eb280000,0x00000000eb580000)
 ParOldGen       total 344576K, used 344134K [0x00000000c0000000, 0x00000000d5080000, 0x00000000eab00000)
  object space 344576K, 99% used [0x00000000c0000000,0x00000000d5011958,0x00000000d5080000)
 Metaspace       used 55180K, committed 56448K, reserved 1114112K
  class space    used 5703K, committed 6272K, reserved 1048576K
}
Event: 143.449 GC heap after
{Heap after GC invocations=249 (full 3):
 PSYoungGen      total 5632K, used 3055K [0x00000000eab00000, 0x00000000eba00000, 0x0000000100000000)
  eden space 2560K, 0% used [0x00000000eab00000,0x00000000eab00000,0x00000000ead80000)
  from space 3072K, 99% used [0x00000000eb280000,0x00000000eb57bc20,0x00000000eb580000)
  to   space 5120K, 0% used [0x00000000ead80000,0x00000000ead80000,0x00000000eb280000)
 ParOldGen       total 346112K, used 345607K [0x00000000c0000000, 0x00000000d5200000, 0x00000000eab00000)
  object space 346112K, 99% used [0x00000000c0000000,0x00000000d5181e40,0x00000000d5200000)
 Metaspace       used 55180K, committed 56448K, reserved 1114112K
  class space    used 5703K, committed 6272K, reserved 1048576K
}
Event: 143.559 GC heap before
{Heap before GC invocations=250 (full 3):
 PSYoungGen      total 5632K, used 5614K [0x00000000eab00000, 0x00000000eba00000, 0x0000000100000000)
  eden space 2560K, 99% used [0x00000000eab00000,0x00000000ead7fe40,0x00000000ead80000)
  from space 3072K, 99% used [0x00000000eb280000,0x00000000eb57bc20,0x00000000eb580000)
  to   space 5120K, 0% used [0x00000000ead80000,0x00000000ead80000,0x00000000eb280000)
 ParOldGen       total 346112K, used 345607K [0x00000000c0000000, 0x00000000d5200000, 0x00000000eab00000)
  object space 346112K, 99% used [0x00000000c0000000,0x00000000d5181e40,0x00000000d5200000)
 Metaspace       used 55180K, committed 56448K, reserved 1114112K
  class space    used 5703K, committed 6272K, reserved 1048576K
}
Event: 143.577 GC heap after
{Heap after GC invocations=250 (full 3):
 PSYoungGen      total 5120K, used 2385K [0x00000000eab00000, 0x00000000eb500000, 0x0000000100000000)
  eden space 2560K, 0% used [0x00000000eab00000,0x00000000eab00000,0x00000000ead80000)
  from space 2560K, 93% used [0x00000000ead80000,0x00000000eafd4738,0x00000000eb000000)
  to   space 3584K, 0% used [0x00000000eb180000,0x00000000eb180000,0x00000000eb500000)
 ParOldGen       total 347648K, used 347640K [0x00000000c0000000, 0x00000000d5380000, 0x00000000eab00000)
  object space 347648K, 99% used [0x00000000c0000000,0x00000000d537e218,0x00000000d5380000)
 Metaspace       used 55180K, committed 56448K, reserved 1114112K
  class space    used 5703K, committed 6272K, reserved 1048576K
}
Event: 143.701 GC heap before
{Heap before GC invocations=251 (full 3):
 PSYoungGen      total 5120K, used 4945K [0x00000000eab00000, 0x00000000eb500000, 0x0000000100000000)
  eden space 2560K, 100% used [0x00000000eab00000,0x00000000ead80000,0x00000000ead80000)
  from space 2560K, 93% used [0x00000000ead80000,0x00000000eafd4738,0x00000000eb000000)
  to   space 3584K, 0% used [0x00000000eb180000,0x00000000eb180000,0x00000000eb500000)
 ParOldGen       total 347648K, used 347640K [0x00000000c0000000, 0x00000000d5380000, 0x00000000eab00000)
  object space 347648K, 99% used [0x00000000c0000000,0x00000000d537e218,0x00000000d5380000)
 Metaspace       used 55181K, committed 56448K, reserved 1114112K
  class space    used 5703K, committed 6272K, reserved 1048576K
}
Event: 143.704 GC heap after
{Heap after GC invocations=251 (full 3):
 PSYoungGen      total 6144K, used 3470K [0x00000000eab00000, 0x00000000eb600000, 0x0000000100000000)
  eden space 2560K, 0% used [0x00000000eab00000,0x00000000eab00000,0x00000000ead80000)
  from space 3584K, 96% used [0x00000000eb180000,0x00000000eb4e3b48,0x00000000eb500000)
  to   space 4096K, 0% used [0x00000000ead80000,0x00000000ead80000,0x00000000eb180000)
 ParOldGen       total 347648K, used 347640K [0x00000000c0000000, 0x00000000d5380000, 0x00000000eab00000)
  object space 347648K, 99% used [0x00000000c0000000,0x00000000d537e218,0x00000000d5380000)
 Metaspace       used 55181K, committed 56448K, reserved 1114112K
  class space    used 5703K, committed 6272K, reserved 1048576K
}
Event: 143.764 GC heap before
{Heap before GC invocations=252 (full 3):
 PSYoungGen      total 6144K, used 5952K [0x00000000eab00000, 0x00000000eb600000, 0x0000000100000000)
  eden space 2560K, 96% used [0x00000000eab00000,0x00000000ead6c868,0x00000000ead80000)
  from space 3584K, 96% used [0x00000000eb180000,0x00000000eb4e3b48,0x00000000eb500000)
  to   space 4096K, 0% used [0x00000000ead80000,0x00000000ead80000,0x00000000eb180000)
 ParOldGen       total 347648K, used 347640K [0x00000000c0000000, 0x00000000d5380000, 0x00000000eab00000)
  object space 347648K, 99% used [0x00000000c0000000,0x00000000d537e218,0x00000000d5380000)
 Metaspace       used 55182K, committed 56448K, reserved 1114112K
  class space    used 5703K, committed 6272K, reserved 1048576K
}
Event: 143.812 GC heap after
{Heap after GC invocations=252 (full 3):
 PSYoungGen      total 6656K, used 3964K [0x00000000eab00000, 0x00000000eb600000, 0x0000000100000000)
  eden space 2560K, 0% used [0x00000000eab00000,0x00000000eab00000,0x00000000ead80000)
  from space 4096K, 96% used [0x00000000ead80000,0x00000000eb15f0f8,0x00000000eb180000)
  to   space 4096K, 0% used [0x00000000eb200000,0x00000000eb200000,0x00000000eb600000)
 ParOldGen       total 348160K, used 347648K [0x00000000c0000000, 0x00000000d5400000, 0x00000000eab00000)
  object space 348160K, 99% used [0x00000000c0000000,0x00000000d5380218,0x00000000d5400000)
 Metaspace       used 55182K, committed 56448K, reserved 1114112K
  class space    used 5703K, committed 6272K, reserved 1048576K
}

Dll operation events (10 events):
Event: 0.044 Loaded shared library c:\Users\herik\.vscode\extensions\redhat.java-1.39.0-win32-x64\jre\21.0.5-win32-x86_64\bin\java.dll
Event: 0.182 Loaded shared library c:\Users\herik\.vscode\extensions\redhat.java-1.39.0-win32-x64\jre\21.0.5-win32-x86_64\bin\zip.dll
Event: 0.208 Loaded shared library C:\Users\herik\.vscode\extensions\redhat.java-1.39.0-win32-x64\jre\21.0.5-win32-x86_64\bin\instrument.dll
Event: 0.211 Loaded shared library C:\Users\herik\.vscode\extensions\redhat.java-1.39.0-win32-x64\jre\21.0.5-win32-x86_64\bin\net.dll
Event: 0.212 Loaded shared library C:\Users\herik\.vscode\extensions\redhat.java-1.39.0-win32-x64\jre\21.0.5-win32-x86_64\bin\nio.dll
Event: 0.214 Loaded shared library C:\Users\herik\.vscode\extensions\redhat.java-1.39.0-win32-x64\jre\21.0.5-win32-x86_64\bin\zip.dll
Event: 0.250 Loaded shared library C:\Users\herik\.vscode\extensions\redhat.java-1.39.0-win32-x64\jre\21.0.5-win32-x86_64\bin\jimage.dll
Event: 0.314 Loaded shared library c:\Users\herik\.vscode\extensions\redhat.java-1.39.0-win32-x64\jre\21.0.5-win32-x86_64\bin\verify.dll
Event: 8.548 Loaded shared library C:\Users\herik\AppData\Roaming\Code\User\globalStorage\redhat.java\1.39.0\config_win\org.eclipse.equinox.launcher\org.eclipse.equinox.launcher.win32.win32.x86_64_1.2.1100.v20240722-2106\eclipse_11904.dll
Event: 49.734 Loaded shared library C:\Users\herik\AppData\Local\Temp\jna-99167991\jna9341910861574937564.dll

Deoptimization events (20 events):
Event: 143.465 Thread 0x000001356d009490 DEOPT PACKING pc=0x000001355ce0a844 sp=0x00000012889ff140
Event: 143.466 Thread 0x000001356d009490 DEOPT UNPACKING pc=0x000001355c593aa2 sp=0x00000012889ff0c0 mode 2
Event: 143.502 Thread 0x000001356d009490 Uncommon trap: trap_request=0xffffff45 fr.pc=0x000001355cf98628 relative=0x0000000000000f08
Event: 143.502 Thread 0x000001356d009490 Uncommon trap: reason=unstable_if action=reinterpret pc=0x000001355cf98628 method=org.eclipse.jdt.internal.core.search.matching.ConstructorPattern.createDeclarationIndexKey([CI[C[[C[[CI[CII)[C @ 126 c2
Event: 143.502 Thread 0x000001356d009490 DEOPT PACKING pc=0x000001355cf98628 sp=0x00000012889fecd0
Event: 143.502 Thread 0x000001356d009490 DEOPT UNPACKING pc=0x000001355c593aa2 sp=0x00000012889fec60 mode 2
Event: 143.505 Thread 0x000001356d009490 Uncommon trap: trap_request=0xffffff45 fr.pc=0x000001355ced86c4 relative=0x0000000000001244
Event: 143.505 Thread 0x000001356d009490 Uncommon trap: reason=unstable_if action=reinterpret pc=0x000001355ced86c4 method=org.eclipse.jdt.internal.core.search.matching.MethodDeclarationPattern.createDeclarationIndexKey([C[C[CI[C[[C[[C[CI[CII)[C @ 86 c2
Event: 143.506 Thread 0x000001356d009490 DEOPT PACKING pc=0x000001355ced86c4 sp=0x00000012889feca0
Event: 143.506 Thread 0x000001356d009490 DEOPT UNPACKING pc=0x000001355c593aa2 sp=0x00000012889fec58 mode 2
Event: 143.545 Thread 0x000001356d009490 DEOPT PACKING pc=0x0000013555d2dfdd sp=0x00000012889fec50
Event: 143.545 Thread 0x000001356d009490 DEOPT UNPACKING pc=0x000001355c594242 sp=0x00000012889fe0d8 mode 0
Event: 143.554 Thread 0x000001356d009490 Uncommon trap: trap_request=0xffffff45 fr.pc=0x000001355d08b5f0 relative=0x00000000000019d0
Event: 143.554 Thread 0x000001356d009490 Uncommon trap: reason=unstable_if action=reinterpret pc=0x000001355d08b5f0 method=org.eclipse.jdt.internal.compiler.parser.Scanner.internalScanIdentifierOrKeyword(II[C)I @ 3977 c2
Event: 143.554 Thread 0x000001356d009490 DEOPT PACKING pc=0x000001355d08b5f0 sp=0x00000012889fefe0
Event: 143.554 Thread 0x000001356d009490 DEOPT UNPACKING pc=0x000001355c593aa2 sp=0x00000012889fef78 mode 2
Event: 143.616 Thread 0x000001356d009490 Uncommon trap: trap_request=0xffffff45 fr.pc=0x000001355cd269b4 relative=0x0000000000000fd4
Event: 143.616 Thread 0x000001356d009490 Uncommon trap: reason=unstable_if action=reinterpret pc=0x000001355cd269b4 method=org.eclipse.jdt.internal.core.index.DiskIndex.writeDocumentNumbers([ILjava/io/FileOutputStream;)V @ 20 c2
Event: 143.616 Thread 0x000001356d009490 DEOPT PACKING pc=0x000001355cd269b4 sp=0x00000012889fedc0
Event: 143.616 Thread 0x000001356d009490 DEOPT UNPACKING pc=0x000001355c593aa2 sp=0x00000012889fed88 mode 2

Classes loaded (20 events):
Event: 110.787 Loading class java/util/stream/IntPipeline$StatelessOp done
Event: 110.787 Loading class java/util/stream/ReferencePipeline$4 done
Event: 110.813 Loading class java/util/stream/Nodes$IntFixedNodeBuilder
Event: 110.828 Loading class java/util/stream/Node$Builder$OfInt
Event: 110.839 Loading class java/util/stream/Sink$OfInt
Event: 110.856 Loading class java/util/stream/Sink$OfInt done
Event: 110.857 Loading class java/util/stream/Node$Builder$OfInt done
Event: 110.858 Loading class java/util/stream/Nodes$IntArrayNode
Event: 110.862 Loading class java/util/stream/Nodes$IntArrayNode done
Event: 110.862 Loading class java/util/stream/Nodes$IntFixedNodeBuilder done
Event: 110.863 Loading class java/util/stream/ReferencePipeline$4$1
Event: 110.891 Loading class java/util/stream/ReferencePipeline$4$1 done
Event: 135.604 Loading class java/util/Hashtable$ValueCollection
Event: 135.638 Loading class java/util/Hashtable$ValueCollection done
Event: 136.053 Loading class java/util/concurrent/ConcurrentHashMap$KeySpliterator
Event: 136.079 Loading class java/util/concurrent/ConcurrentHashMap$KeySpliterator done
Event: 137.863 Loading class sun/nio/ch/ChannelOutputStream
Event: 137.896 Loading class sun/nio/ch/ChannelOutputStream done
Event: 142.268 Loading class sun/nio/fs/WindowsFileCopy
Event: 142.430 Loading class sun/nio/fs/WindowsFileCopy done

Classes unloaded (7 events):
Event: 68.563 Thread 0x0000013550232b20 Unloading class 0x000001350119ec00 'java/lang/invoke/LambdaForm$MH+0x000001350119ec00'
Event: 68.563 Thread 0x0000013550232b20 Unloading class 0x000001350119e800 'java/lang/invoke/LambdaForm$MH+0x000001350119e800'
Event: 68.563 Thread 0x0000013550232b20 Unloading class 0x000001350119e400 'java/lang/invoke/LambdaForm$MH+0x000001350119e400'
Event: 68.563 Thread 0x0000013550232b20 Unloading class 0x000001350119e000 'java/lang/invoke/LambdaForm$MH+0x000001350119e000'
Event: 68.563 Thread 0x0000013550232b20 Unloading class 0x000001350119dc00 'java/lang/invoke/LambdaForm$BMH+0x000001350119dc00'
Event: 68.563 Thread 0x0000013550232b20 Unloading class 0x000001350119d800 'java/lang/invoke/LambdaForm$DMH+0x000001350119d800'
Event: 68.563 Thread 0x0000013550232b20 Unloading class 0x000001350119c400 'java/lang/invoke/LambdaForm$DMH+0x000001350119c400'

Classes redefined (0 events):
No events

Internal exceptions (20 events):
Event: 87.479 Thread 0x000001356deb79f0 Exception <a 'sun/nio/fs/WindowsException'{0x00000000eae1e9e8}> (0x00000000eae1e9e8) 
thrown [s\src\hotspot\share\prims\jni.cpp, line 520]
Event: 87.505 Thread 0x000001356df37870 Exception <a 'sun/nio/fs/WindowsException'{0x00000000eaeb0900}> (0x00000000eaeb0900) 
thrown [s\src\hotspot\share\prims\jni.cpp, line 520]
Event: 87.517 Thread 0x000001356deb8080 Exception <a 'sun/nio/fs/WindowsException'{0x00000000eae8b4b8}> (0x00000000eae8b4b8) 
thrown [s\src\hotspot\share\prims\jni.cpp, line 520]
Event: 87.517 Thread 0x000001356df35e30 Exception <a 'sun/nio/fs/WindowsException'{0x00000000eaec32b8}> (0x00000000eaec32b8) 
thrown [s\src\hotspot\share\prims\jni.cpp, line 520]
Event: 87.522 Thread 0x000001356deb6cd0 Exception <a 'sun/nio/fs/WindowsException'{0x00000000eae313f0}> (0x00000000eae313f0) 
thrown [s\src\hotspot\share\prims\jni.cpp, line 520]
Event: 87.633 Thread 0x000001356df38c20 Exception <a 'sun/nio/fs/WindowsException'{0x00000000eb12a210}> (0x00000000eb12a210) 
thrown [s\src\hotspot\share\prims\jni.cpp, line 520]
Event: 87.680 Thread 0x000001356df35e30 Exception <a 'sun/nio/fs/WindowsException'{0x00000000eab4ad80}> (0x00000000eab4ad80) 
thrown [s\src\hotspot\share\prims\jni.cpp, line 520]
Event: 88.924 Thread 0x000001356d009490 Implicit null exception at 0x000001355cf272a8 to 0x000001355cf2bfec
Event: 106.178 Thread 0x000001356deb8710 Exception <a 'java/lang/NoSuchMethodError'{0x00000000eab46da0}: 'int java.lang.invoke.DirectMethodHandle$Holder.invokeSpecialIFC(java.lang.Object, java.lang.Object, java.lang.Object)'> (0x00000000eab46da0) 
thrown [s\src\hotspot\share\interpreter\linkResolver.cpp, line 773]
Event: 118.361 Thread 0x000001356df3acf0 Implicit null exception at 0x000001355d03a94f to 0x000001355d03aec4
Event: 136.634 Thread 0x000001356deb8710 Exception <a 'java/lang/NoSuchMethodError'{0x00000000ead84d48}: 'java.lang.Object java.lang.invoke.DirectMethodHandle$Holder.newInvokeSpecial(java.lang.Object, java.lang.Object, int, int, java.lang.Object)'> (0x00000000ead84d48) 
thrown [s\src\hotspot\share\interpreter\linkResolver.cpp, line 773]
Event: 139.123 Thread 0x000001356df3acf0 Exception <a 'java/lang/NoSuchMethodError'{0x00000000ead2b310}: 'void java.lang.invoke.DirectMethodHandle$Holder.invokeStatic(java.lang.Object, int, java.lang.Object)'> (0x00000000ead2b310) 
thrown [s\src\hotspot\share\interpreter\linkResolver.cpp, line 773]
Event: 141.595 Thread 0x000001356df3acf0 Exception <a 'java/lang/NoSuchMethodError'{0x00000000eac09810}: 'java.lang.Object java.lang.invoke.DirectMethodHandle$Holder.newInvokeSpecial(java.lang.Object, java.lang.Object, java.lang.Object, java.lang.Object, int)'> (0x00000000eac09810) 
thrown [s\src\hotspot\share\interpreter\linkResolver.cpp, line 773]
Event: 141.608 Thread 0x000001356df3acf0 Exception <a 'java/lang/NoSuchMethodError'{0x00000000eac0dba8}: 'java.lang.Object java.lang.invoke.DirectMethodHandle$Holder.invokeSpecial(java.lang.Object, java.lang.Object, java.lang.Object, java.lang.Object, java.lang.Object, int)'> (0x00000000eac0dba8) 
thrown [s\src\hotspot\share\interpreter\linkResolver.cpp, line 773]
Event: 141.615 Thread 0x000001356df3acf0 Exception <a 'java/lang/NoSuchMethodError'{0x00000000eac11b20}: 'java.lang.Object java.lang.invoke.Invokers$Holder.linkToTargetMethod(java.lang.Object, java.lang.Object, java.lang.Object, int, java.lang.Object)'> (0x00000000eac11b20) 
thrown [s\src\hotspot\share\interpreter\linkResolver.cpp, line 773]
Event: 142.446 Thread 0x000001356d009490 Exception <a 'sun/nio/fs/WindowsException'{0x00000000ead09f38}> (0x00000000ead09f38) 
thrown [s\src\hotspot\share\prims\jni.cpp, line 520]
Event: 142.597 Thread 0x000001356deb8710 Exception <a 'sun/nio/fs/WindowsException'{0x00000000ead395b0}> (0x00000000ead395b0) 
thrown [s\src\hotspot\share\prims\jni.cpp, line 520]
Event: 142.617 Thread 0x000001356deb6640 Exception <a 'sun/nio/fs/WindowsException'{0x00000000ead3c5c0}> (0x00000000ead3c5c0) 
thrown [s\src\hotspot\share\prims\jni.cpp, line 520]
Event: 143.315 Thread 0x000001356d009490 Exception <a 'sun/nio/fs/WindowsException'{0x00000000ead4a478}> (0x00000000ead4a478) 
thrown [s\src\hotspot\share\prims\jni.cpp, line 520]
Event: 143.357 Thread 0x000001356d009490 Exception <a 'sun/nio/fs/WindowsException'{0x00000000ead54208}> (0x00000000ead54208) 
thrown [s\src\hotspot\share\prims\jni.cpp, line 520]

ZGC Phase Switch (0 events):
No events

VM Operations (20 events):
Event: 140.870 Executing VM operation: HandshakeAllThreads (Deoptimize)
Event: 140.871 Executing VM operation: HandshakeAllThreads (Deoptimize) done
Event: 140.907 Executing VM operation: ParallelGCFailedAllocation (Allocation Failure)
Event: 140.920 Executing VM operation: ParallelGCFailedAllocation (Allocation Failure) done
Event: 141.462 Executing VM operation: HandshakeAllThreads (Deoptimize)
Event: 141.462 Executing VM operation: HandshakeAllThreads (Deoptimize) done
Event: 142.468 Executing VM operation: Cleanup
Event: 142.469 Executing VM operation: Cleanup done
Event: 143.265 Executing VM operation: HandshakeAllThreads (Deoptimize)
Event: 143.266 Executing VM operation: HandshakeAllThreads (Deoptimize) done
Event: 143.274 Executing VM operation: HandshakeAllThreads (Deoptimize)
Event: 143.275 Executing VM operation: HandshakeAllThreads (Deoptimize) done
Event: 143.360 Executing VM operation: ParallelGCFailedAllocation (Allocation Failure)
Event: 143.449 Executing VM operation: ParallelGCFailedAllocation (Allocation Failure) done
Event: 143.558 Executing VM operation: ParallelGCFailedAllocation (Allocation Failure)
Event: 143.577 Executing VM operation: ParallelGCFailedAllocation (Allocation Failure) done
Event: 143.701 Executing VM operation: ParallelGCFailedAllocation (Allocation Failure)
Event: 143.704 Executing VM operation: ParallelGCFailedAllocation (Allocation Failure) done
Event: 143.764 Executing VM operation: ParallelGCFailedAllocation (Allocation Failure)
Event: 143.812 Executing VM operation: ParallelGCFailedAllocation (Allocation Failure) done

Memory protections (0 events):
No events

Nmethod flushes (20 events):
Event: 127.633 Thread 0x0000013550232b20 flushing  nmethod 0x0000013555a0a790
Event: 127.633 Thread 0x0000013550232b20 flushing  nmethod 0x0000013555a13090
Event: 127.634 Thread 0x0000013550232b20 flushing  nmethod 0x0000013555a16c90
Event: 127.634 Thread 0x0000013550232b20 flushing  nmethod 0x0000013555a26a10
Event: 127.634 Thread 0x0000013550232b20 flushing  nmethod 0x0000013555a27a90
Event: 127.634 Thread 0x0000013550232b20 flushing  nmethod 0x0000013555a2c910
Event: 127.634 Thread 0x0000013550232b20 flushing  nmethod 0x0000013555a2d590
Event: 127.634 Thread 0x0000013550232b20 flushing  nmethod 0x0000013555a32910
Event: 127.634 Thread 0x0000013550232b20 flushing  nmethod 0x0000013555a47710
Event: 127.635 Thread 0x0000013550232b20 flushing  nmethod 0x0000013555a4da10
Event: 127.635 Thread 0x0000013550232b20 flushing  nmethod 0x0000013555a5bf90
Event: 127.635 Thread 0x0000013550232b20 flushing  nmethod 0x0000013555a64910
Event: 127.635 Thread 0x0000013550232b20 flushing  nmethod 0x0000013555a73c10
Event: 127.637 Thread 0x0000013550232b20 flushing  nmethod 0x0000013555a77410
Event: 127.637 Thread 0x0000013550232b20 flushing  nmethod 0x0000013555a97890
Event: 127.638 Thread 0x0000013550232b20 flushing  nmethod 0x0000013555aba310
Event: 127.638 Thread 0x0000013550232b20 flushing  nmethod 0x0000013555abbb90
Event: 127.638 Thread 0x0000013550232b20 flushing  nmethod 0x0000013555abcb10
Event: 127.638 Thread 0x0000013550232b20 flushing  nmethod 0x0000013555abd110
Event: 127.638 Thread 0x0000013550232b20 flushing  nmethod 0x0000013555ac9910

Events (20 events):
Event: 87.433 Thread 0x000001356deb79f0 Thread added: 0x000001356deb6cd0
Event: 87.479 Thread 0x000001356deb6cd0 Thread added: 0x000001356deb8080
Event: 87.480 Thread 0x000001356deb8080 Thread added: 0x000001356df38590
Event: 87.480 Thread 0x000001356deb79f0 Thread added: 0x000001356df37870
Event: 87.480 Thread 0x000001356df37870 Thread added: 0x000001356df35e30
Event: 87.480 Thread 0x000001356df35e30 Thread added: 0x000001356df38c20
Event: 87.945 Thread 0x000001356deb8710 Thread added: 0x000001356df371e0
Event: 87.945 Thread 0x000001356deb8710 Thread added: 0x000001356df39940
Event: 87.945 Thread 0x000001356deb8710 Thread added: 0x000001356df364c0
Event: 87.945 Thread 0x000001356deb8710 Thread added: 0x000001356df37f00
Event: 87.945 Thread 0x000001356deb8710 Thread added: 0x000001356df36b50
Event: 87.945 Thread 0x000001356deb8710 Thread added: 0x000001356df3cdc0
Event: 109.625 Thread 0x000001356deb8710 Thread added: 0x000001356df3acf0
Event: 136.766 Thread 0x000001356deb8710 Thread added: 0x000001356df3a660
Event: 139.077 Thread 0x000001356deb8710 Thread added: 0x000001356df3b380
Event: 139.174 Thread 0x000001356deb8710 Thread added: 0x000001356df3ba10
Event: 139.178 Thread 0x000001356deb8710 Thread added: 0x000001356df3c0a0
Event: 139.179 Thread 0x000001356deb8710 Thread added: 0x000001356df3c730
Event: 139.179 Thread 0x000001356deb8710 Thread added: 0x000001356df485c0
Event: 142.263 Thread 0x000001356d009b20 Thread exited: 0x000001356d009b20


Dynamic libraries:
0x00007ff7df1f0000 - 0x00007ff7df1fe000 	c:\Users\herik\.vscode\extensions\redhat.java-1.39.0-win32-x64\jre\21.0.5-win32-x86_64\bin\java.exe
0x00007ffcc6b20000 - 0x00007ffcc6d88000 	C:\WINDOWS\SYSTEM32\ntdll.dll
0x00007ffcc6860000 - 0x00007ffcc6929000 	C:\WINDOWS\System32\KERNEL32.DLL
0x00007ffcc44f0000 - 0x00007ffcc48e2000 	C:\WINDOWS\System32\KERNELBASE.dll
0x00007ffcc4300000 - 0x00007ffcc444b000 	C:\WINDOWS\System32\ucrtbase.dll
0x00007ffca09e0000 - 0x00007ffca09f8000 	c:\Users\herik\.vscode\extensions\redhat.java-1.39.0-win32-x64\jre\21.0.5-win32-x86_64\bin\jli.dll
0x00007ffcc5490000 - 0x00007ffcc5655000 	C:\WINDOWS\System32\USER32.dll
0x00007ffcc4240000 - 0x00007ffcc4267000 	C:\WINDOWS\System32\win32u.dll
0x00007ffcc6730000 - 0x00007ffcc675b000 	C:\WINDOWS\System32\GDI32.dll
0x00007ffcc3ed0000 - 0x00007ffcc3ffd000 	C:\WINDOWS\System32\gdi32full.dll
0x00007ffcc3cb0000 - 0x00007ffcc3d53000 	C:\WINDOWS\System32\msvcp_win.dll
0x00007ffc93510000 - 0x00007ffc9352e000 	c:\Users\herik\.vscode\extensions\redhat.java-1.39.0-win32-x64\jre\21.0.5-win32-x86_64\bin\VCRUNTIME140.dll
0x00007ffca8140000 - 0x00007ffca83d3000 	C:\WINDOWS\WinSxS\amd64_microsoft.windows.common-controls_6595b64144ccf1df_6.0.26100.6725_none_3e085828e334708b\COMCTL32.dll
0x00007ffcc56d0000 - 0x00007ffcc5779000 	C:\WINDOWS\System32\msvcrt.dll
0x00007ffcc5660000 - 0x00007ffcc568f000 	C:\WINDOWS\System32\IMM32.DLL
0x00007ffcaa350000 - 0x00007ffcaa35c000 	c:\Users\herik\.vscode\extensions\redhat.java-1.39.0-win32-x64\jre\21.0.5-win32-x86_64\bin\vcruntime140_1.dll
0x00007ffc656c0000 - 0x00007ffc6574d000 	c:\Users\herik\.vscode\extensions\redhat.java-1.39.0-win32-x64\jre\21.0.5-win32-x86_64\bin\msvcp140.dll
0x00007ffc0fb10000 - 0x00007ffc1089f000 	c:\Users\herik\.vscode\extensions\redhat.java-1.39.0-win32-x64\jre\21.0.5-win32-x86_64\bin\server\jvm.dll
0x00007ffcc5270000 - 0x00007ffcc5324000 	C:\WINDOWS\System32\ADVAPI32.dll
0x00007ffcc5a20000 - 0x00007ffcc5ac6000 	C:\WINDOWS\System32\sechost.dll
0x00007ffcc5880000 - 0x00007ffcc5998000 	C:\WINDOWS\System32\RPCRT4.dll
0x00007ffcc59a0000 - 0x00007ffcc5a14000 	C:\WINDOWS\System32\WS2_32.dll
0x00007ffcc3b10000 - 0x00007ffcc3b6e000 	C:\WINDOWS\SYSTEM32\POWRPROF.dll
0x00007ffcaaca0000 - 0x00007ffcaacd5000 	C:\WINDOWS\SYSTEM32\WINMM.dll
0x00007ffca80c0000 - 0x00007ffca80cb000 	C:\WINDOWS\SYSTEM32\VERSION.dll
0x00007ffcc3af0000 - 0x00007ffcc3b04000 	C:\WINDOWS\SYSTEM32\UMPDC.dll
0x00007ffcc2a80000 - 0x00007ffcc2a9b000 	C:\WINDOWS\SYSTEM32\kernel.appcore.dll
0x00007ffcaa2c0000 - 0x00007ffcaa2ca000 	c:\Users\herik\.vscode\extensions\redhat.java-1.39.0-win32-x64\jre\21.0.5-win32-x86_64\bin\jimage.dll
0x00007ffcc13d0000 - 0x00007ffcc1612000 	C:\WINDOWS\SYSTEM32\DBGHELP.DLL
0x00007ffcc5dc0000 - 0x00007ffcc613b000 	C:\WINDOWS\System32\combase.dll
0x00007ffcc5ae0000 - 0x00007ffcc5bb7000 	C:\WINDOWS\System32\OLEAUT32.dll
0x00007ffca2130000 - 0x00007ffca216c000 	C:\WINDOWS\SYSTEM32\dbgcore.DLL
0x00007ffcc4450000 - 0x00007ffcc44e8000 	C:\WINDOWS\System32\bcryptPrimitives.dll
0x00007ffcaa170000 - 0x00007ffcaa17f000 	c:\Users\herik\.vscode\extensions\redhat.java-1.39.0-win32-x64\jre\21.0.5-win32-x86_64\bin\instrument.dll
0x00007ffc87ba0000 - 0x00007ffc87bbf000 	c:\Users\herik\.vscode\extensions\redhat.java-1.39.0-win32-x64\jre\21.0.5-win32-x86_64\bin\java.dll
0x00007ffcc4ad0000 - 0x00007ffcc521c000 	C:\WINDOWS\System32\SHELL32.dll
0x00007ffcc3d60000 - 0x00007ffcc3ecb000 	C:\WINDOWS\System32\wintypes.dll
0x00007ffcc18d0000 - 0x00007ffcc212d000 	C:\WINDOWS\SYSTEM32\windows.storage.dll
0x00007ffcc61a0000 - 0x00007ffcc6292000 	C:\WINDOWS\System32\SHCORE.dll
0x00007ffcc5810000 - 0x00007ffcc5872000 	C:\WINDOWS\System32\shlwapi.dll
0x00007ffcc3bd0000 - 0x00007ffcc3bf9000 	C:\WINDOWS\SYSTEM32\profapi.dll
0x00007ffc86140000 - 0x00007ffc86158000 	c:\Users\herik\.vscode\extensions\redhat.java-1.39.0-win32-x64\jre\21.0.5-win32-x86_64\bin\zip.dll
0x00007ffcaa0a0000 - 0x00007ffcaa0b0000 	C:\Users\herik\.vscode\extensions\redhat.java-1.39.0-win32-x64\jre\21.0.5-win32-x86_64\bin\net.dll
0x00007ffcb4360000 - 0x00007ffcb447f000 	C:\WINDOWS\SYSTEM32\WINHTTP.dll
0x00007ffcc2ff0000 - 0x00007ffcc305b000 	C:\WINDOWS\system32\mswsock.dll
0x00007ffc85440000 - 0x00007ffc85456000 	C:\Users\herik\.vscode\extensions\redhat.java-1.39.0-win32-x64\jre\21.0.5-win32-x86_64\bin\nio.dll
0x00007ffca9e30000 - 0x00007ffca9e40000 	c:\Users\herik\.vscode\extensions\redhat.java-1.39.0-win32-x64\jre\21.0.5-win32-x86_64\bin\verify.dll
0x00007ffc5a780000 - 0x00007ffc5a7c5000 	C:\Users\herik\AppData\Roaming\Code\User\globalStorage\redhat.java\1.39.0\config_win\org.eclipse.equinox.launcher\org.eclipse.equinox.launcher.win32.win32.x86_64_1.2.1100.v20240722-2106\eclipse_11904.dll
0x00007ffcc6930000 - 0x00007ffcc6ac8000 	C:\WINDOWS\System32\ole32.dll
0x00007ffcc32a0000 - 0x00007ffcc32bb000 	C:\WINDOWS\SYSTEM32\CRYPTSP.dll
0x00007ffcc29e0000 - 0x00007ffcc2a1b000 	C:\WINDOWS\system32\rsaenh.dll
0x00007ffcc3090000 - 0x00007ffcc30bb000 	C:\WINDOWS\SYSTEM32\USERENV.dll
0x00007ffcc3ba0000 - 0x00007ffcc3bc6000 	C:\WINDOWS\SYSTEM32\bcrypt.dll
0x00007ffcc32c0000 - 0x00007ffcc32cc000 	C:\WINDOWS\SYSTEM32\CRYPTBASE.dll
0x00007ffcc24b0000 - 0x00007ffcc24e4000 	C:\WINDOWS\SYSTEM32\IPHLPAPI.DLL
0x00007ffcc5bc0000 - 0x00007ffcc5bca000 	C:\WINDOWS\System32\NSI.dll
0x00007ffca8740000 - 0x00007ffca8789000 	C:\Users\herik\AppData\Local\Temp\jna-99167991\jna9341910861574937564.dll
0x00007ffcc5bd0000 - 0x00007ffcc5bd8000 	C:\WINDOWS\System32\PSAPI.DLL
0x00007ffcb9020000 - 0x00007ffcb903e000 	C:\WINDOWS\SYSTEM32\dhcpcsvc6.DLL
0x00007ffcb4490000 - 0x00007ffcb44b3000 	C:\WINDOWS\SYSTEM32\dhcpcsvc.DLL

dbghelp: loaded successfully - version: 4.0.5 - missing functions: none
symbol engine: initialized successfully - sym options: 0x614 - pdb path: .;c:\Users\herik\.vscode\extensions\redhat.java-1.39.0-win32-x64\jre\21.0.5-win32-x86_64\bin;C:\WINDOWS\SYSTEM32;C:\WINDOWS\WinSxS\amd64_microsoft.windows.common-controls_6595b64144ccf1df_6.0.26100.6725_none_3e085828e334708b;c:\Users\herik\.vscode\extensions\redhat.java-1.39.0-win32-x64\jre\21.0.5-win32-x86_64\bin\server;C:\Users\herik\AppData\Roaming\Code\User\globalStorage\redhat.java\1.39.0\config_win\org.eclipse.equinox.launcher\org.eclipse.equinox.launcher.win32.win32.x86_64_1.2.1100.v20240722-2106;C:\Users\herik\AppData\Local\Temp\jna-99167991

VM Arguments:
jvm_args: --add-modules=ALL-SYSTEM --add-opens=java.base/java.util=ALL-UNNAMED --add-opens=java.base/java.lang=ALL-UNNAMED --add-opens=java.base/sun.nio.fs=ALL-UNNAMED -Declipse.application=org.eclipse.jdt.ls.core.id1 -Dosgi.bundles.defaultStartLevel=4 -Declipse.product=org.eclipse.jdt.ls.core.product -Djava.import.generatesMetadataFilesAtProjectRoot=false -DDetectVMInstallationsJob.disabled=true -Dfile.encoding=utf8 -XX:+UseParallelGC -XX:GCTimeRatio=4 -XX:AdaptiveSizePolicyWeight=90 -Dsun.zip.disableMemoryMapping=true -Xmx1G -Xms100m -Xlog:disable -javaagent:c:\Users\herik\.vscode\extensions\redhat.java-1.39.0-win32-x64\lombok\lombok-1.18.34.jar -XX:+HeapDumpOnOutOfMemoryError -XX:HeapDumpPath=c:\Users\herik\AppData\Roaming\Code\User\workspaceStorage\fe357c4e1896176b19ada03263e8c2cb\redhat.java -Daether.dependencyCollector.impl=bf 
java_command: c:\Users\herik\.vscode\extensions\redhat.java-1.39.0-win32-x64\server\plugins\org.eclipse.equinox.launcher_1.6.900.v20240613-2009.jar -configuration c:\Users\herik\AppData\Roaming\Code\User\globalStorage\redhat.java\1.39.0\config_win -data c:\Users\herik\AppData\Roaming\Code\User\workspaceStorage\fe357c4e1896176b19ada03263e8c2cb\redhat.java\jdt_ws --pipe=\\.\pipe\lsp-f09acfb1c5d2de2b356a5e3371c365bb-sock
java_class_path (initial): c:\Users\herik\.vscode\extensions\redhat.java-1.39.0-win32-x64\server\plugins\org.eclipse.equinox.launcher_1.6.900.v20240613-2009.jar
Launcher Type: SUN_STANDARD

[Global flags]
    uintx AdaptiveSizePolicyWeight                 = 90                                        {product} {command line}
     intx CICompilerCount                          = 4                                         {product} {ergonomic}
    uintx GCTimeRatio                              = 4                                         {product} {command line}
     bool HeapDumpOnOutOfMemoryError               = true                                   {manageable} {command line}
    ccstr HeapDumpPath                             = c:\Users\herik\AppData\Roaming\Code\User\workspaceStorage\fe357c4e1896176b19ada03263e8c2cb\redhat.java         {manageable} {command line}
   size_t InitialHeapSize                          = 104857600                                 {product} {command line}
   size_t MaxHeapSize                              = 1073741824                                {product} {command line}
   size_t MaxNewSize                               = 357564416                                 {product} {ergonomic}
   size_t MinHeapDeltaBytes                        = 524288                                    {product} {ergonomic}
   size_t MinHeapSize                              = 104857600                                 {product} {command line}
   size_t NewSize                                  = 34603008                                  {product} {ergonomic}
    uintx NonNMethodCodeHeapSize                   = 5839372                                {pd product} {ergonomic}
    uintx NonProfiledCodeHeapSize                  = 122909434                              {pd product} {ergonomic}
   size_t OldSize                                  = 70254592                                  {product} {ergonomic}
    uintx ProfiledCodeHeapSize                     = 122909434                              {pd product} {ergonomic}
    uintx ReservedCodeCacheSize                    = 251658240                              {pd product} {ergonomic}
     bool SegmentedCodeCache                       = true                                      {product} {ergonomic}
   size_t SoftMaxHeapSize                          = 1073741824                             {manageable} {ergonomic}
     bool UseCompressedOops                        = true                           {product lp64_product} {ergonomic}
     bool UseLargePagesIndividualAllocation        = false                                  {pd product} {ergonomic}
     bool UseParallelGC                            = true                                      {product} {command line}

Logging:
Log output configuration:
 #0: stdout all=off uptime,level,tags foldmultilines=false
 #1: stderr all=off uptime,level,tags foldmultilines=false

Environment Variables:
PATH=C:\Program Files\Common Files\Oracle\Java\javapath;C:\WINDOWS\system32;C:\WINDOWS;C:\WINDOWS\System32\Wbem;C:\WINDOWS\System32\WindowsPowerShell\v1.0\;C:\WINDOWS\System32\OpenSSH\;C:\Program Files\nodejs\;C:\xampp\htdocs;C:\Program Files\Git\cmd;C:\Program Files\Docker\Docker\resources\bin;C:\apache-maven-3.9.11\bin;C:\MongoDB\mongosh-2.5.8-win32-x64\bin;C:\Users\herik\AppData\Local\Programs\Python\Python313\Scripts\;C:\Users\herik\AppData\Local\Programs\Python\Python313\;C:\Users\herik\AppData\Local\Microsoft\WindowsApps;C:\Users\herik\AppData\Local\Programs\Microsoft VS Code\bin;C:\Users\herik\AppData\Roaming\npm;C:\Extrairphp;
USERNAME=herik
OS=Windows_NT
PROCESSOR_IDENTIFIER=Intel64 Family 6 Model 154 Stepping 4, GenuineIntel
TMP=C:\Users\herik\AppData\Local\Temp
TEMP=C:\Users\herik\AppData\Local\Temp




Periodic native trim disabled

---------------  S Y S T E M  ---------------

OS:
 Windows 11 , 64 bit Build 26100 (10.0.26100.6725)
OS uptime: 0 days 1:47 hours
Hyper-V role detected

CPU: total 8 (initial active 8) (4 cores per cpu, 2 threads per core) family 6 model 154 stepping 4 microcode 0x423, cx8, cmov, fxsr, ht, mmx, 3dnowpref, sse, sse2, sse3, ssse3, sse4.1, sse4.2, popcnt, lzcnt, tsc, tscinvbit, avx, avx2, aes, erms, clmul, bmi1, bmi2, adx, sha, fma, vzeroupper, clflush, clflushopt, clwb, hv, serialize, rdtscp, rdpid, fsrm, f16c, cet_ibt, cet_ss
Processor Information for processor 0
  Max Mhz: 1200, Current Mhz: 1200, Mhz Limit: 1200
Processor Information for processor 1
  Max Mhz: 1200, Current Mhz: 1200, Mhz Limit: 1200
Processor Information for processor 2
  Max Mhz: 1200, Current Mhz: 1200, Mhz Limit: 1200
Processor Information for processor 3
  Max Mhz: 1200, Current Mhz: 1200, Mhz Limit: 1200
Processor Information for processor 4
  Max Mhz: 1200, Current Mhz: 900, Mhz Limit: 900
Processor Information for processor 5
  Max Mhz: 1200, Current Mhz: 900, Mhz Limit: 900
Processor Information for processor 6
  Max Mhz: 1200, Current Mhz: 900, Mhz Limit: 900
Processor Information for processor 7
  Max Mhz: 1200, Current Mhz: 900, Mhz Limit: 900

Memory: 4k page, system-wide physical 3797M (5M free)
TotalPageFile size 15573M (AvailPageFile size 36M)
current process WorkingSet (physical memory assigned to process): 32M, peak: 254M
current process commit charge ("private bytes"): 571M, peak: 904M

vm_info: OpenJDK 64-Bit Server VM (21.0.5+11-LTS) for windows-amd64 JRE (21.0.5+11-LTS), built on 2024-10-15T00:00:00Z by "admin" with MS VC++ 17.7 (VS2022)

END.
